{
  "stats": {
    "suites": 12,
    "tests": 41,
    "passes": 29,
    "pending": 0,
    "failures": 12,
    "start": "2023-05-16T00:55:24.178Z",
    "end": "2023-05-16T00:56:51.049Z",
    "duration": 86871,
    "testsRegistered": 41,
    "passPercent": 70.73170731707317,
    "pendingPercent": 0,
    "other": 0,
    "hasOther": false,
    "skipped": 0,
    "hasSkipped": false
  },
  "results": [
    {
      "uuid": "c9a888f9-cd86-457f-99aa-2ebd92d1f62b",
      "title": "",
      "fullFile": "cypress/integration/project.spec.js",
      "file": "cypress/integration/project.spec.js",
      "beforeHooks": [],
      "afterHooks": [],
      "tests": [],
      "suites": [
        {
          "uuid": "fbd48e1f-471b-4d3a-ae4b-e5e69957ad96",
          "title": "1 - Adicione à página o título \"Paleta de Cores\".",
          "fullFile": "",
          "file": "",
          "beforeHooks": [],
          "afterHooks": [],
          "tests": [
            {
              "title": "Verifica se contém um elemento `h1` com o id `title` com o título correto",
              "fullTitle": "1 - Adicione à página o título \"Paleta de Cores\". Verifica se contém um elemento `h1` com o id `title` com o título correto",
              "timedOut": null,
              "duration": 330,
              "state": "passed",
              "speed": "slow",
              "pass": true,
              "fail": false,
              "pending": false,
              "context": null,
              "code": "cy.get('h1#title').should('contain.text', 'Paleta de Cores');",
              "err": {},
              "uuid": "c475422c-9a28-4118-b634-902dce342031",
              "parentUUID": "fbd48e1f-471b-4d3a-ae4b-e5e69957ad96",
              "isHook": false,
              "skipped": false
            }
          ],
          "suites": [],
          "passes": [
            "c475422c-9a28-4118-b634-902dce342031"
          ],
          "failures": [],
          "pending": [],
          "skipped": [],
          "duration": 330,
          "root": false,
          "rootEmpty": false,
          "_timeout": 2000
        },
        {
          "uuid": "974268fc-b27e-4658-8a90-da4a447599c1",
          "title": "2 - Adicione à página uma paleta de quatro cores distintas.",
          "fullFile": "",
          "file": "",
          "beforeHooks": [],
          "afterHooks": [],
          "tests": [
            {
              "title": "A paleta de cores deve ser um elemento com `id` denominado `color-palette`",
              "fullTitle": "2 - Adicione à página uma paleta de quatro cores distintas. A paleta de cores deve ser um elemento com `id` denominado `color-palette`",
              "timedOut": null,
              "duration": 211,
              "state": "passed",
              "speed": "slow",
              "pass": true,
              "fail": false,
              "pending": false,
              "context": null,
              "code": "cy.get('#color-palette').should('be.visible');\ncy.get('#color-palette').children('.color');",
              "err": {},
              "uuid": "c1bd92a5-577a-49fd-836f-50759d2af89f",
              "parentUUID": "974268fc-b27e-4658-8a90-da4a447599c1",
              "isHook": false,
              "skipped": false
            },
            {
              "title": "Verifica se cada cor individual da paleta de cores possui a `classe` chamada `color`.",
              "fullTitle": "2 - Adicione à página uma paleta de quatro cores distintas. Verifica se cada cor individual da paleta de cores possui a `classe` chamada `color`.",
              "timedOut": null,
              "duration": 217,
              "state": "passed",
              "speed": "slow",
              "pass": true,
              "fail": false,
              "pending": false,
              "context": null,
              "code": "cy.get('.color').should('have.length', 4).then(function (colors) {\n  for (var i = 0; i < colors.length; i++) {\n    cy.wrap(colors[i]).should('be.visible');\n  }\n});",
              "err": {},
              "uuid": "3c97c1dd-7b96-4a2a-8d01-c829ecc94966",
              "parentUUID": "974268fc-b27e-4658-8a90-da4a447599c1",
              "isHook": false,
              "skipped": false
            },
            {
              "title": "Verifica se a cor de fundo de cada elemento da paleta é a cor que o elemento representa. **A única cor não permitida na paleta é a cor branca.**",
              "fullTitle": "2 - Adicione à página uma paleta de quatro cores distintas. Verifica se a cor de fundo de cada elemento da paleta é a cor que o elemento representa. **A única cor não permitida na paleta é a cor branca.**",
              "timedOut": null,
              "duration": 301,
              "state": "passed",
              "speed": "slow",
              "pass": true,
              "fail": false,
              "pending": false,
              "context": null,
              "code": "cy.get('.color').each(function (color) {\n  cy.wrap(color).should('have.class', 'color').and('not.have.css', 'background-color', WHITE);\n  cy.wrap(color).should('have.css', 'background-color');\n});",
              "err": {},
              "uuid": "71beccba-64a0-484b-be9e-5cede3bb927e",
              "parentUUID": "974268fc-b27e-4658-8a90-da4a447599c1",
              "isHook": false,
              "skipped": false
            },
            {
              "title": "Verifica se cada elemento da paleta de cores tem uma borda preta, sólida e com 1 pixel de largura;",
              "fullTitle": "2 - Adicione à página uma paleta de quatro cores distintas. Verifica se cada elemento da paleta de cores tem uma borda preta, sólida e com 1 pixel de largura;",
              "timedOut": null,
              "duration": 221,
              "state": "passed",
              "speed": "slow",
              "pass": true,
              "fail": false,
              "pending": false,
              "context": null,
              "code": "cy.get('.color').each(function (color) {\n  cy.wrap(color).and('have.css', 'border', \"1px solid \".concat(BLACK)).and('have.class', 'color');\n});",
              "err": {},
              "uuid": "9563abe3-f8cf-4482-be2f-4b47148aa4d4",
              "parentUUID": "974268fc-b27e-4658-8a90-da4a447599c1",
              "isHook": false,
              "skipped": false
            },
            {
              "title": "Verifica se a paleta lista todas as cores disponíveis para utilização, lado a lado.",
              "fullTitle": "2 - Adicione à página uma paleta de quatro cores distintas. Verifica se a paleta lista todas as cores disponíveis para utilização, lado a lado.",
              "timedOut": null,
              "duration": 164,
              "state": "passed",
              "speed": "slow",
              "pass": true,
              "fail": false,
              "pending": false,
              "context": null,
              "code": "cy.get('.color').then(function (colors) {\n  for (var index = 1; index < colors.length; index += 1) {\n    var currentColor = colors[index];\n    var previousColor = colors[index - 1];\n    cy.wrap(currentColor).should('be.onTheRightOf', previousColor).and('be.horizontallyAlignedWith', previousColor);\n  }\n});",
              "err": {},
              "uuid": "fc48ca4b-90f2-4f3a-a005-5e4e0f4f3b77",
              "parentUUID": "974268fc-b27e-4658-8a90-da4a447599c1",
              "isHook": false,
              "skipped": false
            },
            {
              "title": "Verifica se a paleta de cores está posicionada abaixo do título 'Paleta de Cores'",
              "fullTitle": "2 - Adicione à página uma paleta de quatro cores distintas. Verifica se a paleta de cores está posicionada abaixo do título 'Paleta de Cores'",
              "timedOut": null,
              "duration": 288,
              "state": "passed",
              "speed": "slow",
              "pass": true,
              "fail": false,
              "pending": false,
              "context": null,
              "code": "cy.get('h1#title').then(function (title) {\n  cy.get('#color-palette').should('be.belowOf', title);\n});",
              "err": {},
              "uuid": "6d712aa9-c408-4066-91f4-4a3fd1e93351",
              "parentUUID": "974268fc-b27e-4658-8a90-da4a447599c1",
              "isHook": false,
              "skipped": false
            },
            {
              "title": "Verifica se a paleta de cores não contém cores repetidas.",
              "fullTitle": "2 - Adicione à página uma paleta de quatro cores distintas. Verifica se a paleta de cores não contém cores repetidas.",
              "timedOut": null,
              "duration": 195,
              "state": "passed",
              "speed": "slow",
              "pass": true,
              "fail": false,
              "pending": false,
              "context": null,
              "code": "cy.get('.color').then(function (colors) {\n  var allColors = Array.from(colors).map(function (color) {\n    return Cypress.$(color).css('background-color');\n  });\n  cy.log(allColors);\n  var uniqColors = (0, _toConsumableArray2[\"default\"])(new Set(allColors));\n  cy.log(uniqColors);\n  expect(allColors.length).to.eq(uniqColors.length);\n});",
              "err": {},
              "uuid": "09626451-becc-44de-920e-7858a3f3f265",
              "parentUUID": "974268fc-b27e-4658-8a90-da4a447599c1",
              "isHook": false,
              "skipped": false
            }
          ],
          "suites": [],
          "passes": [
            "c1bd92a5-577a-49fd-836f-50759d2af89f",
            "3c97c1dd-7b96-4a2a-8d01-c829ecc94966",
            "71beccba-64a0-484b-be9e-5cede3bb927e",
            "9563abe3-f8cf-4482-be2f-4b47148aa4d4",
            "fc48ca4b-90f2-4f3a-a005-5e4e0f4f3b77",
            "6d712aa9-c408-4066-91f4-4a3fd1e93351",
            "09626451-becc-44de-920e-7858a3f3f265"
          ],
          "failures": [],
          "pending": [],
          "skipped": [],
          "duration": 1597,
          "root": false,
          "rootEmpty": false,
          "_timeout": 2000
        },
        {
          "uuid": "df3fa756-b29b-4a6a-bccf-c85cb3ad135d",
          "title": "3 - Adicione a cor **preta** como a primeira cor da paleta de cores.",
          "fullFile": "",
          "file": "",
          "beforeHooks": [],
          "afterHooks": [],
          "tests": [
            {
              "title": "Verifica se a primeira cor da paleta é preta",
              "fullTitle": "3 - Adicione a cor **preta** como a primeira cor da paleta de cores. Verifica se a primeira cor da paleta é preta",
              "timedOut": null,
              "duration": 130,
              "state": "passed",
              "speed": "slow",
              "pass": true,
              "fail": false,
              "pending": false,
              "context": null,
              "code": "cy.get('.color').first().should('have.css', 'background-color', BLACK);",
              "err": {},
              "uuid": "1ab27275-9ec7-4076-9860-34153b623b4d",
              "parentUUID": "df3fa756-b29b-4a6a-bccf-c85cb3ad135d",
              "isHook": false,
              "skipped": false
            },
            {
              "title": "Verifica se as demais cores podem ser escolhidas livremente.",
              "fullTitle": "3 - Adicione a cor **preta** como a primeira cor da paleta de cores. Verifica se as demais cores podem ser escolhidas livremente.",
              "timedOut": null,
              "duration": 334,
              "state": "passed",
              "speed": "slow",
              "pass": true,
              "fail": false,
              "pending": false,
              "context": null,
              "code": "cy.get('.color').eq(1).should('not.have.css', 'background-color', BLACK);\ncy.get('.color').eq(1).should('not.have.css', 'background-color', WHITE);\ncy.get('.color').eq(1).should('not.have.css', 'background-color', 'rgba(0, 0, 0, 0)');\ncy.get('.color').eq(1).should('have.css', 'background-color');\ncy.get('.color').eq(2).should('not.have.css', 'background-color', BLACK);\ncy.get('.color').eq(2).should('not.have.css', 'background-color', WHITE);\ncy.get('.color').eq(2).should('not.have.css', 'background-color', 'rgba(0, 0, 0, 0)');\ncy.get('.color').eq(2).should('have.css', 'background-color');\ncy.get('.color').eq(3).should('not.have.css', 'background-color', BLACK);\ncy.get('.color').eq(3).should('not.have.css', 'background-color', WHITE);\ncy.get('.color').eq(3).should('not.have.css', 'background-color', 'rgba(0, 0, 0, 0)');\ncy.get('.color').eq(3).should('have.css', 'background-color');",
              "err": {},
              "uuid": "51762400-970c-4eb4-b381-13f8ffe09171",
              "parentUUID": "df3fa756-b29b-4a6a-bccf-c85cb3ad135d",
              "isHook": false,
              "skipped": false
            }
          ],
          "suites": [],
          "passes": [
            "1ab27275-9ec7-4076-9860-34153b623b4d",
            "51762400-970c-4eb4-b381-13f8ffe09171"
          ],
          "failures": [],
          "pending": [],
          "skipped": [],
          "duration": 464,
          "root": false,
          "rootEmpty": false,
          "_timeout": 2000
        },
        {
          "uuid": "c9dc392e-fc17-48aa-a552-71b287b6cf7b",
          "title": "4 - Adicione à página um quadro de pixels, com 25 pixels.",
          "fullFile": "",
          "file": "",
          "beforeHooks": [],
          "afterHooks": [],
          "tests": [
            {
              "title": "Verifica se o quadro de pixels possui o `id` denominado `pixel-board`",
              "fullTitle": "4 - Adicione à página um quadro de pixels, com 25 pixels. Verifica se o quadro de pixels possui o `id` denominado `pixel-board`",
              "timedOut": null,
              "duration": 180,
              "state": "passed",
              "speed": "slow",
              "pass": true,
              "fail": false,
              "pending": false,
              "context": null,
              "code": "cy.get('#pixel-board').should('be.visible');",
              "err": {},
              "uuid": "a1b07102-107c-48ba-be14-afcdb2bf380b",
              "parentUUID": "c9dc392e-fc17-48aa-a552-71b287b6cf7b",
              "isHook": false,
              "skipped": false
            },
            {
              "title": "Verifica se cada pixel individual dentro do quadro possui a `classe` denominada `pixel`.",
              "fullTitle": "4 - Adicione à página um quadro de pixels, com 25 pixels. Verifica se cada pixel individual dentro do quadro possui a `classe` denominada `pixel`.",
              "timedOut": null,
              "duration": 226,
              "state": "passed",
              "speed": "slow",
              "pass": true,
              "fail": false,
              "pending": false,
              "context": null,
              "code": "cy.get('.pixel').should('have.length', 25);",
              "err": {},
              "uuid": "0c09cba9-94a1-4009-b6ad-fe46bc37667e",
              "parentUUID": "c9dc392e-fc17-48aa-a552-71b287b6cf7b",
              "isHook": false,
              "skipped": false
            },
            {
              "title": "Verifica se a cor inicial dos pixels dentro do quadro, ao abrir a página, é branca.",
              "fullTitle": "4 - Adicione à página um quadro de pixels, com 25 pixels. Verifica se a cor inicial dos pixels dentro do quadro, ao abrir a página, é branca.",
              "timedOut": null,
              "duration": 318,
              "state": "passed",
              "speed": "slow",
              "pass": true,
              "fail": false,
              "pending": false,
              "context": null,
              "code": "cy.get('.pixel').should('have.length', 25).each(function (pixel) {\n  expect(pixel).to.have.css('background-color', WHITE);\n});",
              "err": {},
              "uuid": "8480a149-a486-4387-9699-ae33aba6c02e",
              "parentUUID": "c9dc392e-fc17-48aa-a552-71b287b6cf7b",
              "isHook": false,
              "skipped": false
            },
            {
              "title": "Verifica se o quadro de pixels aparece abaixo da paleta de cores",
              "fullTitle": "4 - Adicione à página um quadro de pixels, com 25 pixels. Verifica se o quadro de pixels aparece abaixo da paleta de cores",
              "timedOut": null,
              "duration": 211,
              "state": "passed",
              "speed": "slow",
              "pass": true,
              "fail": false,
              "pending": false,
              "context": null,
              "code": "cy.get('#color-palette').then(function (palette) {\n  cy.get('#pixel-board').should('be.belowOf', palette);\n});",
              "err": {},
              "uuid": "3f0b45ba-7665-4a57-b552-92f5d7bd9579",
              "parentUUID": "c9dc392e-fc17-48aa-a552-71b287b6cf7b",
              "isHook": false,
              "skipped": false
            }
          ],
          "suites": [],
          "passes": [
            "a1b07102-107c-48ba-be14-afcdb2bf380b",
            "0c09cba9-94a1-4009-b6ad-fe46bc37667e",
            "8480a149-a486-4387-9699-ae33aba6c02e",
            "3f0b45ba-7665-4a57-b552-92f5d7bd9579"
          ],
          "failures": [],
          "pending": [],
          "skipped": [],
          "duration": 935,
          "root": false,
          "rootEmpty": false,
          "_timeout": 2000
        },
        {
          "uuid": "10db7eb4-c90e-4e1b-8ee9-a5df14e03b19",
          "title": "5 - Faça com que cada elemento do quadro de pixels possua 40 pixels de largura, 40 pixels de altura e seja delimitado por uma borda preta de 1 pixel.",
          "fullFile": "",
          "file": "",
          "beforeHooks": [],
          "afterHooks": [],
          "tests": [
            {
              "title": "Verifica se o quadro de pixels tem altura e comprimento de 5 elementos",
              "fullTitle": "5 - Faça com que cada elemento do quadro de pixels possua 40 pixels de largura, 40 pixels de altura e seja delimitado por uma borda preta de 1 pixel. Verifica se o quadro de pixels tem altura e comprimento de 5 elementos",
              "timedOut": null,
              "duration": 434,
              "state": "passed",
              "speed": "slow",
              "pass": true,
              "fail": false,
              "pending": false,
              "context": null,
              "code": "cy.get('.pixel').should('have.length', 25).each(function (pixel) {\n  expect(pixel).to.have.css('background-color', WHITE);\n}).and(function (pixels) {\n  var rows = chunk(pixels, 5);\n  rows.forEach(function (row) {\n    for (var index = 1; index < row.length; index += 1) {\n      var current = pixels[index];\n      var previous = pixels[index - 1];\n      cy.wrap(current).should('be.onTheRightOf', previous).and('be.horizontallyAlignedWith', previous);\n    }\n  });\n  for (var index = 1; index < 5; index += 1) {\n    expect(pixels[index * 5]).to.be.belowOf(pixels[(index - 1) * 5]);\n  }\n});",
              "err": {},
              "uuid": "cff032fb-6392-4bad-961e-beb66703c54e",
              "parentUUID": "10db7eb4-c90e-4e1b-8ee9-a5df14e03b19",
              "isHook": false,
              "skipped": false
            },
            {
              "title": "Verifica se 40 pixels é o tamanho total do elemento, incluindo seu conteúdo e excluindo a borda preta, que deve ser criada à parte.",
              "fullTitle": "5 - Faça com que cada elemento do quadro de pixels possua 40 pixels de largura, 40 pixels de altura e seja delimitado por uma borda preta de 1 pixel. Verifica se 40 pixels é o tamanho total do elemento, incluindo seu conteúdo e excluindo a borda preta, que deve ser criada à parte.",
              "timedOut": null,
              "duration": 430,
              "state": "passed",
              "speed": "slow",
              "pass": true,
              "fail": false,
              "pending": false,
              "context": null,
              "code": "cy.get('.pixel').each(function (pixel) {\n  cy.wrap(pixel).should('have.css', 'height', '40px').and('have.css', 'width', '40px').and('have.css', 'border', \"1px solid \".concat(BLACK));\n});",
              "err": {},
              "uuid": "02623b7a-40e5-4fbb-8ff5-9fd6f6062bf3",
              "parentUUID": "10db7eb4-c90e-4e1b-8ee9-a5df14e03b19",
              "isHook": false,
              "skipped": false
            }
          ],
          "suites": [],
          "passes": [
            "cff032fb-6392-4bad-961e-beb66703c54e",
            "02623b7a-40e5-4fbb-8ff5-9fd6f6062bf3"
          ],
          "failures": [],
          "pending": [],
          "skipped": [],
          "duration": 864,
          "root": false,
          "rootEmpty": false,
          "_timeout": 2000
        },
        {
          "uuid": "0acd2dbf-a01c-4b40-b2a3-d8c825042185",
          "title": "6 - Defina a cor preta como cor inicial. Ao carregar a página a cor preta já deve estar selecionada para pintar os pixels",
          "fullFile": "",
          "file": "",
          "beforeHooks": [],
          "afterHooks": [],
          "tests": [
            {
              "title": "Verifica se o elemento da cor preta possui, inicialmente, a `classe` `selected`",
              "fullTitle": "6 - Defina a cor preta como cor inicial. Ao carregar a página a cor preta já deve estar selecionada para pintar os pixels Verifica se o elemento da cor preta possui, inicialmente, a `classe` `selected`",
              "timedOut": null,
              "duration": 217,
              "state": "passed",
              "speed": "slow",
              "pass": true,
              "fail": false,
              "pending": false,
              "context": null,
              "code": "cy.get('.selected').first().should('have.css', 'background-color', BLACK);",
              "err": {},
              "uuid": "fef517b8-7f2b-4e4a-a323-35f40c98f0ab",
              "parentUUID": "0acd2dbf-a01c-4b40-b2a3-d8c825042185",
              "isHook": false,
              "skipped": false
            },
            {
              "title": "Verifica se nenhuma outra cor da paleta tem a `classe` `selected`",
              "fullTitle": "6 - Defina a cor preta como cor inicial. Ao carregar a página a cor preta já deve estar selecionada para pintar os pixels Verifica se nenhuma outra cor da paleta tem a `classe` `selected`",
              "timedOut": null,
              "duration": 206,
              "state": "passed",
              "speed": "slow",
              "pass": true,
              "fail": false,
              "pending": false,
              "context": null,
              "code": "cy.get('.color:not(:first-child)').each(function (color) {\n  cy.wrap(color).should('not.have.class', 'selected');\n});",
              "err": {},
              "uuid": "df48a828-4f94-49bf-9a9d-e60092521d8e",
              "parentUUID": "0acd2dbf-a01c-4b40-b2a3-d8c825042185",
              "isHook": false,
              "skipped": false
            }
          ],
          "suites": [],
          "passes": [
            "fef517b8-7f2b-4e4a-a323-35f40c98f0ab",
            "df48a828-4f94-49bf-9a9d-e60092521d8e"
          ],
          "failures": [],
          "pending": [],
          "skipped": [],
          "duration": 423,
          "root": false,
          "rootEmpty": false,
          "_timeout": 2000
        },
        {
          "uuid": "57437dba-fd8e-41c0-95b7-c585d52a8ad1",
          "title": "7 - Clicar em uma das cores da paleta, faz com que ela seja selecionada e utilizada para preencher os pixels no quadro.",
          "fullFile": "",
          "file": "",
          "beforeHooks": [],
          "afterHooks": [],
          "tests": [
            {
              "title": "Verifica se somente uma cor da paleta de cores tem a classe `selected` de cada vez",
              "fullTitle": "7 - Clicar em uma das cores da paleta, faz com que ela seja selecionada e utilizada para preencher os pixels no quadro. Verifica se somente uma cor da paleta de cores tem a classe `selected` de cada vez",
              "timedOut": null,
              "duration": 533,
              "state": "passed",
              "speed": "slow",
              "pass": true,
              "fail": false,
              "pending": false,
              "context": null,
              "code": "cy.get('.color').each(function (selectedColor, selectedColorIndex) {\n  cy.wrap(selectedColor).click();\n  cy.get('.color').each(function (color, colorIndex) {\n    if (colorIndex === selectedColorIndex) {\n      expect(color).to.have[\"class\"]('selected');\n    } else {\n      expect(color).not.to.have[\"class\"]('selected');\n    }\n  });\n});",
              "err": {},
              "uuid": "4fc41cf0-687d-44a6-873a-a59375710e1c",
              "parentUUID": "57437dba-fd8e-41c0-95b7-c585d52a8ad1",
              "isHook": false,
              "skipped": false
            },
            {
              "title": "Verifica se os pixels dentro do quadro não têm a classe `selected` quando são clicados",
              "fullTitle": "7 - Clicar em uma das cores da paleta, faz com que ela seja selecionada e utilizada para preencher os pixels no quadro. Verifica se os pixels dentro do quadro não têm a classe `selected` quando são clicados",
              "timedOut": null,
              "duration": 9090,
              "state": "passed",
              "speed": "slow",
              "pass": true,
              "fail": false,
              "pending": false,
              "context": null,
              "code": "cy.get('.color').each(function (color) {\n  var backgroundColor = color.css('background-color');\n  cy.wrap(color).click();\n  cy.get('.pixel').each(function (pixel) {\n    cy.wrap(pixel).click().should('not.have.class', 'selected');\n  });\n});",
              "err": {},
              "uuid": "7d536155-0f89-40a0-8bab-e4294b070e90",
              "parentUUID": "57437dba-fd8e-41c0-95b7-c585d52a8ad1",
              "isHook": false,
              "skipped": false
            }
          ],
          "suites": [],
          "passes": [
            "4fc41cf0-687d-44a6-873a-a59375710e1c",
            "7d536155-0f89-40a0-8bab-e4294b070e90"
          ],
          "failures": [],
          "pending": [],
          "skipped": [],
          "duration": 9623,
          "root": false,
          "rootEmpty": false,
          "_timeout": 2000
        },
        {
          "uuid": "2161a8fd-2dce-4b98-ab6d-9b44c738f0be",
          "title": "8 - Clicar em um pixel dentro do quadro após selecionar uma cor na paleta, faz com que o pixel seja preenchido com a cor selecionada.",
          "fullFile": "",
          "file": "",
          "beforeHooks": [],
          "afterHooks": [],
          "tests": [
            {
              "title": "Verifica se ao carregar a página deve ser possível pintar os pixels de preto",
              "fullTitle": "8 - Clicar em um pixel dentro do quadro após selecionar uma cor na paleta, faz com que o pixel seja preenchido com a cor selecionada. Verifica se ao carregar a página deve ser possível pintar os pixels de preto",
              "timedOut": null,
              "duration": 2478,
              "state": "passed",
              "speed": "slow",
              "pass": true,
              "fail": false,
              "pending": false,
              "context": null,
              "code": "cy.get('.pixel').each(function (pixel) {\n  cy.wrap(pixel).click().should('have.css', 'background-color', BLACK);\n});",
              "err": {},
              "uuid": "39b60e29-1ffb-424c-884a-482ad2379b24",
              "parentUUID": "2161a8fd-2dce-4b98-ab6d-9b44c738f0be",
              "isHook": false,
              "skipped": false
            },
            {
              "title": "Verifica se após selecionar uma outra cor na paleta, é possível pintar os pixels com essa cor",
              "fullTitle": "8 - Clicar em um pixel dentro do quadro após selecionar uma cor na paleta, faz com que o pixel seja preenchido com a cor selecionada. Verifica se após selecionar uma outra cor na paleta, é possível pintar os pixels com essa cor",
              "timedOut": null,
              "duration": 9109,
              "state": "passed",
              "speed": "slow",
              "pass": true,
              "fail": false,
              "pending": false,
              "context": null,
              "code": "cy.get('.color').each(function (color) {\n  var backgroundColor = color.css('background-color');\n  cy.wrap(color).click();\n  cy.get('.pixel').each(function (pixel) {\n    cy.wrap(pixel).click().should('have.css', 'background-color', backgroundColor);\n  });\n});",
              "err": {},
              "uuid": "132b8080-2118-46aa-9e8d-45afc92ea7d3",
              "parentUUID": "2161a8fd-2dce-4b98-ab6d-9b44c738f0be",
              "isHook": false,
              "skipped": false
            },
            {
              "title": "Verifica se somente o pixel que foi clicado foi preenchido com a cor selecionada, sem influenciar na cor dos demais pixels.",
              "fullTitle": "8 - Clicar em um pixel dentro do quadro após selecionar uma cor na paleta, faz com que o pixel seja preenchido com a cor selecionada. Verifica se somente o pixel que foi clicado foi preenchido com a cor selecionada, sem influenciar na cor dos demais pixels.",
              "timedOut": null,
              "duration": 1820,
              "state": "passed",
              "speed": "slow",
              "pass": true,
              "fail": false,
              "pending": false,
              "context": null,
              "code": "var colorToPixelIndexMap = {\n  0: 6,\n  1: 8,\n  2: 16,\n  3: 18\n};\ncy.get('.color').each(function (color, index) {\n  cy.wrap(color).click();\n  var backgroundColor = color.css('background-color');\n  var clickedPixelIndex = colorToPixelIndexMap[index];\n  cy.get('.pixel').eq(clickedPixelIndex).click();\n  cy.get('.pixel').eq(clickedPixelIndex - 1).should('not.have.css', 'background-color', backgroundColor);\n  cy.get('.pixel').eq(clickedPixelIndex + 1).should('not.have.css', 'background-color', backgroundColor);\n  cy.get('.pixel').eq(clickedPixelIndex - 5).should('not.have.css', 'background-color', backgroundColor);\n  cy.get('.pixel').eq(clickedPixelIndex + 5).should('not.have.css', 'background-color', backgroundColor);\n  cy.get('.pixel').eq(clickedPixelIndex - 6).should('not.have.css', 'background-color', backgroundColor);\n  cy.get('.pixel').eq(clickedPixelIndex - 4).should('not.have.css', 'background-color', backgroundColor);\n  cy.get('.pixel').eq(clickedPixelIndex + 4).should('not.have.css', 'background-color', backgroundColor);\n  cy.get('.pixel').eq(clickedPixelIndex + 6).should('not.have.css', 'background-color', backgroundColor);\n});",
              "err": {},
              "uuid": "63612560-89b8-4e67-843a-b6f74219602a",
              "parentUUID": "2161a8fd-2dce-4b98-ab6d-9b44c738f0be",
              "isHook": false,
              "skipped": false
            }
          ],
          "suites": [],
          "passes": [
            "39b60e29-1ffb-424c-884a-482ad2379b24",
            "132b8080-2118-46aa-9e8d-45afc92ea7d3",
            "63612560-89b8-4e67-843a-b6f74219602a"
          ],
          "failures": [],
          "pending": [],
          "skipped": [],
          "duration": 13407,
          "root": false,
          "rootEmpty": false,
          "_timeout": 2000
        },
        {
          "uuid": "fbca0f85-3ba7-48c0-85c8-07eba70e1ccf",
          "title": "9 - Crie um botão que, ao ser clicado, limpa o quadro preenchendo a cor de todos seus pixels com branco.",
          "fullFile": "",
          "file": "",
          "beforeHooks": [],
          "afterHooks": [],
          "tests": [
            {
              "title": "Verifica se o botão tem o `id` denominado `clear-board`",
              "fullTitle": "9 - Crie um botão que, ao ser clicado, limpa o quadro preenchendo a cor de todos seus pixels com branco. Verifica se o botão tem o `id` denominado `clear-board`",
              "timedOut": null,
              "duration": 191,
              "state": "passed",
              "speed": "slow",
              "pass": true,
              "fail": false,
              "pending": false,
              "context": null,
              "code": "cy.get('#clear-board').should('be.visible');",
              "err": {},
              "uuid": "f348613b-8d7b-4d26-bc5a-697466bbd3d3",
              "parentUUID": "fbca0f85-3ba7-48c0-85c8-07eba70e1ccf",
              "isHook": false,
              "skipped": false
            },
            {
              "title": "Verifica se o botão está posicionado entre a paleta de cores e o quadro de pixels",
              "fullTitle": "9 - Crie um botão que, ao ser clicado, limpa o quadro preenchendo a cor de todos seus pixels com branco. Verifica se o botão está posicionado entre a paleta de cores e o quadro de pixels",
              "timedOut": null,
              "duration": 160,
              "state": "passed",
              "speed": "slow",
              "pass": true,
              "fail": false,
              "pending": false,
              "context": null,
              "code": "cy.get('#color-palette').then(function (palette) {\n  cy.get('#clear-board').should('be.belowOf', palette);\n});\ncy.get('#clear-board').then(function (clearBtn) {\n  cy.get('#pixel-board').should('be.belowOf', clearBtn);\n});",
              "err": {},
              "uuid": "97d1278f-515c-4f15-8acd-201d0289b216",
              "parentUUID": "fbca0f85-3ba7-48c0-85c8-07eba70e1ccf",
              "isHook": false,
              "skipped": false
            },
            {
              "title": "Verifica se o texto do botão é 'Limpar'",
              "fullTitle": "9 - Crie um botão que, ao ser clicado, limpa o quadro preenchendo a cor de todos seus pixels com branco. Verifica se o texto do botão é 'Limpar'",
              "timedOut": null,
              "duration": 110,
              "state": "passed",
              "speed": "slow",
              "pass": true,
              "fail": false,
              "pending": false,
              "context": null,
              "code": "cy.get('#clear-board').should('contain.text', 'Limpar');",
              "err": {},
              "uuid": "f0a7c0c8-43e9-4e05-93de-f4b84de7f062",
              "parentUUID": "fbca0f85-3ba7-48c0-85c8-07eba70e1ccf",
              "isHook": false,
              "skipped": false
            },
            {
              "title": "Verifica se ao clicar no botão, o quadro de pixels é totalmente preenchido de branco",
              "fullTitle": "9 - Crie um botão que, ao ser clicado, limpa o quadro preenchendo a cor de todos seus pixels com branco. Verifica se ao clicar no botão, o quadro de pixels é totalmente preenchido de branco",
              "timedOut": null,
              "duration": 2563,
              "state": "passed",
              "speed": "slow",
              "pass": true,
              "fail": false,
              "pending": false,
              "context": null,
              "code": "cy.get('.color').eq(1).then(function (color) {\n  var backgroundColor = color.css('background-color');\n  cy.wrap(color).click();\n  cy.get('.pixel').each(function (pixel) {\n    cy.wrap(pixel).click().should('have.css', 'background-color', backgroundColor);\n  });\n});\ncy.get('#clear-board').click();\ncy.get('.pixel').each(function (pixel) {\n  cy.wrap(pixel).should('have.css', 'background-color', WHITE);\n});",
              "err": {},
              "uuid": "52eab190-ac2c-4bd1-8c31-5c3c7ca0edb3",
              "parentUUID": "fbca0f85-3ba7-48c0-85c8-07eba70e1ccf",
              "isHook": false,
              "skipped": false
            }
          ],
          "suites": [],
          "passes": [
            "f348613b-8d7b-4d26-bc5a-697466bbd3d3",
            "97d1278f-515c-4f15-8acd-201d0289b216",
            "f0a7c0c8-43e9-4e05-93de-f4b84de7f062",
            "52eab190-ac2c-4bd1-8c31-5c3c7ca0edb3"
          ],
          "failures": [],
          "pending": [],
          "skipped": [],
          "duration": 3024,
          "root": false,
          "rootEmpty": false,
          "_timeout": 2000
        },
        {
          "uuid": "1fb3ce52-3e94-4465-8e42-8c4a4be5fa7f",
          "title": "10 - Faça o quadro de pixels ter seu tamanho definido pelo usuário.",
          "fullFile": "",
          "file": "",
          "beforeHooks": [],
          "afterHooks": [],
          "tests": [
            {
              "title": "Verifica se existe um input com o id `board-size`",
              "fullTitle": "10 - Faça o quadro de pixels ter seu tamanho definido pelo usuário. Verifica se existe um input com o id `board-size`",
              "timedOut": null,
              "duration": 4472,
              "state": "failed",
              "speed": null,
              "pass": false,
              "fail": true,
              "pending": false,
              "context": null,
              "code": "cy.get('#board-size').should('be.visible');",
              "err": {
                "message": "CypressError: Timed out retrying: Expected to find element: '#board-size', but never found it.",
                "estack": "CypressError: Timed out retrying: Expected to find element: '#board-size', but never found it.\n    at cypressErr (http://localhost:39479/__cypress/runner/cypress_runner.js:149934:9)\n    at throwErr (http://localhost:39479/__cypress/runner/cypress_runner.js:149867:11)\n    at Object.throwErrByPath (http://localhost:39479/__cypress/runner/cypress_runner.js:149915:3)\n    at retry (http://localhost:39479/__cypress/runner/cypress_runner.js:144197:19)\n    at onFailFn (http://localhost:39479/__cypress/runner/cypress_runner.js:132448:16)\n    at tryCatcher (http://localhost:39479/__cypress/runner/cypress_runner.js:167415:23)\n    at Promise._settlePromiseFromHandler (http://localhost:39479/__cypress/runner/cypress_runner.js:165351:31)\n    at Promise._settlePromise (http://localhost:39479/__cypress/runner/cypress_runner.js:165408:18)\n    at Promise._settlePromise0 (http://localhost:39479/__cypress/runner/cypress_runner.js:165453:10)\n    at Promise._settlePromises (http://localhost:39479/__cypress/runner/cypress_runner.js:165528:18)\n    at Async../node_modules/bluebird/js/release/async.js.Async._drainQueue (http://localhost:39479/__cypress/runner/cypress_runner.js:162140:16)\n    at Async../node_modules/bluebird/js/release/async.js.Async._drainQueues (http://localhost:39479/__cypress/runner/cypress_runner.js:162150:10)\n    at Async.drainQueues (http://localhost:39479/__cypress/runner/cypress_runner.js:162024:14)",
                "diff": null
              },
              "uuid": "e8d0124c-49d3-4f79-b503-90db9b7a4bbc",
              "parentUUID": "1fb3ce52-3e94-4465-8e42-8c4a4be5fa7f",
              "isHook": false,
              "skipped": false
            },
            {
              "title": "Verifica se existe um botão com o id `generate-board`",
              "fullTitle": "10 - Faça o quadro de pixels ter seu tamanho definido pelo usuário. Verifica se existe um botão com o id `generate-board`",
              "timedOut": null,
              "duration": 4479,
              "state": "failed",
              "speed": null,
              "pass": false,
              "fail": true,
              "pending": false,
              "context": null,
              "code": "cy.get('#generate-board').should('be.visible');",
              "err": {
                "message": "CypressError: Timed out retrying: Expected to find element: '#generate-board', but never found it.",
                "estack": "CypressError: Timed out retrying: Expected to find element: '#generate-board', but never found it.\n    at cypressErr (http://localhost:39479/__cypress/runner/cypress_runner.js:149934:9)\n    at throwErr (http://localhost:39479/__cypress/runner/cypress_runner.js:149867:11)\n    at Object.throwErrByPath (http://localhost:39479/__cypress/runner/cypress_runner.js:149915:3)\n    at retry (http://localhost:39479/__cypress/runner/cypress_runner.js:144197:19)\n    at onFailFn (http://localhost:39479/__cypress/runner/cypress_runner.js:132448:16)\n    at tryCatcher (http://localhost:39479/__cypress/runner/cypress_runner.js:167415:23)\n    at Promise._settlePromiseFromHandler (http://localhost:39479/__cypress/runner/cypress_runner.js:165351:31)\n    at Promise._settlePromise (http://localhost:39479/__cypress/runner/cypress_runner.js:165408:18)\n    at Promise._settlePromise0 (http://localhost:39479/__cypress/runner/cypress_runner.js:165453:10)\n    at Promise._settlePromises (http://localhost:39479/__cypress/runner/cypress_runner.js:165528:18)\n    at Async../node_modules/bluebird/js/release/async.js.Async._drainQueue (http://localhost:39479/__cypress/runner/cypress_runner.js:162140:16)\n    at Async../node_modules/bluebird/js/release/async.js.Async._drainQueues (http://localhost:39479/__cypress/runner/cypress_runner.js:162150:10)\n    at Async.drainQueues (http://localhost:39479/__cypress/runner/cypress_runner.js:162024:14)",
                "diff": null
              },
              "uuid": "94a76c56-810b-42b6-bf93-d0612e4881d9",
              "parentUUID": "1fb3ce52-3e94-4465-8e42-8c4a4be5fa7f",
              "isHook": false,
              "skipped": false
            },
            {
              "title": "Verifica se o input só aceita número maiores que zero. Essa restrição deve ser feita usando os atributos do elemento `input`",
              "fullTitle": "10 - Faça o quadro de pixels ter seu tamanho definido pelo usuário. Verifica se o input só aceita número maiores que zero. Essa restrição deve ser feita usando os atributos do elemento `input`",
              "timedOut": null,
              "duration": 4459,
              "state": "failed",
              "speed": null,
              "pass": false,
              "fail": true,
              "pending": false,
              "context": null,
              "code": "cy.get('#board-size[type=\\'number\\'][min=\\'1\\']');",
              "err": {
                "message": "CypressError: Timed out retrying: Expected to find element: '#board-size[type='number'][min='1']', but never found it.",
                "estack": "CypressError: Timed out retrying: Expected to find element: '#board-size[type='number'][min='1']', but never found it.\n    at cypressErr (http://localhost:39479/__cypress/runner/cypress_runner.js:149934:9)\n    at throwErr (http://localhost:39479/__cypress/runner/cypress_runner.js:149867:11)\n    at Object.throwErrByPath (http://localhost:39479/__cypress/runner/cypress_runner.js:149915:3)\n    at retry (http://localhost:39479/__cypress/runner/cypress_runner.js:144197:19)\n    at onFailFn (http://localhost:39479/__cypress/runner/cypress_runner.js:132448:16)\n    at tryCatcher (http://localhost:39479/__cypress/runner/cypress_runner.js:167415:23)\n    at Promise._settlePromiseFromHandler (http://localhost:39479/__cypress/runner/cypress_runner.js:165351:31)\n    at Promise._settlePromise (http://localhost:39479/__cypress/runner/cypress_runner.js:165408:18)\n    at Promise._settlePromise0 (http://localhost:39479/__cypress/runner/cypress_runner.js:165453:10)\n    at Promise._settlePromises (http://localhost:39479/__cypress/runner/cypress_runner.js:165528:18)\n    at Async../node_modules/bluebird/js/release/async.js.Async._drainQueue (http://localhost:39479/__cypress/runner/cypress_runner.js:162140:16)\n    at Async../node_modules/bluebird/js/release/async.js.Async._drainQueues (http://localhost:39479/__cypress/runner/cypress_runner.js:162150:10)\n    at Async.drainQueues (http://localhost:39479/__cypress/runner/cypress_runner.js:162024:14)",
                "diff": null
              },
              "uuid": "7832c210-65a3-4e5d-a806-e492438961b7",
              "parentUUID": "1fb3ce52-3e94-4465-8e42-8c4a4be5fa7f",
              "isHook": false,
              "skipped": false
            },
            {
              "title": "Verifica se o botão contém o texto 'VQV'",
              "fullTitle": "10 - Faça o quadro de pixels ter seu tamanho definido pelo usuário. Verifica se o botão contém o texto 'VQV'",
              "timedOut": null,
              "duration": 4442,
              "state": "failed",
              "speed": null,
              "pass": false,
              "fail": true,
              "pending": false,
              "context": null,
              "code": "cy.get('#generate-board').contains(/vqv/i);",
              "err": {
                "message": "CypressError: Timed out retrying: Expected to find element: '#generate-board', but never found it.",
                "estack": "CypressError: Timed out retrying: Expected to find element: '#generate-board', but never found it.\n    at cypressErr (http://localhost:39479/__cypress/runner/cypress_runner.js:149934:9)\n    at throwErr (http://localhost:39479/__cypress/runner/cypress_runner.js:149867:11)\n    at Object.throwErrByPath (http://localhost:39479/__cypress/runner/cypress_runner.js:149915:3)\n    at retry (http://localhost:39479/__cypress/runner/cypress_runner.js:144197:19)\n    at onFailFn (http://localhost:39479/__cypress/runner/cypress_runner.js:132448:16)\n    at tryCatcher (http://localhost:39479/__cypress/runner/cypress_runner.js:167415:23)\n    at Promise._settlePromiseFromHandler (http://localhost:39479/__cypress/runner/cypress_runner.js:165351:31)\n    at Promise._settlePromise (http://localhost:39479/__cypress/runner/cypress_runner.js:165408:18)\n    at Promise._settlePromise0 (http://localhost:39479/__cypress/runner/cypress_runner.js:165453:10)\n    at Promise._settlePromises (http://localhost:39479/__cypress/runner/cypress_runner.js:165528:18)\n    at Async../node_modules/bluebird/js/release/async.js.Async._drainQueue (http://localhost:39479/__cypress/runner/cypress_runner.js:162140:16)\n    at Async../node_modules/bluebird/js/release/async.js.Async._drainQueues (http://localhost:39479/__cypress/runner/cypress_runner.js:162150:10)\n    at Async.drainQueues (http://localhost:39479/__cypress/runner/cypress_runner.js:162024:14)",
                "diff": null
              },
              "uuid": "53ca6d24-bbe5-4758-85b4-d55f134140e1",
              "parentUUID": "1fb3ce52-3e94-4465-8e42-8c4a4be5fa7f",
              "isHook": false,
              "skipped": false
            },
            {
              "title": "Verifica se o input está posicionado entre a paleta de cores e o quadro de pixels",
              "fullTitle": "10 - Faça o quadro de pixels ter seu tamanho definido pelo usuário. Verifica se o input está posicionado entre a paleta de cores e o quadro de pixels",
              "timedOut": null,
              "duration": 4476,
              "state": "failed",
              "speed": null,
              "pass": false,
              "fail": true,
              "pending": false,
              "context": null,
              "code": "cy.get('#color-palette').then(function (palette) {\n  cy.get('#board-size').should('be.belowOf', palette);\n});\ncy.get('#board-size').then(function (palette) {\n  cy.get('#pixel-board').should('be.belowOf', palette);\n});",
              "err": {
                "message": "CypressError: Timed out retrying: Expected to find element: '#board-size', but never found it.",
                "estack": "CypressError: Timed out retrying: Expected to find element: '#board-size', but never found it.\n    at cypressErr (http://localhost:39479/__cypress/runner/cypress_runner.js:149934:9)\n    at throwErr (http://localhost:39479/__cypress/runner/cypress_runner.js:149867:11)\n    at Object.throwErrByPath (http://localhost:39479/__cypress/runner/cypress_runner.js:149915:3)\n    at retry (http://localhost:39479/__cypress/runner/cypress_runner.js:144197:19)\n    at onFailFn (http://localhost:39479/__cypress/runner/cypress_runner.js:132448:16)\n    at tryCatcher (http://localhost:39479/__cypress/runner/cypress_runner.js:167415:23)\n    at Promise._settlePromiseFromHandler (http://localhost:39479/__cypress/runner/cypress_runner.js:165351:31)\n    at Promise._settlePromise (http://localhost:39479/__cypress/runner/cypress_runner.js:165408:18)\n    at Promise._settlePromise0 (http://localhost:39479/__cypress/runner/cypress_runner.js:165453:10)\n    at Promise._settlePromises (http://localhost:39479/__cypress/runner/cypress_runner.js:165528:18)\n    at Async../node_modules/bluebird/js/release/async.js.Async._drainQueue (http://localhost:39479/__cypress/runner/cypress_runner.js:162140:16)\n    at Async../node_modules/bluebird/js/release/async.js.Async._drainQueues (http://localhost:39479/__cypress/runner/cypress_runner.js:162150:10)\n    at Async.drainQueues (http://localhost:39479/__cypress/runner/cypress_runner.js:162024:14)",
                "diff": null
              },
              "uuid": "7a09889c-a735-4f87-91f8-e1e5ac1fd6fb",
              "parentUUID": "1fb3ce52-3e94-4465-8e42-8c4a4be5fa7f",
              "isHook": false,
              "skipped": false
            },
            {
              "title": "Verifica se o botão está posicionado ao lado do input",
              "fullTitle": "10 - Faça o quadro de pixels ter seu tamanho definido pelo usuário. Verifica se o botão está posicionado ao lado do input",
              "timedOut": null,
              "duration": 4417,
              "state": "failed",
              "speed": null,
              "pass": false,
              "fail": true,
              "pending": false,
              "context": null,
              "code": "cy.get('#board-size').then(function (board) {\n  cy.get('#generate-board').should('be.onTheRightOf', board);\n});",
              "err": {
                "message": "CypressError: Timed out retrying: Expected to find element: '#board-size', but never found it.",
                "estack": "CypressError: Timed out retrying: Expected to find element: '#board-size', but never found it.\n    at cypressErr (http://localhost:39479/__cypress/runner/cypress_runner.js:149934:9)\n    at throwErr (http://localhost:39479/__cypress/runner/cypress_runner.js:149867:11)\n    at Object.throwErrByPath (http://localhost:39479/__cypress/runner/cypress_runner.js:149915:3)\n    at retry (http://localhost:39479/__cypress/runner/cypress_runner.js:144197:19)\n    at onFailFn (http://localhost:39479/__cypress/runner/cypress_runner.js:132448:16)\n    at tryCatcher (http://localhost:39479/__cypress/runner/cypress_runner.js:167415:23)\n    at Promise._settlePromiseFromHandler (http://localhost:39479/__cypress/runner/cypress_runner.js:165351:31)\n    at Promise._settlePromise (http://localhost:39479/__cypress/runner/cypress_runner.js:165408:18)\n    at Promise._settlePromise0 (http://localhost:39479/__cypress/runner/cypress_runner.js:165453:10)\n    at Promise._settlePromises (http://localhost:39479/__cypress/runner/cypress_runner.js:165528:18)\n    at Async../node_modules/bluebird/js/release/async.js.Async._drainQueue (http://localhost:39479/__cypress/runner/cypress_runner.js:162140:16)\n    at Async../node_modules/bluebird/js/release/async.js.Async._drainQueues (http://localhost:39479/__cypress/runner/cypress_runner.js:162150:10)\n    at Async.drainQueues (http://localhost:39479/__cypress/runner/cypress_runner.js:162024:14)",
                "diff": null
              },
              "uuid": "70e2946b-5678-44ae-92d3-28fd7046b714",
              "parentUUID": "1fb3ce52-3e94-4465-8e42-8c4a4be5fa7f",
              "isHook": false,
              "skipped": false
            },
            {
              "title": "Verifica se nenhum valor for colocado no input ao clicar no botão, um `alert` é exibido com o texto: 'Board inválido!'",
              "fullTitle": "10 - Faça o quadro de pixels ter seu tamanho definido pelo usuário. Verifica se nenhum valor for colocado no input ao clicar no botão, um `alert` é exibido com o texto: 'Board inválido!'",
              "timedOut": null,
              "duration": 4477,
              "state": "failed",
              "speed": null,
              "pass": false,
              "fail": true,
              "pending": false,
              "context": null,
              "code": "var alerted = false;\ncy.on('window:alert', function (msg) {\n  return alerted = msg;\n});\ncy.get('#generate-board').click().then(function () {\n  return expect(alerted).to.match(/Board inválido!/i);\n});",
              "err": {
                "message": "CypressError: Timed out retrying: Expected to find element: '#generate-board', but never found it.",
                "estack": "CypressError: Timed out retrying: Expected to find element: '#generate-board', but never found it.\n    at cypressErr (http://localhost:39479/__cypress/runner/cypress_runner.js:149934:9)\n    at throwErr (http://localhost:39479/__cypress/runner/cypress_runner.js:149867:11)\n    at Object.throwErrByPath (http://localhost:39479/__cypress/runner/cypress_runner.js:149915:3)\n    at retry (http://localhost:39479/__cypress/runner/cypress_runner.js:144197:19)\n    at onFailFn (http://localhost:39479/__cypress/runner/cypress_runner.js:132448:16)\n    at tryCatcher (http://localhost:39479/__cypress/runner/cypress_runner.js:167415:23)\n    at Promise._settlePromiseFromHandler (http://localhost:39479/__cypress/runner/cypress_runner.js:165351:31)\n    at Promise._settlePromise (http://localhost:39479/__cypress/runner/cypress_runner.js:165408:18)\n    at Promise._settlePromise0 (http://localhost:39479/__cypress/runner/cypress_runner.js:165453:10)\n    at Promise._settlePromises (http://localhost:39479/__cypress/runner/cypress_runner.js:165528:18)\n    at Async../node_modules/bluebird/js/release/async.js.Async._drainQueue (http://localhost:39479/__cypress/runner/cypress_runner.js:162140:16)\n    at Async../node_modules/bluebird/js/release/async.js.Async._drainQueues (http://localhost:39479/__cypress/runner/cypress_runner.js:162150:10)\n    at Async.drainQueues (http://localhost:39479/__cypress/runner/cypress_runner.js:162024:14)",
                "diff": null
              },
              "uuid": "fb624351-caf2-411f-a428-962ad74c7e56",
              "parentUUID": "1fb3ce52-3e94-4465-8e42-8c4a4be5fa7f",
              "isHook": false,
              "skipped": false
            },
            {
              "title": "Verifica se ao clicar no botão com um valor preenchido, o tamanho do board muda.",
              "fullTitle": "10 - Faça o quadro de pixels ter seu tamanho definido pelo usuário. Verifica se ao clicar no botão com um valor preenchido, o tamanho do board muda.",
              "timedOut": null,
              "duration": 4423,
              "state": "failed",
              "speed": null,
              "pass": false,
              "fail": true,
              "pending": false,
              "context": null,
              "code": "cy.get('#board-size').clear().type(10);\ncy.get('#generate-board').click();\ncy.get('.pixel').should('have.length', 100);",
              "err": {
                "message": "CypressError: Timed out retrying: Expected to find element: '#board-size', but never found it.",
                "estack": "CypressError: Timed out retrying: Expected to find element: '#board-size', but never found it.\n    at cypressErr (http://localhost:39479/__cypress/runner/cypress_runner.js:149934:9)\n    at throwErr (http://localhost:39479/__cypress/runner/cypress_runner.js:149867:11)\n    at Object.throwErrByPath (http://localhost:39479/__cypress/runner/cypress_runner.js:149915:3)\n    at retry (http://localhost:39479/__cypress/runner/cypress_runner.js:144197:19)\n    at onFailFn (http://localhost:39479/__cypress/runner/cypress_runner.js:132448:16)\n    at tryCatcher (http://localhost:39479/__cypress/runner/cypress_runner.js:167415:23)\n    at Promise._settlePromiseFromHandler (http://localhost:39479/__cypress/runner/cypress_runner.js:165351:31)\n    at Promise._settlePromise (http://localhost:39479/__cypress/runner/cypress_runner.js:165408:18)\n    at Promise._settlePromise0 (http://localhost:39479/__cypress/runner/cypress_runner.js:165453:10)\n    at Promise._settlePromises (http://localhost:39479/__cypress/runner/cypress_runner.js:165528:18)\n    at Async../node_modules/bluebird/js/release/async.js.Async._drainQueue (http://localhost:39479/__cypress/runner/cypress_runner.js:162140:16)\n    at Async../node_modules/bluebird/js/release/async.js.Async._drainQueues (http://localhost:39479/__cypress/runner/cypress_runner.js:162150:10)\n    at Async.drainQueues (http://localhost:39479/__cypress/runner/cypress_runner.js:162024:14)",
                "diff": null
              },
              "uuid": "37ee82c0-038f-4483-b6d6-d4517103f9c5",
              "parentUUID": "1fb3ce52-3e94-4465-8e42-8c4a4be5fa7f",
              "isHook": false,
              "skipped": false
            },
            {
              "title": "Verifica se o novo quadro tem todos os pixels preenchidos com a cor branca",
              "fullTitle": "10 - Faça o quadro de pixels ter seu tamanho definido pelo usuário. Verifica se o novo quadro tem todos os pixels preenchidos com a cor branca",
              "timedOut": null,
              "duration": 4541,
              "state": "failed",
              "speed": null,
              "pass": false,
              "fail": true,
              "pending": false,
              "context": null,
              "code": "cy.get('#board-size').clear().type(6);\ncy.get('#generate-board').click();\ncy.get('.pixel').should('have.length', 36).each(function (pixel) {\n  expect(pixel).to.have.css('background-color', WHITE);\n});",
              "err": {
                "message": "CypressError: Timed out retrying: Expected to find element: '#board-size', but never found it.",
                "estack": "CypressError: Timed out retrying: Expected to find element: '#board-size', but never found it.\n    at cypressErr (http://localhost:39479/__cypress/runner/cypress_runner.js:149934:9)\n    at throwErr (http://localhost:39479/__cypress/runner/cypress_runner.js:149867:11)\n    at Object.throwErrByPath (http://localhost:39479/__cypress/runner/cypress_runner.js:149915:3)\n    at retry (http://localhost:39479/__cypress/runner/cypress_runner.js:144197:19)\n    at onFailFn (http://localhost:39479/__cypress/runner/cypress_runner.js:132448:16)\n    at tryCatcher (http://localhost:39479/__cypress/runner/cypress_runner.js:167415:23)\n    at Promise._settlePromiseFromHandler (http://localhost:39479/__cypress/runner/cypress_runner.js:165351:31)\n    at Promise._settlePromise (http://localhost:39479/__cypress/runner/cypress_runner.js:165408:18)\n    at Promise._settlePromise0 (http://localhost:39479/__cypress/runner/cypress_runner.js:165453:10)\n    at Promise._settlePromises (http://localhost:39479/__cypress/runner/cypress_runner.js:165528:18)\n    at Async../node_modules/bluebird/js/release/async.js.Async._drainQueue (http://localhost:39479/__cypress/runner/cypress_runner.js:162140:16)\n    at Async../node_modules/bluebird/js/release/async.js.Async._drainQueues (http://localhost:39479/__cypress/runner/cypress_runner.js:162150:10)\n    at Async.drainQueues (http://localhost:39479/__cypress/runner/cypress_runner.js:162024:14)",
                "diff": null
              },
              "uuid": "80d3d3bf-0eea-4173-b6fd-a7316bdd1ef9",
              "parentUUID": "1fb3ce52-3e94-4465-8e42-8c4a4be5fa7f",
              "isHook": false,
              "skipped": false
            }
          ],
          "suites": [],
          "passes": [],
          "failures": [
            "e8d0124c-49d3-4f79-b503-90db9b7a4bbc",
            "94a76c56-810b-42b6-bf93-d0612e4881d9",
            "7832c210-65a3-4e5d-a806-e492438961b7",
            "53ca6d24-bbe5-4758-85b4-d55f134140e1",
            "7a09889c-a735-4f87-91f8-e1e5ac1fd6fb",
            "70e2946b-5678-44ae-92d3-28fd7046b714",
            "fb624351-caf2-411f-a428-962ad74c7e56",
            "37ee82c0-038f-4483-b6d6-d4517103f9c5",
            "80d3d3bf-0eea-4173-b6fd-a7316bdd1ef9"
          ],
          "pending": [],
          "skipped": [],
          "duration": 40186,
          "root": false,
          "rootEmpty": false,
          "_timeout": 2000
        },
        {
          "uuid": "86aed1ea-62bf-4a09-9065-f6e5308498aa",
          "title": "11 - Limite o tamanho mínimo e máximo do board.",
          "fullFile": "",
          "file": "",
          "beforeHooks": [],
          "afterHooks": [],
          "tests": [
            {
              "title": "Verifica se a altura máxima do board é 50",
              "fullTitle": "11 - Limite o tamanho mínimo e máximo do board. Verifica se a altura máxima do board é 50",
              "timedOut": null,
              "duration": 4426,
              "state": "failed",
              "speed": null,
              "pass": false,
              "fail": true,
              "pending": false,
              "context": null,
              "code": "cy.get('#board-size').clear().type(50);\ncy.get('#generate-board').click();\ncy.get('.pixel').should('have.length', 2500);",
              "err": {
                "message": "CypressError: Timed out retrying: Expected to find element: '#board-size', but never found it.",
                "estack": "CypressError: Timed out retrying: Expected to find element: '#board-size', but never found it.\n    at cypressErr (http://localhost:39479/__cypress/runner/cypress_runner.js:149934:9)\n    at throwErr (http://localhost:39479/__cypress/runner/cypress_runner.js:149867:11)\n    at Object.throwErrByPath (http://localhost:39479/__cypress/runner/cypress_runner.js:149915:3)\n    at retry (http://localhost:39479/__cypress/runner/cypress_runner.js:144197:19)\n    at onFailFn (http://localhost:39479/__cypress/runner/cypress_runner.js:132448:16)\n    at tryCatcher (http://localhost:39479/__cypress/runner/cypress_runner.js:167415:23)\n    at Promise._settlePromiseFromHandler (http://localhost:39479/__cypress/runner/cypress_runner.js:165351:31)\n    at Promise._settlePromise (http://localhost:39479/__cypress/runner/cypress_runner.js:165408:18)\n    at Promise._settlePromise0 (http://localhost:39479/__cypress/runner/cypress_runner.js:165453:10)\n    at Promise._settlePromises (http://localhost:39479/__cypress/runner/cypress_runner.js:165528:18)\n    at Async../node_modules/bluebird/js/release/async.js.Async._drainQueue (http://localhost:39479/__cypress/runner/cypress_runner.js:162140:16)\n    at Async../node_modules/bluebird/js/release/async.js.Async._drainQueues (http://localhost:39479/__cypress/runner/cypress_runner.js:162150:10)\n    at Async.drainQueues (http://localhost:39479/__cypress/runner/cypress_runner.js:162024:14)",
                "diff": null
              },
              "uuid": "2389640e-963b-4744-8ff5-39b26ffb83c9",
              "parentUUID": "86aed1ea-62bf-4a09-9065-f6e5308498aa",
              "isHook": false,
              "skipped": false
            },
            {
              "title": "Verifica se a altura do board é 5 quando um valor menor é colocado no input",
              "fullTitle": "11 - Limite o tamanho mínimo e máximo do board. Verifica se a altura do board é 5 quando um valor menor é colocado no input",
              "timedOut": null,
              "duration": 4478,
              "state": "failed",
              "speed": null,
              "pass": false,
              "fail": true,
              "pending": false,
              "context": null,
              "code": "cy.get('#board-size').clear().type(4);\ncy.get('#generate-board').click();\ncy.get('.pixel').should('have.length', 25);",
              "err": {
                "message": "CypressError: Timed out retrying: Expected to find element: '#board-size', but never found it.",
                "estack": "CypressError: Timed out retrying: Expected to find element: '#board-size', but never found it.\n    at cypressErr (http://localhost:39479/__cypress/runner/cypress_runner.js:149934:9)\n    at throwErr (http://localhost:39479/__cypress/runner/cypress_runner.js:149867:11)\n    at Object.throwErrByPath (http://localhost:39479/__cypress/runner/cypress_runner.js:149915:3)\n    at retry (http://localhost:39479/__cypress/runner/cypress_runner.js:144197:19)\n    at onFailFn (http://localhost:39479/__cypress/runner/cypress_runner.js:132448:16)\n    at tryCatcher (http://localhost:39479/__cypress/runner/cypress_runner.js:167415:23)\n    at Promise._settlePromiseFromHandler (http://localhost:39479/__cypress/runner/cypress_runner.js:165351:31)\n    at Promise._settlePromise (http://localhost:39479/__cypress/runner/cypress_runner.js:165408:18)\n    at Promise._settlePromise0 (http://localhost:39479/__cypress/runner/cypress_runner.js:165453:10)\n    at Promise._settlePromises (http://localhost:39479/__cypress/runner/cypress_runner.js:165528:18)\n    at Async../node_modules/bluebird/js/release/async.js.Async._drainQueue (http://localhost:39479/__cypress/runner/cypress_runner.js:162140:16)\n    at Async../node_modules/bluebird/js/release/async.js.Async._drainQueues (http://localhost:39479/__cypress/runner/cypress_runner.js:162150:10)\n    at Async.drainQueues (http://localhost:39479/__cypress/runner/cypress_runner.js:162024:14)",
                "diff": null
              },
              "uuid": "58287f5f-e873-476b-ac2b-5d7bc3f9113e",
              "parentUUID": "86aed1ea-62bf-4a09-9065-f6e5308498aa",
              "isHook": false,
              "skipped": false
            },
            {
              "title": "Verifica se a altura do board é 50 quando um valor maior é colocado no input",
              "fullTitle": "11 - Limite o tamanho mínimo e máximo do board. Verifica se a altura do board é 50 quando um valor maior é colocado no input",
              "timedOut": null,
              "duration": 4350,
              "state": "failed",
              "speed": null,
              "pass": false,
              "fail": true,
              "pending": false,
              "context": null,
              "code": "cy.get('#board-size').clear().type(51);\ncy.get('#generate-board').click();\ncy.get('.pixel').should('have.length', 2500);",
              "err": {
                "message": "CypressError: Timed out retrying: Expected to find element: '#board-size', but never found it.",
                "estack": "CypressError: Timed out retrying: Expected to find element: '#board-size', but never found it.\n    at cypressErr (http://localhost:39479/__cypress/runner/cypress_runner.js:149934:9)\n    at throwErr (http://localhost:39479/__cypress/runner/cypress_runner.js:149867:11)\n    at Object.throwErrByPath (http://localhost:39479/__cypress/runner/cypress_runner.js:149915:3)\n    at retry (http://localhost:39479/__cypress/runner/cypress_runner.js:144197:19)\n    at onFailFn (http://localhost:39479/__cypress/runner/cypress_runner.js:132448:16)\n    at tryCatcher (http://localhost:39479/__cypress/runner/cypress_runner.js:167415:23)\n    at Promise._settlePromiseFromHandler (http://localhost:39479/__cypress/runner/cypress_runner.js:165351:31)\n    at Promise._settlePromise (http://localhost:39479/__cypress/runner/cypress_runner.js:165408:18)\n    at Promise._settlePromise0 (http://localhost:39479/__cypress/runner/cypress_runner.js:165453:10)\n    at Promise._settlePromises (http://localhost:39479/__cypress/runner/cypress_runner.js:165528:18)\n    at Async../node_modules/bluebird/js/release/async.js.Async._drainQueue (http://localhost:39479/__cypress/runner/cypress_runner.js:162140:16)\n    at Async../node_modules/bluebird/js/release/async.js.Async._drainQueues (http://localhost:39479/__cypress/runner/cypress_runner.js:162150:10)\n    at Async.drainQueues (http://localhost:39479/__cypress/runner/cypress_runner.js:162024:14)",
                "diff": null
              },
              "uuid": "37c2967f-bc57-4063-aaae-c9de29d31deb",
              "parentUUID": "86aed1ea-62bf-4a09-9065-f6e5308498aa",
              "isHook": false,
              "skipped": false
            }
          ],
          "suites": [],
          "passes": [],
          "failures": [
            "2389640e-963b-4744-8ff5-39b26ffb83c9",
            "58287f5f-e873-476b-ac2b-5d7bc3f9113e",
            "37c2967f-bc57-4063-aaae-c9de29d31deb"
          ],
          "pending": [],
          "skipped": [],
          "duration": 13254,
          "root": false,
          "rootEmpty": false,
          "_timeout": 2000
        },
        {
          "uuid": "6ad0b91b-e300-4f3d-a28f-e363deee7ea9",
          "title": "12 - Faça com que as cores da paleta sejam geradas aleatoriamente ao carregar a página.",
          "fullFile": "",
          "file": "",
          "beforeHooks": [],
          "afterHooks": [],
          "tests": [
            {
              "title": "Verifica se as cores geradas na paleta são diferentes a cada carregamento da página",
              "fullTitle": "12 - Faça com que as cores da paleta sejam geradas aleatoriamente ao carregar a página. Verifica se as cores geradas na paleta são diferentes a cada carregamento da página",
              "timedOut": null,
              "duration": 812,
              "state": "passed",
              "speed": "slow",
              "pass": true,
              "fail": false,
              "pending": false,
              "context": null,
              "code": "cy.get('.color').then(function (colors) {\n  var currentColors;\n  var previousColors;\n  previousColors = Array.from(colors).map(function (color) {\n    return Cypress.$(color).css('background-color');\n  });\n  for (var i = 0; i < 5; i += 1) {\n    cy.reload();\n    cy.get('.color').then(function (colors) {\n      currentColors = Array.from(colors).map(function (color) {\n        return Cypress.$(color).css('background-color');\n      });\n      expect(currentColors).not.to.deep.equal(previousColors);\n      previousColors = currentColors;\n    });\n  }\n});",
              "err": {},
              "uuid": "17fa0d6f-8fac-40c9-a106-687339258575",
              "parentUUID": "6ad0b91b-e300-4f3d-a28f-e363deee7ea9",
              "isHook": false,
              "skipped": false
            },
            {
              "title": "Verifica se a cor preta ainda está presente e é a primeira na sua paleta de cores",
              "fullTitle": "12 - Faça com que as cores da paleta sejam geradas aleatoriamente ao carregar a página. Verifica se a cor preta ainda está presente e é a primeira na sua paleta de cores",
              "timedOut": null,
              "duration": 726,
              "state": "passed",
              "speed": "slow",
              "pass": true,
              "fail": false,
              "pending": false,
              "context": null,
              "code": "cy.get('.color').then(function (colors) {\n  var currentColors;\n  var previousColors;\n  previousColors = Array.from(colors).map(function (color) {\n    return Cypress.$(color).css('background-color');\n  });\n  expect(previousColors[0]).to.eq(BLACK);\n  for (var i = 0; i < 5; i += 1) {\n    cy.reload();\n    cy.get('.color').then(function (colors) {\n      currentColors = Array.from(colors).map(function (color) {\n        return Cypress.$(color).css('background-color');\n      });\n      expect(currentColors[0]).to.eq(BLACK);\n      expect(currentColors).not.to.deep.equal(previousColors);\n      previousColors = currentColors;\n    });\n  }\n});",
              "err": {},
              "uuid": "c01b2c6c-8852-4871-a93e-eef6bb6449a7",
              "parentUUID": "6ad0b91b-e300-4f3d-a28f-e363deee7ea9",
              "isHook": false,
              "skipped": false
            }
          ],
          "suites": [],
          "passes": [
            "17fa0d6f-8fac-40c9-a106-687339258575",
            "c01b2c6c-8852-4871-a93e-eef6bb6449a7"
          ],
          "failures": [],
          "pending": [],
          "skipped": [],
          "duration": 1538,
          "root": false,
          "rootEmpty": false,
          "_timeout": 2000
        }
      ],
      "passes": [],
      "failures": [],
      "pending": [],
      "skipped": [],
      "duration": 0,
      "root": true,
      "rootEmpty": true,
      "_timeout": 2000
    }
  ],
  "meta": {
    "mocha": {
      "version": "7.0.1"
    },
    "mochawesome": {
      "options": {
        "quiet": false,
        "reportFilename": "mochawesome",
        "saveHtml": false,
        "saveJson": true,
        "consoleReporter": "spec",
        "useInlineDiffs": false
      },
      "version": "4.1.0"
    },
    "marge": {
      "options": {
        "id": "default",
        "reportDir": "cypress/reports",
        "overwrite": true,
        "html": false,
        "json": true
      },
      "version": "4.1.0"
    }
  }
}