{
  "stats": {
    "suites": 12,
    "tests": 41,
    "passes": 23,
    "pending": 0,
    "failures": 18,
    "start": "2023-05-11T21:45:24.096Z",
    "end": "2023-05-11T21:47:04.694Z",
    "duration": 100598,
    "testsRegistered": 41,
    "passPercent": 56.09756097560976,
    "pendingPercent": 0,
    "other": 0,
    "hasOther": false,
    "skipped": 0,
    "hasSkipped": false
  },
  "results": [
    {
      "uuid": "0bb296d1-df04-4425-abf2-75beefe8f375",
      "title": "",
      "fullFile": "cypress/integration/project.spec.js",
      "file": "cypress/integration/project.spec.js",
      "beforeHooks": [],
      "afterHooks": [],
      "tests": [],
      "suites": [
        {
          "uuid": "42c9a7ff-2b67-4ce8-b5ae-9cf9c782a76c",
          "title": "1 - Adicione à página o título \"Paleta de Cores\".",
          "fullFile": "",
          "file": "",
          "beforeHooks": [],
          "afterHooks": [],
          "tests": [
            {
              "title": "Verifica se contém um elemento `h1` com o id `title` com o título correto",
              "fullTitle": "1 - Adicione à página o título \"Paleta de Cores\". Verifica se contém um elemento `h1` com o id `title` com o título correto",
              "timedOut": null,
              "duration": 393,
              "state": "passed",
              "speed": "slow",
              "pass": true,
              "fail": false,
              "pending": false,
              "context": null,
              "code": "cy.get('h1#title').should('contain.text', 'Paleta de Cores');",
              "err": {},
              "uuid": "bcdf5415-9d00-42ee-a92b-4f86745e4182",
              "parentUUID": "42c9a7ff-2b67-4ce8-b5ae-9cf9c782a76c",
              "isHook": false,
              "skipped": false
            }
          ],
          "suites": [],
          "passes": [
            "bcdf5415-9d00-42ee-a92b-4f86745e4182"
          ],
          "failures": [],
          "pending": [],
          "skipped": [],
          "duration": 393,
          "root": false,
          "rootEmpty": false,
          "_timeout": 2000
        },
        {
          "uuid": "085e3a14-ba7b-4d67-8ebf-d487ae914f6b",
          "title": "2 - Adicione à página uma paleta de quatro cores distintas.",
          "fullFile": "",
          "file": "",
          "beforeHooks": [],
          "afterHooks": [],
          "tests": [
            {
              "title": "A paleta de cores deve ser um elemento com `id` denominado `color-palette`",
              "fullTitle": "2 - Adicione à página uma paleta de quatro cores distintas. A paleta de cores deve ser um elemento com `id` denominado `color-palette`",
              "timedOut": null,
              "duration": 209,
              "state": "passed",
              "speed": "slow",
              "pass": true,
              "fail": false,
              "pending": false,
              "context": null,
              "code": "cy.get('#color-palette').should('be.visible');\ncy.get('#color-palette').children('.color');",
              "err": {},
              "uuid": "8d855269-70fe-497e-a121-31c0a59baf16",
              "parentUUID": "085e3a14-ba7b-4d67-8ebf-d487ae914f6b",
              "isHook": false,
              "skipped": false
            },
            {
              "title": "Verifica se cada cor individual da paleta de cores possui a `classe` chamada `color`.",
              "fullTitle": "2 - Adicione à página uma paleta de quatro cores distintas. Verifica se cada cor individual da paleta de cores possui a `classe` chamada `color`.",
              "timedOut": null,
              "duration": 358,
              "state": "passed",
              "speed": "slow",
              "pass": true,
              "fail": false,
              "pending": false,
              "context": null,
              "code": "cy.get('.color').should('have.length', 4).then(function (colors) {\n  for (var i = 0; i < colors.length; i++) {\n    cy.wrap(colors[i]).should('be.visible');\n  }\n});",
              "err": {},
              "uuid": "b59aed45-16b9-4e11-ad3d-cd269266e148",
              "parentUUID": "085e3a14-ba7b-4d67-8ebf-d487ae914f6b",
              "isHook": false,
              "skipped": false
            },
            {
              "title": "Verifica se a cor de fundo de cada elemento da paleta é a cor que o elemento representa. **A única cor não permitida na paleta é a cor branca.**",
              "fullTitle": "2 - Adicione à página uma paleta de quatro cores distintas. Verifica se a cor de fundo de cada elemento da paleta é a cor que o elemento representa. **A única cor não permitida na paleta é a cor branca.**",
              "timedOut": null,
              "duration": 292,
              "state": "passed",
              "speed": "slow",
              "pass": true,
              "fail": false,
              "pending": false,
              "context": null,
              "code": "cy.get('.color').each(function (color) {\n  cy.wrap(color).should('have.class', 'color').and('not.have.css', 'background-color', WHITE);\n  cy.wrap(color).should('have.css', 'background-color');\n});",
              "err": {},
              "uuid": "f2144436-c49f-4b05-ae96-6a4a4832668d",
              "parentUUID": "085e3a14-ba7b-4d67-8ebf-d487ae914f6b",
              "isHook": false,
              "skipped": false
            },
            {
              "title": "Verifica se cada elemento da paleta de cores tem uma borda preta, sólida e com 1 pixel de largura;",
              "fullTitle": "2 - Adicione à página uma paleta de quatro cores distintas. Verifica se cada elemento da paleta de cores tem uma borda preta, sólida e com 1 pixel de largura;",
              "timedOut": null,
              "duration": 202,
              "state": "passed",
              "speed": "slow",
              "pass": true,
              "fail": false,
              "pending": false,
              "context": null,
              "code": "cy.get('.color').each(function (color) {\n  cy.wrap(color).and('have.css', 'border', \"1px solid \".concat(BLACK)).and('have.class', 'color');\n});",
              "err": {},
              "uuid": "2e79b159-7d66-4c99-8c04-f963d7f9ebdf",
              "parentUUID": "085e3a14-ba7b-4d67-8ebf-d487ae914f6b",
              "isHook": false,
              "skipped": false
            },
            {
              "title": "Verifica se a paleta lista todas as cores disponíveis para utilização, lado a lado.",
              "fullTitle": "2 - Adicione à página uma paleta de quatro cores distintas. Verifica se a paleta lista todas as cores disponíveis para utilização, lado a lado.",
              "timedOut": null,
              "duration": 151,
              "state": "passed",
              "speed": "slow",
              "pass": true,
              "fail": false,
              "pending": false,
              "context": null,
              "code": "cy.get('.color').then(function (colors) {\n  for (var index = 1; index < colors.length; index += 1) {\n    var currentColor = colors[index];\n    var previousColor = colors[index - 1];\n    cy.wrap(currentColor).should('be.onTheRightOf', previousColor).and('be.horizontallyAlignedWith', previousColor);\n  }\n});",
              "err": {},
              "uuid": "0567ff17-ef87-4e98-9fee-b0e691bfce01",
              "parentUUID": "085e3a14-ba7b-4d67-8ebf-d487ae914f6b",
              "isHook": false,
              "skipped": false
            },
            {
              "title": "Verifica se a paleta de cores está posicionada abaixo do título 'Paleta de Cores'",
              "fullTitle": "2 - Adicione à página uma paleta de quatro cores distintas. Verifica se a paleta de cores está posicionada abaixo do título 'Paleta de Cores'",
              "timedOut": null,
              "duration": 156,
              "state": "passed",
              "speed": "slow",
              "pass": true,
              "fail": false,
              "pending": false,
              "context": null,
              "code": "cy.get('h1#title').then(function (title) {\n  cy.get('#color-palette').should('be.belowOf', title);\n});",
              "err": {},
              "uuid": "ccc6d424-aaed-428f-b33b-397e4e0af955",
              "parentUUID": "085e3a14-ba7b-4d67-8ebf-d487ae914f6b",
              "isHook": false,
              "skipped": false
            },
            {
              "title": "Verifica se a paleta de cores não contém cores repetidas.",
              "fullTitle": "2 - Adicione à página uma paleta de quatro cores distintas. Verifica se a paleta de cores não contém cores repetidas.",
              "timedOut": null,
              "duration": 161,
              "state": "passed",
              "speed": "slow",
              "pass": true,
              "fail": false,
              "pending": false,
              "context": null,
              "code": "cy.get('.color').then(function (colors) {\n  var allColors = Array.from(colors).map(function (color) {\n    return Cypress.$(color).css('background-color');\n  });\n  cy.log(allColors);\n  var uniqColors = (0, _toConsumableArray2[\"default\"])(new Set(allColors));\n  cy.log(uniqColors);\n  expect(allColors.length).to.eq(uniqColors.length);\n});",
              "err": {},
              "uuid": "19280681-c379-4117-b1e9-a5db4b8e4013",
              "parentUUID": "085e3a14-ba7b-4d67-8ebf-d487ae914f6b",
              "isHook": false,
              "skipped": false
            }
          ],
          "suites": [],
          "passes": [
            "8d855269-70fe-497e-a121-31c0a59baf16",
            "b59aed45-16b9-4e11-ad3d-cd269266e148",
            "f2144436-c49f-4b05-ae96-6a4a4832668d",
            "2e79b159-7d66-4c99-8c04-f963d7f9ebdf",
            "0567ff17-ef87-4e98-9fee-b0e691bfce01",
            "ccc6d424-aaed-428f-b33b-397e4e0af955",
            "19280681-c379-4117-b1e9-a5db4b8e4013"
          ],
          "failures": [],
          "pending": [],
          "skipped": [],
          "duration": 1529,
          "root": false,
          "rootEmpty": false,
          "_timeout": 2000
        },
        {
          "uuid": "9d7ab9a1-cab4-4c54-90f9-0fb6a6b36c37",
          "title": "3 - Adicione a cor **preta** como a primeira cor da paleta de cores.",
          "fullFile": "",
          "file": "",
          "beforeHooks": [],
          "afterHooks": [],
          "tests": [
            {
              "title": "Verifica se a primeira cor da paleta é preta",
              "fullTitle": "3 - Adicione a cor **preta** como a primeira cor da paleta de cores. Verifica se a primeira cor da paleta é preta",
              "timedOut": null,
              "duration": 197,
              "state": "passed",
              "speed": "slow",
              "pass": true,
              "fail": false,
              "pending": false,
              "context": null,
              "code": "cy.get('.color').first().should('have.css', 'background-color', BLACK);",
              "err": {},
              "uuid": "14a4cdeb-7b98-40c0-8ffe-0308eb2e8d65",
              "parentUUID": "9d7ab9a1-cab4-4c54-90f9-0fb6a6b36c37",
              "isHook": false,
              "skipped": false
            },
            {
              "title": "Verifica se as demais cores podem ser escolhidas livremente.",
              "fullTitle": "3 - Adicione a cor **preta** como a primeira cor da paleta de cores. Verifica se as demais cores podem ser escolhidas livremente.",
              "timedOut": null,
              "duration": 339,
              "state": "passed",
              "speed": "slow",
              "pass": true,
              "fail": false,
              "pending": false,
              "context": null,
              "code": "cy.get('.color').eq(1).should('not.have.css', 'background-color', BLACK);\ncy.get('.color').eq(1).should('not.have.css', 'background-color', WHITE);\ncy.get('.color').eq(1).should('not.have.css', 'background-color', 'rgba(0, 0, 0, 0)');\ncy.get('.color').eq(1).should('have.css', 'background-color');\ncy.get('.color').eq(2).should('not.have.css', 'background-color', BLACK);\ncy.get('.color').eq(2).should('not.have.css', 'background-color', WHITE);\ncy.get('.color').eq(2).should('not.have.css', 'background-color', 'rgba(0, 0, 0, 0)');\ncy.get('.color').eq(2).should('have.css', 'background-color');\ncy.get('.color').eq(3).should('not.have.css', 'background-color', BLACK);\ncy.get('.color').eq(3).should('not.have.css', 'background-color', WHITE);\ncy.get('.color').eq(3).should('not.have.css', 'background-color', 'rgba(0, 0, 0, 0)');\ncy.get('.color').eq(3).should('have.css', 'background-color');",
              "err": {},
              "uuid": "1af57734-85b9-417e-9fc9-9b86357d71dc",
              "parentUUID": "9d7ab9a1-cab4-4c54-90f9-0fb6a6b36c37",
              "isHook": false,
              "skipped": false
            }
          ],
          "suites": [],
          "passes": [
            "14a4cdeb-7b98-40c0-8ffe-0308eb2e8d65",
            "1af57734-85b9-417e-9fc9-9b86357d71dc"
          ],
          "failures": [],
          "pending": [],
          "skipped": [],
          "duration": 536,
          "root": false,
          "rootEmpty": false,
          "_timeout": 2000
        },
        {
          "uuid": "a2dfb2ce-9d05-4981-971e-80187bec8f46",
          "title": "4 - Adicione à página um quadro de pixels, com 25 pixels.",
          "fullFile": "",
          "file": "",
          "beforeHooks": [],
          "afterHooks": [],
          "tests": [
            {
              "title": "Verifica se o quadro de pixels possui o `id` denominado `pixel-board`",
              "fullTitle": "4 - Adicione à página um quadro de pixels, com 25 pixels. Verifica se o quadro de pixels possui o `id` denominado `pixel-board`",
              "timedOut": null,
              "duration": 159,
              "state": "passed",
              "speed": "slow",
              "pass": true,
              "fail": false,
              "pending": false,
              "context": null,
              "code": "cy.get('#pixel-board').should('be.visible');",
              "err": {},
              "uuid": "011e2760-0c86-4fd8-95d5-3ba24ac441dd",
              "parentUUID": "a2dfb2ce-9d05-4981-971e-80187bec8f46",
              "isHook": false,
              "skipped": false
            },
            {
              "title": "Verifica se cada pixel individual dentro do quadro possui a `classe` denominada `pixel`.",
              "fullTitle": "4 - Adicione à página um quadro de pixels, com 25 pixels. Verifica se cada pixel individual dentro do quadro possui a `classe` denominada `pixel`.",
              "timedOut": null,
              "duration": 230,
              "state": "passed",
              "speed": "slow",
              "pass": true,
              "fail": false,
              "pending": false,
              "context": null,
              "code": "cy.get('.pixel').should('have.length', 25);",
              "err": {},
              "uuid": "4e312060-b58e-47da-a07b-f726a275c3fd",
              "parentUUID": "a2dfb2ce-9d05-4981-971e-80187bec8f46",
              "isHook": false,
              "skipped": false
            },
            {
              "title": "Verifica se a cor inicial dos pixels dentro do quadro, ao abrir a página, é branca.",
              "fullTitle": "4 - Adicione à página um quadro de pixels, com 25 pixels. Verifica se a cor inicial dos pixels dentro do quadro, ao abrir a página, é branca.",
              "timedOut": null,
              "duration": 283,
              "state": "passed",
              "speed": "slow",
              "pass": true,
              "fail": false,
              "pending": false,
              "context": null,
              "code": "cy.get('.pixel').should('have.length', 25).each(function (pixel) {\n  expect(pixel).to.have.css('background-color', WHITE);\n});",
              "err": {},
              "uuid": "b31b7a26-0d46-4578-896b-075a27722ba9",
              "parentUUID": "a2dfb2ce-9d05-4981-971e-80187bec8f46",
              "isHook": false,
              "skipped": false
            },
            {
              "title": "Verifica se o quadro de pixels aparece abaixo da paleta de cores",
              "fullTitle": "4 - Adicione à página um quadro de pixels, com 25 pixels. Verifica se o quadro de pixels aparece abaixo da paleta de cores",
              "timedOut": null,
              "duration": 200,
              "state": "passed",
              "speed": "slow",
              "pass": true,
              "fail": false,
              "pending": false,
              "context": null,
              "code": "cy.get('#color-palette').then(function (palette) {\n  cy.get('#pixel-board').should('be.belowOf', palette);\n});",
              "err": {},
              "uuid": "aa795b21-a09b-4754-b724-269e7300fe84",
              "parentUUID": "a2dfb2ce-9d05-4981-971e-80187bec8f46",
              "isHook": false,
              "skipped": false
            }
          ],
          "suites": [],
          "passes": [
            "011e2760-0c86-4fd8-95d5-3ba24ac441dd",
            "4e312060-b58e-47da-a07b-f726a275c3fd",
            "b31b7a26-0d46-4578-896b-075a27722ba9",
            "aa795b21-a09b-4754-b724-269e7300fe84"
          ],
          "failures": [],
          "pending": [],
          "skipped": [],
          "duration": 872,
          "root": false,
          "rootEmpty": false,
          "_timeout": 2000
        },
        {
          "uuid": "be27b764-f759-4170-b04f-4dd9216ff103",
          "title": "5 - Faça com que cada elemento do quadro de pixels possua 40 pixels de largura, 40 pixels de altura e seja delimitado por uma borda preta de 1 pixel.",
          "fullFile": "",
          "file": "",
          "beforeHooks": [],
          "afterHooks": [],
          "tests": [
            {
              "title": "Verifica se o quadro de pixels tem altura e comprimento de 5 elementos",
              "fullTitle": "5 - Faça com que cada elemento do quadro de pixels possua 40 pixels de largura, 40 pixels de altura e seja delimitado por uma borda preta de 1 pixel. Verifica se o quadro de pixels tem altura e comprimento de 5 elementos",
              "timedOut": null,
              "duration": 430,
              "state": "passed",
              "speed": "slow",
              "pass": true,
              "fail": false,
              "pending": false,
              "context": null,
              "code": "cy.get('.pixel').should('have.length', 25).each(function (pixel) {\n  expect(pixel).to.have.css('background-color', WHITE);\n}).and(function (pixels) {\n  var rows = chunk(pixels, 5);\n  rows.forEach(function (row) {\n    for (var index = 1; index < row.length; index += 1) {\n      var current = pixels[index];\n      var previous = pixels[index - 1];\n      cy.wrap(current).should('be.onTheRightOf', previous).and('be.horizontallyAlignedWith', previous);\n    }\n  });\n  for (var index = 1; index < 5; index += 1) {\n    expect(pixels[index * 5]).to.be.belowOf(pixels[(index - 1) * 5]);\n  }\n});",
              "err": {},
              "uuid": "d5018a94-3a83-4691-bd40-33c4d8616298",
              "parentUUID": "be27b764-f759-4170-b04f-4dd9216ff103",
              "isHook": false,
              "skipped": false
            },
            {
              "title": "Verifica se 40 pixels é o tamanho total do elemento, incluindo seu conteúdo e excluindo a borda preta, que deve ser criada à parte.",
              "fullTitle": "5 - Faça com que cada elemento do quadro de pixels possua 40 pixels de largura, 40 pixels de altura e seja delimitado por uma borda preta de 1 pixel. Verifica se 40 pixels é o tamanho total do elemento, incluindo seu conteúdo e excluindo a borda preta, que deve ser criada à parte.",
              "timedOut": null,
              "duration": 412,
              "state": "passed",
              "speed": "slow",
              "pass": true,
              "fail": false,
              "pending": false,
              "context": null,
              "code": "cy.get('.pixel').each(function (pixel) {\n  cy.wrap(pixel).should('have.css', 'height', '40px').and('have.css', 'width', '40px').and('have.css', 'border', \"1px solid \".concat(BLACK));\n});",
              "err": {},
              "uuid": "0ab7f17f-1c9e-40cb-a095-3d20a022ce0c",
              "parentUUID": "be27b764-f759-4170-b04f-4dd9216ff103",
              "isHook": false,
              "skipped": false
            }
          ],
          "suites": [],
          "passes": [
            "d5018a94-3a83-4691-bd40-33c4d8616298",
            "0ab7f17f-1c9e-40cb-a095-3d20a022ce0c"
          ],
          "failures": [],
          "pending": [],
          "skipped": [],
          "duration": 842,
          "root": false,
          "rootEmpty": false,
          "_timeout": 2000
        },
        {
          "uuid": "5a5cc461-f2d0-44ba-9584-f95b82338961",
          "title": "6 - Defina a cor preta como cor inicial. Ao carregar a página a cor preta já deve estar selecionada para pintar os pixels",
          "fullFile": "",
          "file": "",
          "beforeHooks": [],
          "afterHooks": [],
          "tests": [
            {
              "title": "Verifica se o elemento da cor preta possui, inicialmente, a `classe` `selected`",
              "fullTitle": "6 - Defina a cor preta como cor inicial. Ao carregar a página a cor preta já deve estar selecionada para pintar os pixels Verifica se o elemento da cor preta possui, inicialmente, a `classe` `selected`",
              "timedOut": null,
              "duration": 192,
              "state": "passed",
              "speed": "slow",
              "pass": true,
              "fail": false,
              "pending": false,
              "context": null,
              "code": "cy.get('.selected').first().should('have.css', 'background-color', BLACK);",
              "err": {},
              "uuid": "482ecdc7-e516-4ca2-9128-093507120b49",
              "parentUUID": "5a5cc461-f2d0-44ba-9584-f95b82338961",
              "isHook": false,
              "skipped": false
            },
            {
              "title": "Verifica se nenhuma outra cor da paleta tem a `classe` `selected`",
              "fullTitle": "6 - Defina a cor preta como cor inicial. Ao carregar a página a cor preta já deve estar selecionada para pintar os pixels Verifica se nenhuma outra cor da paleta tem a `classe` `selected`",
              "timedOut": null,
              "duration": 153,
              "state": "passed",
              "speed": "slow",
              "pass": true,
              "fail": false,
              "pending": false,
              "context": null,
              "code": "cy.get('.color:not(:first-child)').each(function (color) {\n  cy.wrap(color).should('not.have.class', 'selected');\n});",
              "err": {},
              "uuid": "ecef3f35-a2e6-44eb-95c9-b09d26c8e5d4",
              "parentUUID": "5a5cc461-f2d0-44ba-9584-f95b82338961",
              "isHook": false,
              "skipped": false
            }
          ],
          "suites": [],
          "passes": [
            "482ecdc7-e516-4ca2-9128-093507120b49",
            "ecef3f35-a2e6-44eb-95c9-b09d26c8e5d4"
          ],
          "failures": [],
          "pending": [],
          "skipped": [],
          "duration": 345,
          "root": false,
          "rootEmpty": false,
          "_timeout": 2000
        },
        {
          "uuid": "5899303d-7716-4afb-9b78-a3a05da4f78c",
          "title": "7 - Clicar em uma das cores da paleta, faz com que ela seja selecionada e utilizada para preencher os pixels no quadro.",
          "fullFile": "",
          "file": "",
          "beforeHooks": [],
          "afterHooks": [],
          "tests": [
            {
              "title": "Verifica se somente uma cor da paleta de cores tem a classe `selected` de cada vez",
              "fullTitle": "7 - Clicar em uma das cores da paleta, faz com que ela seja selecionada e utilizada para preencher os pixels no quadro. Verifica se somente uma cor da paleta de cores tem a classe `selected` de cada vez",
              "timedOut": null,
              "duration": 528,
              "state": "passed",
              "speed": "slow",
              "pass": true,
              "fail": false,
              "pending": false,
              "context": null,
              "code": "cy.get('.color').each(function (selectedColor, selectedColorIndex) {\n  cy.wrap(selectedColor).click();\n  cy.get('.color').each(function (color, colorIndex) {\n    if (colorIndex === selectedColorIndex) {\n      expect(color).to.have[\"class\"]('selected');\n    } else {\n      expect(color).not.to.have[\"class\"]('selected');\n    }\n  });\n});",
              "err": {},
              "uuid": "131cb5c1-29dc-4312-ad74-03fc8e39925c",
              "parentUUID": "5899303d-7716-4afb-9b78-a3a05da4f78c",
              "isHook": false,
              "skipped": false
            },
            {
              "title": "Verifica se os pixels dentro do quadro não têm a classe `selected` quando são clicados",
              "fullTitle": "7 - Clicar em uma das cores da paleta, faz com que ela seja selecionada e utilizada para preencher os pixels no quadro. Verifica se os pixels dentro do quadro não têm a classe `selected` quando são clicados",
              "timedOut": null,
              "duration": 9065,
              "state": "passed",
              "speed": "slow",
              "pass": true,
              "fail": false,
              "pending": false,
              "context": null,
              "code": "cy.get('.color').each(function (color) {\n  var backgroundColor = color.css('background-color');\n  cy.wrap(color).click();\n  cy.get('.pixel').each(function (pixel) {\n    cy.wrap(pixel).click().should('not.have.class', 'selected');\n  });\n});",
              "err": {},
              "uuid": "daf4754e-dd90-4748-bb46-e15a1bf7d779",
              "parentUUID": "5899303d-7716-4afb-9b78-a3a05da4f78c",
              "isHook": false,
              "skipped": false
            }
          ],
          "suites": [],
          "passes": [
            "131cb5c1-29dc-4312-ad74-03fc8e39925c",
            "daf4754e-dd90-4748-bb46-e15a1bf7d779"
          ],
          "failures": [],
          "pending": [],
          "skipped": [],
          "duration": 9593,
          "root": false,
          "rootEmpty": false,
          "_timeout": 2000
        },
        {
          "uuid": "f438912f-4971-4c86-b78b-6f1ba4c0d646",
          "title": "8 - Clicar em um pixel dentro do quadro após selecionar uma cor na paleta, faz com que o pixel seja preenchido com a cor selecionada.",
          "fullFile": "",
          "file": "",
          "beforeHooks": [],
          "afterHooks": [],
          "tests": [
            {
              "title": "Verifica se ao carregar a página deve ser possível pintar os pixels de preto",
              "fullTitle": "8 - Clicar em um pixel dentro do quadro após selecionar uma cor na paleta, faz com que o pixel seja preenchido com a cor selecionada. Verifica se ao carregar a página deve ser possível pintar os pixels de preto",
              "timedOut": null,
              "duration": 4620,
              "state": "failed",
              "speed": null,
              "pass": false,
              "fail": true,
              "pending": false,
              "context": null,
              "code": "cy.get('.pixel').each(function (pixel) {\n  cy.wrap(pixel).click().should('have.css', 'background-color', BLACK);\n});",
              "err": {
                "message": "CypressError: Timed out retrying: expected '<li.pixel>' to have CSS property 'background-color' with the value 'rgb(0, 0, 0)', but the value was 'rgb(255, 255, 255)'",
                "estack": "CypressError: Timed out retrying: expected '<li.pixel>' to have CSS property 'background-color' with the value 'rgb(0, 0, 0)', but the value was 'rgb(255, 255, 255)'\n    at cypressErr (http://localhost:41783/__cypress/runner/cypress_runner.js:149934:9)\n    at throwErr (http://localhost:41783/__cypress/runner/cypress_runner.js:149867:11)\n    at Object.throwErrByPath (http://localhost:41783/__cypress/runner/cypress_runner.js:149915:3)\n    at retry (http://localhost:41783/__cypress/runner/cypress_runner.js:144197:19)\n    at onFailFn (http://localhost:41783/__cypress/runner/cypress_runner.js:132448:16)\n    at tryCatcher (http://localhost:41783/__cypress/runner/cypress_runner.js:167415:23)\n    at Promise._settlePromiseFromHandler (http://localhost:41783/__cypress/runner/cypress_runner.js:165351:31)\n    at Promise._settlePromise (http://localhost:41783/__cypress/runner/cypress_runner.js:165408:18)\n    at Promise._settlePromise0 (http://localhost:41783/__cypress/runner/cypress_runner.js:165453:10)\n    at Promise._settlePromises (http://localhost:41783/__cypress/runner/cypress_runner.js:165528:18)\n    at Async../node_modules/bluebird/js/release/async.js.Async._drainQueue (http://localhost:41783/__cypress/runner/cypress_runner.js:162140:16)\n    at Async../node_modules/bluebird/js/release/async.js.Async._drainQueues (http://localhost:41783/__cypress/runner/cypress_runner.js:162150:10)\n    at Async.drainQueues (http://localhost:41783/__cypress/runner/cypress_runner.js:162024:14)",
                "diff": null
              },
              "uuid": "0bcafd58-bf75-4103-bad2-fff9f277731f",
              "parentUUID": "f438912f-4971-4c86-b78b-6f1ba4c0d646",
              "isHook": false,
              "skipped": false
            },
            {
              "title": "Verifica se após selecionar uma outra cor na paleta, é possível pintar os pixels com essa cor",
              "fullTitle": "8 - Clicar em um pixel dentro do quadro após selecionar uma cor na paleta, faz com que o pixel seja preenchido com a cor selecionada. Verifica se após selecionar uma outra cor na paleta, é possível pintar os pixels com essa cor",
              "timedOut": null,
              "duration": 4686,
              "state": "failed",
              "speed": null,
              "pass": false,
              "fail": true,
              "pending": false,
              "context": null,
              "code": "cy.get('.color').each(function (color) {\n  var backgroundColor = color.css('background-color');\n  cy.wrap(color).click();\n  cy.get('.pixel').each(function (pixel) {\n    cy.wrap(pixel).click().should('have.css', 'background-color', backgroundColor);\n  });\n});",
              "err": {
                "message": "CypressError: Timed out retrying: expected '<li.pixel>' to have CSS property 'background-color' with the value 'rgb(0, 0, 0)', but the value was 'rgb(255, 255, 255)'",
                "estack": "CypressError: Timed out retrying: expected '<li.pixel>' to have CSS property 'background-color' with the value 'rgb(0, 0, 0)', but the value was 'rgb(255, 255, 255)'\n    at cypressErr (http://localhost:41783/__cypress/runner/cypress_runner.js:149934:9)\n    at throwErr (http://localhost:41783/__cypress/runner/cypress_runner.js:149867:11)\n    at Object.throwErrByPath (http://localhost:41783/__cypress/runner/cypress_runner.js:149915:3)\n    at retry (http://localhost:41783/__cypress/runner/cypress_runner.js:144197:19)\n    at onFailFn (http://localhost:41783/__cypress/runner/cypress_runner.js:132448:16)\n    at tryCatcher (http://localhost:41783/__cypress/runner/cypress_runner.js:167415:23)\n    at Promise._settlePromiseFromHandler (http://localhost:41783/__cypress/runner/cypress_runner.js:165351:31)\n    at Promise._settlePromise (http://localhost:41783/__cypress/runner/cypress_runner.js:165408:18)\n    at Promise._settlePromise0 (http://localhost:41783/__cypress/runner/cypress_runner.js:165453:10)\n    at Promise._settlePromises (http://localhost:41783/__cypress/runner/cypress_runner.js:165528:18)\n    at Async../node_modules/bluebird/js/release/async.js.Async._drainQueue (http://localhost:41783/__cypress/runner/cypress_runner.js:162140:16)\n    at Async../node_modules/bluebird/js/release/async.js.Async._drainQueues (http://localhost:41783/__cypress/runner/cypress_runner.js:162150:10)\n    at Async.drainQueues (http://localhost:41783/__cypress/runner/cypress_runner.js:162024:14)",
                "diff": null
              },
              "uuid": "6b79ce95-eb4f-472f-ad96-0486f9fdde7f",
              "parentUUID": "f438912f-4971-4c86-b78b-6f1ba4c0d646",
              "isHook": false,
              "skipped": false
            },
            {
              "title": "Verifica se somente o pixel que foi clicado foi preenchido com a cor selecionada, sem influenciar na cor dos demais pixels.",
              "fullTitle": "8 - Clicar em um pixel dentro do quadro após selecionar uma cor na paleta, faz com que o pixel seja preenchido com a cor selecionada. Verifica se somente o pixel que foi clicado foi preenchido com a cor selecionada, sem influenciar na cor dos demais pixels.",
              "timedOut": null,
              "duration": 1828,
              "state": "passed",
              "speed": "slow",
              "pass": true,
              "fail": false,
              "pending": false,
              "context": null,
              "code": "var colorToPixelIndexMap = {\n  0: 6,\n  1: 8,\n  2: 16,\n  3: 18\n};\ncy.get('.color').each(function (color, index) {\n  cy.wrap(color).click();\n  var backgroundColor = color.css('background-color');\n  var clickedPixelIndex = colorToPixelIndexMap[index];\n  cy.get('.pixel').eq(clickedPixelIndex).click();\n  cy.get('.pixel').eq(clickedPixelIndex - 1).should('not.have.css', 'background-color', backgroundColor);\n  cy.get('.pixel').eq(clickedPixelIndex + 1).should('not.have.css', 'background-color', backgroundColor);\n  cy.get('.pixel').eq(clickedPixelIndex - 5).should('not.have.css', 'background-color', backgroundColor);\n  cy.get('.pixel').eq(clickedPixelIndex + 5).should('not.have.css', 'background-color', backgroundColor);\n  cy.get('.pixel').eq(clickedPixelIndex - 6).should('not.have.css', 'background-color', backgroundColor);\n  cy.get('.pixel').eq(clickedPixelIndex - 4).should('not.have.css', 'background-color', backgroundColor);\n  cy.get('.pixel').eq(clickedPixelIndex + 4).should('not.have.css', 'background-color', backgroundColor);\n  cy.get('.pixel').eq(clickedPixelIndex + 6).should('not.have.css', 'background-color', backgroundColor);\n});",
              "err": {},
              "uuid": "e27bd2a8-7992-4296-8660-8bbb8aa17d6d",
              "parentUUID": "f438912f-4971-4c86-b78b-6f1ba4c0d646",
              "isHook": false,
              "skipped": false
            }
          ],
          "suites": [],
          "passes": [
            "e27bd2a8-7992-4296-8660-8bbb8aa17d6d"
          ],
          "failures": [
            "0bcafd58-bf75-4103-bad2-fff9f277731f",
            "6b79ce95-eb4f-472f-ad96-0486f9fdde7f"
          ],
          "pending": [],
          "skipped": [],
          "duration": 11134,
          "root": false,
          "rootEmpty": false,
          "_timeout": 2000
        },
        {
          "uuid": "a64cf39b-ff1a-409b-8679-36d3f2ac32a8",
          "title": "9 - Crie um botão que, ao ser clicado, limpa o quadro preenchendo a cor de todos seus pixels com branco.",
          "fullFile": "",
          "file": "",
          "beforeHooks": [],
          "afterHooks": [],
          "tests": [
            {
              "title": "Verifica se o botão tem o `id` denominado `clear-board`",
              "fullTitle": "9 - Crie um botão que, ao ser clicado, limpa o quadro preenchendo a cor de todos seus pixels com branco. Verifica se o botão tem o `id` denominado `clear-board`",
              "timedOut": null,
              "duration": 4393,
              "state": "failed",
              "speed": null,
              "pass": false,
              "fail": true,
              "pending": false,
              "context": null,
              "code": "cy.get('#clear-board').should('be.visible');",
              "err": {
                "message": "CypressError: Timed out retrying: Expected to find element: '#clear-board', but never found it.",
                "estack": "CypressError: Timed out retrying: Expected to find element: '#clear-board', but never found it.\n    at cypressErr (http://localhost:41783/__cypress/runner/cypress_runner.js:149934:9)\n    at throwErr (http://localhost:41783/__cypress/runner/cypress_runner.js:149867:11)\n    at Object.throwErrByPath (http://localhost:41783/__cypress/runner/cypress_runner.js:149915:3)\n    at retry (http://localhost:41783/__cypress/runner/cypress_runner.js:144197:19)\n    at onFailFn (http://localhost:41783/__cypress/runner/cypress_runner.js:132448:16)\n    at tryCatcher (http://localhost:41783/__cypress/runner/cypress_runner.js:167415:23)\n    at Promise._settlePromiseFromHandler (http://localhost:41783/__cypress/runner/cypress_runner.js:165351:31)\n    at Promise._settlePromise (http://localhost:41783/__cypress/runner/cypress_runner.js:165408:18)\n    at Promise._settlePromise0 (http://localhost:41783/__cypress/runner/cypress_runner.js:165453:10)\n    at Promise._settlePromises (http://localhost:41783/__cypress/runner/cypress_runner.js:165528:18)\n    at Async../node_modules/bluebird/js/release/async.js.Async._drainQueue (http://localhost:41783/__cypress/runner/cypress_runner.js:162140:16)\n    at Async../node_modules/bluebird/js/release/async.js.Async._drainQueues (http://localhost:41783/__cypress/runner/cypress_runner.js:162150:10)\n    at Async.drainQueues (http://localhost:41783/__cypress/runner/cypress_runner.js:162024:14)",
                "diff": null
              },
              "uuid": "120331b4-7ac2-4bbd-a47c-e57fa9d49380",
              "parentUUID": "a64cf39b-ff1a-409b-8679-36d3f2ac32a8",
              "isHook": false,
              "skipped": false
            },
            {
              "title": "Verifica se o botão está posicionado entre a paleta de cores e o quadro de pixels",
              "fullTitle": "9 - Crie um botão que, ao ser clicado, limpa o quadro preenchendo a cor de todos seus pixels com branco. Verifica se o botão está posicionado entre a paleta de cores e o quadro de pixels",
              "timedOut": null,
              "duration": 4587,
              "state": "failed",
              "speed": null,
              "pass": false,
              "fail": true,
              "pending": false,
              "context": null,
              "code": "cy.get('#color-palette').then(function (palette) {\n  cy.get('#clear-board').should('be.belowOf', palette);\n});\ncy.get('#clear-board').then(function (clearBtn) {\n  cy.get('#pixel-board').should('be.belowOf', clearBtn);\n});",
              "err": {
                "message": "CypressError: Timed out retrying: Expected to find element: '#clear-board', but never found it.",
                "estack": "CypressError: Timed out retrying: Expected to find element: '#clear-board', but never found it.\n    at cypressErr (http://localhost:41783/__cypress/runner/cypress_runner.js:149934:9)\n    at throwErr (http://localhost:41783/__cypress/runner/cypress_runner.js:149867:11)\n    at Object.throwErrByPath (http://localhost:41783/__cypress/runner/cypress_runner.js:149915:3)\n    at retry (http://localhost:41783/__cypress/runner/cypress_runner.js:144197:19)\n    at onFailFn (http://localhost:41783/__cypress/runner/cypress_runner.js:132448:16)\n    at tryCatcher (http://localhost:41783/__cypress/runner/cypress_runner.js:167415:23)\n    at Promise._settlePromiseFromHandler (http://localhost:41783/__cypress/runner/cypress_runner.js:165351:31)\n    at Promise._settlePromise (http://localhost:41783/__cypress/runner/cypress_runner.js:165408:18)\n    at Promise._settlePromise0 (http://localhost:41783/__cypress/runner/cypress_runner.js:165453:10)\n    at Promise._settlePromises (http://localhost:41783/__cypress/runner/cypress_runner.js:165528:18)\n    at Async../node_modules/bluebird/js/release/async.js.Async._drainQueue (http://localhost:41783/__cypress/runner/cypress_runner.js:162140:16)\n    at Async../node_modules/bluebird/js/release/async.js.Async._drainQueues (http://localhost:41783/__cypress/runner/cypress_runner.js:162150:10)\n    at Async.drainQueues (http://localhost:41783/__cypress/runner/cypress_runner.js:162024:14)",
                "diff": null
              },
              "uuid": "ab0a2c0f-fc22-4cea-b959-df92e8a00f6c",
              "parentUUID": "a64cf39b-ff1a-409b-8679-36d3f2ac32a8",
              "isHook": false,
              "skipped": false
            },
            {
              "title": "Verifica se o texto do botão é 'Limpar'",
              "fullTitle": "9 - Crie um botão que, ao ser clicado, limpa o quadro preenchendo a cor de todos seus pixels com branco. Verifica se o texto do botão é 'Limpar'",
              "timedOut": null,
              "duration": 4547,
              "state": "failed",
              "speed": null,
              "pass": false,
              "fail": true,
              "pending": false,
              "context": null,
              "code": "cy.get('#clear-board').should('contain.text', 'Limpar');",
              "err": {
                "message": "CypressError: Timed out retrying: Expected to find element: '#clear-board', but never found it.",
                "estack": "CypressError: Timed out retrying: Expected to find element: '#clear-board', but never found it.\n    at cypressErr (http://localhost:41783/__cypress/runner/cypress_runner.js:149934:9)\n    at throwErr (http://localhost:41783/__cypress/runner/cypress_runner.js:149867:11)\n    at Object.throwErrByPath (http://localhost:41783/__cypress/runner/cypress_runner.js:149915:3)\n    at retry (http://localhost:41783/__cypress/runner/cypress_runner.js:144197:19)\n    at onFailFn (http://localhost:41783/__cypress/runner/cypress_runner.js:132448:16)\n    at tryCatcher (http://localhost:41783/__cypress/runner/cypress_runner.js:167415:23)\n    at Promise._settlePromiseFromHandler (http://localhost:41783/__cypress/runner/cypress_runner.js:165351:31)\n    at Promise._settlePromise (http://localhost:41783/__cypress/runner/cypress_runner.js:165408:18)\n    at Promise._settlePromise0 (http://localhost:41783/__cypress/runner/cypress_runner.js:165453:10)\n    at Promise._settlePromises (http://localhost:41783/__cypress/runner/cypress_runner.js:165528:18)\n    at Async../node_modules/bluebird/js/release/async.js.Async._drainQueue (http://localhost:41783/__cypress/runner/cypress_runner.js:162140:16)\n    at Async../node_modules/bluebird/js/release/async.js.Async._drainQueues (http://localhost:41783/__cypress/runner/cypress_runner.js:162150:10)\n    at Async.drainQueues (http://localhost:41783/__cypress/runner/cypress_runner.js:162024:14)",
                "diff": null
              },
              "uuid": "43299259-c4bd-4d52-8c34-4704bff6bba4",
              "parentUUID": "a64cf39b-ff1a-409b-8679-36d3f2ac32a8",
              "isHook": false,
              "skipped": false
            },
            {
              "title": "Verifica se ao clicar no botão, o quadro de pixels é totalmente preenchido de branco",
              "fullTitle": "9 - Crie um botão que, ao ser clicado, limpa o quadro preenchendo a cor de todos seus pixels com branco. Verifica se ao clicar no botão, o quadro de pixels é totalmente preenchido de branco",
              "timedOut": null,
              "duration": 4717,
              "state": "failed",
              "speed": null,
              "pass": false,
              "fail": true,
              "pending": false,
              "context": null,
              "code": "cy.get('.color').eq(1).then(function (color) {\n  var backgroundColor = color.css('background-color');\n  cy.wrap(color).click();\n  cy.get('.pixel').each(function (pixel) {\n    cy.wrap(pixel).click().should('have.css', 'background-color', backgroundColor);\n  });\n});\ncy.get('#clear-board').click();\ncy.get('.pixel').each(function (pixel) {\n  cy.wrap(pixel).should('have.css', 'background-color', WHITE);\n});",
              "err": {
                "message": "CypressError: Timed out retrying: expected '<li.pixel>' to have CSS property 'background-color' with the value 'rgb(5, 209, 217)', but the value was 'rgb(255, 255, 255)'",
                "estack": "CypressError: Timed out retrying: expected '<li.pixel>' to have CSS property 'background-color' with the value 'rgb(5, 209, 217)', but the value was 'rgb(255, 255, 255)'\n    at cypressErr (http://localhost:41783/__cypress/runner/cypress_runner.js:149934:9)\n    at throwErr (http://localhost:41783/__cypress/runner/cypress_runner.js:149867:11)\n    at Object.throwErrByPath (http://localhost:41783/__cypress/runner/cypress_runner.js:149915:3)\n    at retry (http://localhost:41783/__cypress/runner/cypress_runner.js:144197:19)\n    at onFailFn (http://localhost:41783/__cypress/runner/cypress_runner.js:132448:16)\n    at tryCatcher (http://localhost:41783/__cypress/runner/cypress_runner.js:167415:23)\n    at Promise._settlePromiseFromHandler (http://localhost:41783/__cypress/runner/cypress_runner.js:165351:31)\n    at Promise._settlePromise (http://localhost:41783/__cypress/runner/cypress_runner.js:165408:18)\n    at Promise._settlePromise0 (http://localhost:41783/__cypress/runner/cypress_runner.js:165453:10)\n    at Promise._settlePromises (http://localhost:41783/__cypress/runner/cypress_runner.js:165528:18)\n    at Async../node_modules/bluebird/js/release/async.js.Async._drainQueue (http://localhost:41783/__cypress/runner/cypress_runner.js:162140:16)\n    at Async../node_modules/bluebird/js/release/async.js.Async._drainQueues (http://localhost:41783/__cypress/runner/cypress_runner.js:162150:10)\n    at Async.drainQueues (http://localhost:41783/__cypress/runner/cypress_runner.js:162024:14)",
                "diff": null
              },
              "uuid": "c5a92651-6711-4821-ad07-cda17340fbc0",
              "parentUUID": "a64cf39b-ff1a-409b-8679-36d3f2ac32a8",
              "isHook": false,
              "skipped": false
            }
          ],
          "suites": [],
          "passes": [],
          "failures": [
            "120331b4-7ac2-4bbd-a47c-e57fa9d49380",
            "ab0a2c0f-fc22-4cea-b959-df92e8a00f6c",
            "43299259-c4bd-4d52-8c34-4704bff6bba4",
            "c5a92651-6711-4821-ad07-cda17340fbc0"
          ],
          "pending": [],
          "skipped": [],
          "duration": 18244,
          "root": false,
          "rootEmpty": false,
          "_timeout": 2000
        },
        {
          "uuid": "ba7724cb-3b58-448c-8f58-52ce35c1240d",
          "title": "10 - Faça o quadro de pixels ter seu tamanho definido pelo usuário.",
          "fullFile": "",
          "file": "",
          "beforeHooks": [],
          "afterHooks": [],
          "tests": [
            {
              "title": "Verifica se existe um input com o id `board-size`",
              "fullTitle": "10 - Faça o quadro de pixels ter seu tamanho definido pelo usuário. Verifica se existe um input com o id `board-size`",
              "timedOut": null,
              "duration": 4562,
              "state": "failed",
              "speed": null,
              "pass": false,
              "fail": true,
              "pending": false,
              "context": null,
              "code": "cy.get('#board-size').should('be.visible');",
              "err": {
                "message": "CypressError: Timed out retrying: Expected to find element: '#board-size', but never found it.",
                "estack": "CypressError: Timed out retrying: Expected to find element: '#board-size', but never found it.\n    at cypressErr (http://localhost:41783/__cypress/runner/cypress_runner.js:149934:9)\n    at throwErr (http://localhost:41783/__cypress/runner/cypress_runner.js:149867:11)\n    at Object.throwErrByPath (http://localhost:41783/__cypress/runner/cypress_runner.js:149915:3)\n    at retry (http://localhost:41783/__cypress/runner/cypress_runner.js:144197:19)\n    at onFailFn (http://localhost:41783/__cypress/runner/cypress_runner.js:132448:16)\n    at tryCatcher (http://localhost:41783/__cypress/runner/cypress_runner.js:167415:23)\n    at Promise._settlePromiseFromHandler (http://localhost:41783/__cypress/runner/cypress_runner.js:165351:31)\n    at Promise._settlePromise (http://localhost:41783/__cypress/runner/cypress_runner.js:165408:18)\n    at Promise._settlePromise0 (http://localhost:41783/__cypress/runner/cypress_runner.js:165453:10)\n    at Promise._settlePromises (http://localhost:41783/__cypress/runner/cypress_runner.js:165528:18)\n    at Async../node_modules/bluebird/js/release/async.js.Async._drainQueue (http://localhost:41783/__cypress/runner/cypress_runner.js:162140:16)\n    at Async../node_modules/bluebird/js/release/async.js.Async._drainQueues (http://localhost:41783/__cypress/runner/cypress_runner.js:162150:10)\n    at Async.drainQueues (http://localhost:41783/__cypress/runner/cypress_runner.js:162024:14)",
                "diff": null
              },
              "uuid": "31d5e566-bdbe-4dcf-bee5-569d8a745119",
              "parentUUID": "ba7724cb-3b58-448c-8f58-52ce35c1240d",
              "isHook": false,
              "skipped": false
            },
            {
              "title": "Verifica se existe um botão com o id `generate-board`",
              "fullTitle": "10 - Faça o quadro de pixels ter seu tamanho definido pelo usuário. Verifica se existe um botão com o id `generate-board`",
              "timedOut": null,
              "duration": 4452,
              "state": "failed",
              "speed": null,
              "pass": false,
              "fail": true,
              "pending": false,
              "context": null,
              "code": "cy.get('#generate-board').should('be.visible');",
              "err": {
                "message": "CypressError: Timed out retrying: Expected to find element: '#generate-board', but never found it.",
                "estack": "CypressError: Timed out retrying: Expected to find element: '#generate-board', but never found it.\n    at cypressErr (http://localhost:41783/__cypress/runner/cypress_runner.js:149934:9)\n    at throwErr (http://localhost:41783/__cypress/runner/cypress_runner.js:149867:11)\n    at Object.throwErrByPath (http://localhost:41783/__cypress/runner/cypress_runner.js:149915:3)\n    at retry (http://localhost:41783/__cypress/runner/cypress_runner.js:144197:19)\n    at onFailFn (http://localhost:41783/__cypress/runner/cypress_runner.js:132448:16)\n    at tryCatcher (http://localhost:41783/__cypress/runner/cypress_runner.js:167415:23)\n    at Promise._settlePromiseFromHandler (http://localhost:41783/__cypress/runner/cypress_runner.js:165351:31)\n    at Promise._settlePromise (http://localhost:41783/__cypress/runner/cypress_runner.js:165408:18)\n    at Promise._settlePromise0 (http://localhost:41783/__cypress/runner/cypress_runner.js:165453:10)\n    at Promise._settlePromises (http://localhost:41783/__cypress/runner/cypress_runner.js:165528:18)\n    at Async../node_modules/bluebird/js/release/async.js.Async._drainQueue (http://localhost:41783/__cypress/runner/cypress_runner.js:162140:16)\n    at Async../node_modules/bluebird/js/release/async.js.Async._drainQueues (http://localhost:41783/__cypress/runner/cypress_runner.js:162150:10)\n    at Async.drainQueues (http://localhost:41783/__cypress/runner/cypress_runner.js:162024:14)",
                "diff": null
              },
              "uuid": "c3ea4928-8bc5-424d-9640-d5a896825c3e",
              "parentUUID": "ba7724cb-3b58-448c-8f58-52ce35c1240d",
              "isHook": false,
              "skipped": false
            },
            {
              "title": "Verifica se o input só aceita número maiores que zero. Essa restrição deve ser feita usando os atributos do elemento `input`",
              "fullTitle": "10 - Faça o quadro de pixels ter seu tamanho definido pelo usuário. Verifica se o input só aceita número maiores que zero. Essa restrição deve ser feita usando os atributos do elemento `input`",
              "timedOut": null,
              "duration": 4507,
              "state": "failed",
              "speed": null,
              "pass": false,
              "fail": true,
              "pending": false,
              "context": null,
              "code": "cy.get('#board-size[type=\\'number\\'][min=\\'1\\']');",
              "err": {
                "message": "CypressError: Timed out retrying: Expected to find element: '#board-size[type='number'][min='1']', but never found it.",
                "estack": "CypressError: Timed out retrying: Expected to find element: '#board-size[type='number'][min='1']', but never found it.\n    at cypressErr (http://localhost:41783/__cypress/runner/cypress_runner.js:149934:9)\n    at throwErr (http://localhost:41783/__cypress/runner/cypress_runner.js:149867:11)\n    at Object.throwErrByPath (http://localhost:41783/__cypress/runner/cypress_runner.js:149915:3)\n    at retry (http://localhost:41783/__cypress/runner/cypress_runner.js:144197:19)\n    at onFailFn (http://localhost:41783/__cypress/runner/cypress_runner.js:132448:16)\n    at tryCatcher (http://localhost:41783/__cypress/runner/cypress_runner.js:167415:23)\n    at Promise._settlePromiseFromHandler (http://localhost:41783/__cypress/runner/cypress_runner.js:165351:31)\n    at Promise._settlePromise (http://localhost:41783/__cypress/runner/cypress_runner.js:165408:18)\n    at Promise._settlePromise0 (http://localhost:41783/__cypress/runner/cypress_runner.js:165453:10)\n    at Promise._settlePromises (http://localhost:41783/__cypress/runner/cypress_runner.js:165528:18)\n    at Async../node_modules/bluebird/js/release/async.js.Async._drainQueue (http://localhost:41783/__cypress/runner/cypress_runner.js:162140:16)\n    at Async../node_modules/bluebird/js/release/async.js.Async._drainQueues (http://localhost:41783/__cypress/runner/cypress_runner.js:162150:10)\n    at Async.drainQueues (http://localhost:41783/__cypress/runner/cypress_runner.js:162024:14)",
                "diff": null
              },
              "uuid": "50639a86-e77b-4344-bb7a-bb1f54b7bb43",
              "parentUUID": "ba7724cb-3b58-448c-8f58-52ce35c1240d",
              "isHook": false,
              "skipped": false
            },
            {
              "title": "Verifica se o botão contém o texto 'VQV'",
              "fullTitle": "10 - Faça o quadro de pixels ter seu tamanho definido pelo usuário. Verifica se o botão contém o texto 'VQV'",
              "timedOut": null,
              "duration": 4452,
              "state": "failed",
              "speed": null,
              "pass": false,
              "fail": true,
              "pending": false,
              "context": null,
              "code": "cy.get('#generate-board').contains(/vqv/i);",
              "err": {
                "message": "CypressError: Timed out retrying: Expected to find element: '#generate-board', but never found it.",
                "estack": "CypressError: Timed out retrying: Expected to find element: '#generate-board', but never found it.\n    at cypressErr (http://localhost:41783/__cypress/runner/cypress_runner.js:149934:9)\n    at throwErr (http://localhost:41783/__cypress/runner/cypress_runner.js:149867:11)\n    at Object.throwErrByPath (http://localhost:41783/__cypress/runner/cypress_runner.js:149915:3)\n    at retry (http://localhost:41783/__cypress/runner/cypress_runner.js:144197:19)\n    at onFailFn (http://localhost:41783/__cypress/runner/cypress_runner.js:132448:16)\n    at tryCatcher (http://localhost:41783/__cypress/runner/cypress_runner.js:167415:23)\n    at Promise._settlePromiseFromHandler (http://localhost:41783/__cypress/runner/cypress_runner.js:165351:31)\n    at Promise._settlePromise (http://localhost:41783/__cypress/runner/cypress_runner.js:165408:18)\n    at Promise._settlePromise0 (http://localhost:41783/__cypress/runner/cypress_runner.js:165453:10)\n    at Promise._settlePromises (http://localhost:41783/__cypress/runner/cypress_runner.js:165528:18)\n    at Async../node_modules/bluebird/js/release/async.js.Async._drainQueue (http://localhost:41783/__cypress/runner/cypress_runner.js:162140:16)\n    at Async../node_modules/bluebird/js/release/async.js.Async._drainQueues (http://localhost:41783/__cypress/runner/cypress_runner.js:162150:10)\n    at Async.drainQueues (http://localhost:41783/__cypress/runner/cypress_runner.js:162024:14)",
                "diff": null
              },
              "uuid": "50cb4073-cfb7-4bfe-975e-462d949e7629",
              "parentUUID": "ba7724cb-3b58-448c-8f58-52ce35c1240d",
              "isHook": false,
              "skipped": false
            },
            {
              "title": "Verifica se o input está posicionado entre a paleta de cores e o quadro de pixels",
              "fullTitle": "10 - Faça o quadro de pixels ter seu tamanho definido pelo usuário. Verifica se o input está posicionado entre a paleta de cores e o quadro de pixels",
              "timedOut": null,
              "duration": 4424,
              "state": "failed",
              "speed": null,
              "pass": false,
              "fail": true,
              "pending": false,
              "context": null,
              "code": "cy.get('#color-palette').then(function (palette) {\n  cy.get('#board-size').should('be.belowOf', palette);\n});\ncy.get('#board-size').then(function (palette) {\n  cy.get('#pixel-board').should('be.belowOf', palette);\n});",
              "err": {
                "message": "CypressError: Timed out retrying: Expected to find element: '#board-size', but never found it.",
                "estack": "CypressError: Timed out retrying: Expected to find element: '#board-size', but never found it.\n    at cypressErr (http://localhost:41783/__cypress/runner/cypress_runner.js:149934:9)\n    at throwErr (http://localhost:41783/__cypress/runner/cypress_runner.js:149867:11)\n    at Object.throwErrByPath (http://localhost:41783/__cypress/runner/cypress_runner.js:149915:3)\n    at retry (http://localhost:41783/__cypress/runner/cypress_runner.js:144197:19)\n    at onFailFn (http://localhost:41783/__cypress/runner/cypress_runner.js:132448:16)\n    at tryCatcher (http://localhost:41783/__cypress/runner/cypress_runner.js:167415:23)\n    at Promise._settlePromiseFromHandler (http://localhost:41783/__cypress/runner/cypress_runner.js:165351:31)\n    at Promise._settlePromise (http://localhost:41783/__cypress/runner/cypress_runner.js:165408:18)\n    at Promise._settlePromise0 (http://localhost:41783/__cypress/runner/cypress_runner.js:165453:10)\n    at Promise._settlePromises (http://localhost:41783/__cypress/runner/cypress_runner.js:165528:18)\n    at Async../node_modules/bluebird/js/release/async.js.Async._drainQueue (http://localhost:41783/__cypress/runner/cypress_runner.js:162140:16)\n    at Async../node_modules/bluebird/js/release/async.js.Async._drainQueues (http://localhost:41783/__cypress/runner/cypress_runner.js:162150:10)\n    at Async.drainQueues (http://localhost:41783/__cypress/runner/cypress_runner.js:162024:14)",
                "diff": null
              },
              "uuid": "99130155-31c9-43ab-9d9b-5cedd0ddc405",
              "parentUUID": "ba7724cb-3b58-448c-8f58-52ce35c1240d",
              "isHook": false,
              "skipped": false
            },
            {
              "title": "Verifica se o botão está posicionado ao lado do input",
              "fullTitle": "10 - Faça o quadro de pixels ter seu tamanho definido pelo usuário. Verifica se o botão está posicionado ao lado do input",
              "timedOut": null,
              "duration": 4613,
              "state": "failed",
              "speed": null,
              "pass": false,
              "fail": true,
              "pending": false,
              "context": null,
              "code": "cy.get('#board-size').then(function (board) {\n  cy.get('#generate-board').should('be.onTheRightOf', board);\n});",
              "err": {
                "message": "CypressError: Timed out retrying: Expected to find element: '#board-size', but never found it.",
                "estack": "CypressError: Timed out retrying: Expected to find element: '#board-size', but never found it.\n    at cypressErr (http://localhost:41783/__cypress/runner/cypress_runner.js:149934:9)\n    at throwErr (http://localhost:41783/__cypress/runner/cypress_runner.js:149867:11)\n    at Object.throwErrByPath (http://localhost:41783/__cypress/runner/cypress_runner.js:149915:3)\n    at retry (http://localhost:41783/__cypress/runner/cypress_runner.js:144197:19)\n    at onFailFn (http://localhost:41783/__cypress/runner/cypress_runner.js:132448:16)\n    at tryCatcher (http://localhost:41783/__cypress/runner/cypress_runner.js:167415:23)\n    at Promise._settlePromiseFromHandler (http://localhost:41783/__cypress/runner/cypress_runner.js:165351:31)\n    at Promise._settlePromise (http://localhost:41783/__cypress/runner/cypress_runner.js:165408:18)\n    at Promise._settlePromise0 (http://localhost:41783/__cypress/runner/cypress_runner.js:165453:10)\n    at Promise._settlePromises (http://localhost:41783/__cypress/runner/cypress_runner.js:165528:18)\n    at Async../node_modules/bluebird/js/release/async.js.Async._drainQueue (http://localhost:41783/__cypress/runner/cypress_runner.js:162140:16)\n    at Async../node_modules/bluebird/js/release/async.js.Async._drainQueues (http://localhost:41783/__cypress/runner/cypress_runner.js:162150:10)\n    at Async.drainQueues (http://localhost:41783/__cypress/runner/cypress_runner.js:162024:14)",
                "diff": null
              },
              "uuid": "f7eb7b4f-d3e7-4313-81e9-4b1a78fab8ba",
              "parentUUID": "ba7724cb-3b58-448c-8f58-52ce35c1240d",
              "isHook": false,
              "skipped": false
            },
            {
              "title": "Verifica se nenhum valor for colocado no input ao clicar no botão, um `alert` é exibido com o texto: 'Board inválido!'",
              "fullTitle": "10 - Faça o quadro de pixels ter seu tamanho definido pelo usuário. Verifica se nenhum valor for colocado no input ao clicar no botão, um `alert` é exibido com o texto: 'Board inválido!'",
              "timedOut": null,
              "duration": 4509,
              "state": "failed",
              "speed": null,
              "pass": false,
              "fail": true,
              "pending": false,
              "context": null,
              "code": "var alerted = false;\ncy.on('window:alert', function (msg) {\n  return alerted = msg;\n});\ncy.get('#generate-board').click().then(function () {\n  return expect(alerted).to.match(/Board inválido!/i);\n});",
              "err": {
                "message": "CypressError: Timed out retrying: Expected to find element: '#generate-board', but never found it.",
                "estack": "CypressError: Timed out retrying: Expected to find element: '#generate-board', but never found it.\n    at cypressErr (http://localhost:41783/__cypress/runner/cypress_runner.js:149934:9)\n    at throwErr (http://localhost:41783/__cypress/runner/cypress_runner.js:149867:11)\n    at Object.throwErrByPath (http://localhost:41783/__cypress/runner/cypress_runner.js:149915:3)\n    at retry (http://localhost:41783/__cypress/runner/cypress_runner.js:144197:19)\n    at onFailFn (http://localhost:41783/__cypress/runner/cypress_runner.js:132448:16)\n    at tryCatcher (http://localhost:41783/__cypress/runner/cypress_runner.js:167415:23)\n    at Promise._settlePromiseFromHandler (http://localhost:41783/__cypress/runner/cypress_runner.js:165351:31)\n    at Promise._settlePromise (http://localhost:41783/__cypress/runner/cypress_runner.js:165408:18)\n    at Promise._settlePromise0 (http://localhost:41783/__cypress/runner/cypress_runner.js:165453:10)\n    at Promise._settlePromises (http://localhost:41783/__cypress/runner/cypress_runner.js:165528:18)\n    at Async../node_modules/bluebird/js/release/async.js.Async._drainQueue (http://localhost:41783/__cypress/runner/cypress_runner.js:162140:16)\n    at Async../node_modules/bluebird/js/release/async.js.Async._drainQueues (http://localhost:41783/__cypress/runner/cypress_runner.js:162150:10)\n    at Async.drainQueues (http://localhost:41783/__cypress/runner/cypress_runner.js:162024:14)",
                "diff": null
              },
              "uuid": "1f466c0f-3c2e-4aeb-9fe4-dde37b033f46",
              "parentUUID": "ba7724cb-3b58-448c-8f58-52ce35c1240d",
              "isHook": false,
              "skipped": false
            },
            {
              "title": "Verifica se ao clicar no botão com um valor preenchido, o tamanho do board muda.",
              "fullTitle": "10 - Faça o quadro de pixels ter seu tamanho definido pelo usuário. Verifica se ao clicar no botão com um valor preenchido, o tamanho do board muda.",
              "timedOut": null,
              "duration": 4470,
              "state": "failed",
              "speed": null,
              "pass": false,
              "fail": true,
              "pending": false,
              "context": null,
              "code": "cy.get('#board-size').clear().type(10);\ncy.get('#generate-board').click();\ncy.get('.pixel').should('have.length', 100);",
              "err": {
                "message": "CypressError: Timed out retrying: Expected to find element: '#board-size', but never found it.",
                "estack": "CypressError: Timed out retrying: Expected to find element: '#board-size', but never found it.\n    at cypressErr (http://localhost:41783/__cypress/runner/cypress_runner.js:149934:9)\n    at throwErr (http://localhost:41783/__cypress/runner/cypress_runner.js:149867:11)\n    at Object.throwErrByPath (http://localhost:41783/__cypress/runner/cypress_runner.js:149915:3)\n    at retry (http://localhost:41783/__cypress/runner/cypress_runner.js:144197:19)\n    at onFailFn (http://localhost:41783/__cypress/runner/cypress_runner.js:132448:16)\n    at tryCatcher (http://localhost:41783/__cypress/runner/cypress_runner.js:167415:23)\n    at Promise._settlePromiseFromHandler (http://localhost:41783/__cypress/runner/cypress_runner.js:165351:31)\n    at Promise._settlePromise (http://localhost:41783/__cypress/runner/cypress_runner.js:165408:18)\n    at Promise._settlePromise0 (http://localhost:41783/__cypress/runner/cypress_runner.js:165453:10)\n    at Promise._settlePromises (http://localhost:41783/__cypress/runner/cypress_runner.js:165528:18)\n    at Async../node_modules/bluebird/js/release/async.js.Async._drainQueue (http://localhost:41783/__cypress/runner/cypress_runner.js:162140:16)\n    at Async../node_modules/bluebird/js/release/async.js.Async._drainQueues (http://localhost:41783/__cypress/runner/cypress_runner.js:162150:10)\n    at Async.drainQueues (http://localhost:41783/__cypress/runner/cypress_runner.js:162024:14)",
                "diff": null
              },
              "uuid": "e0a68e65-2b82-4612-9055-b762e52fecd7",
              "parentUUID": "ba7724cb-3b58-448c-8f58-52ce35c1240d",
              "isHook": false,
              "skipped": false
            },
            {
              "title": "Verifica se o novo quadro tem todos os pixels preenchidos com a cor branca",
              "fullTitle": "10 - Faça o quadro de pixels ter seu tamanho definido pelo usuário. Verifica se o novo quadro tem todos os pixels preenchidos com a cor branca",
              "timedOut": null,
              "duration": 4647,
              "state": "failed",
              "speed": null,
              "pass": false,
              "fail": true,
              "pending": false,
              "context": null,
              "code": "cy.get('#board-size').clear().type(6);\ncy.get('#generate-board').click();\ncy.get('.pixel').should('have.length', 36).each(function (pixel) {\n  expect(pixel).to.have.css('background-color', WHITE);\n});",
              "err": {
                "message": "CypressError: Timed out retrying: Expected to find element: '#board-size', but never found it.",
                "estack": "CypressError: Timed out retrying: Expected to find element: '#board-size', but never found it.\n    at cypressErr (http://localhost:41783/__cypress/runner/cypress_runner.js:149934:9)\n    at throwErr (http://localhost:41783/__cypress/runner/cypress_runner.js:149867:11)\n    at Object.throwErrByPath (http://localhost:41783/__cypress/runner/cypress_runner.js:149915:3)\n    at retry (http://localhost:41783/__cypress/runner/cypress_runner.js:144197:19)\n    at onFailFn (http://localhost:41783/__cypress/runner/cypress_runner.js:132448:16)\n    at tryCatcher (http://localhost:41783/__cypress/runner/cypress_runner.js:167415:23)\n    at Promise._settlePromiseFromHandler (http://localhost:41783/__cypress/runner/cypress_runner.js:165351:31)\n    at Promise._settlePromise (http://localhost:41783/__cypress/runner/cypress_runner.js:165408:18)\n    at Promise._settlePromise0 (http://localhost:41783/__cypress/runner/cypress_runner.js:165453:10)\n    at Promise._settlePromises (http://localhost:41783/__cypress/runner/cypress_runner.js:165528:18)\n    at Async../node_modules/bluebird/js/release/async.js.Async._drainQueue (http://localhost:41783/__cypress/runner/cypress_runner.js:162140:16)\n    at Async../node_modules/bluebird/js/release/async.js.Async._drainQueues (http://localhost:41783/__cypress/runner/cypress_runner.js:162150:10)\n    at Async.drainQueues (http://localhost:41783/__cypress/runner/cypress_runner.js:162024:14)",
                "diff": null
              },
              "uuid": "14963357-739b-4b75-8437-ad39888dda24",
              "parentUUID": "ba7724cb-3b58-448c-8f58-52ce35c1240d",
              "isHook": false,
              "skipped": false
            }
          ],
          "suites": [],
          "passes": [],
          "failures": [
            "31d5e566-bdbe-4dcf-bee5-569d8a745119",
            "c3ea4928-8bc5-424d-9640-d5a896825c3e",
            "50639a86-e77b-4344-bb7a-bb1f54b7bb43",
            "50cb4073-cfb7-4bfe-975e-462d949e7629",
            "99130155-31c9-43ab-9d9b-5cedd0ddc405",
            "f7eb7b4f-d3e7-4313-81e9-4b1a78fab8ba",
            "1f466c0f-3c2e-4aeb-9fe4-dde37b033f46",
            "e0a68e65-2b82-4612-9055-b762e52fecd7",
            "14963357-739b-4b75-8437-ad39888dda24"
          ],
          "pending": [],
          "skipped": [],
          "duration": 40636,
          "root": false,
          "rootEmpty": false,
          "_timeout": 2000
        },
        {
          "uuid": "ba57ec88-96a4-4762-a7f7-e1fbd0019375",
          "title": "11 - Limite o tamanho mínimo e máximo do board.",
          "fullFile": "",
          "file": "",
          "beforeHooks": [],
          "afterHooks": [],
          "tests": [
            {
              "title": "Verifica se a altura máxima do board é 50",
              "fullTitle": "11 - Limite o tamanho mínimo e máximo do board. Verifica se a altura máxima do board é 50",
              "timedOut": null,
              "duration": 4434,
              "state": "failed",
              "speed": null,
              "pass": false,
              "fail": true,
              "pending": false,
              "context": null,
              "code": "cy.get('#board-size').clear().type(50);\ncy.get('#generate-board').click();\ncy.get('.pixel').should('have.length', 2500);",
              "err": {
                "message": "CypressError: Timed out retrying: Expected to find element: '#board-size', but never found it.",
                "estack": "CypressError: Timed out retrying: Expected to find element: '#board-size', but never found it.\n    at cypressErr (http://localhost:41783/__cypress/runner/cypress_runner.js:149934:9)\n    at throwErr (http://localhost:41783/__cypress/runner/cypress_runner.js:149867:11)\n    at Object.throwErrByPath (http://localhost:41783/__cypress/runner/cypress_runner.js:149915:3)\n    at retry (http://localhost:41783/__cypress/runner/cypress_runner.js:144197:19)\n    at onFailFn (http://localhost:41783/__cypress/runner/cypress_runner.js:132448:16)\n    at tryCatcher (http://localhost:41783/__cypress/runner/cypress_runner.js:167415:23)\n    at Promise._settlePromiseFromHandler (http://localhost:41783/__cypress/runner/cypress_runner.js:165351:31)\n    at Promise._settlePromise (http://localhost:41783/__cypress/runner/cypress_runner.js:165408:18)\n    at Promise._settlePromise0 (http://localhost:41783/__cypress/runner/cypress_runner.js:165453:10)\n    at Promise._settlePromises (http://localhost:41783/__cypress/runner/cypress_runner.js:165528:18)\n    at Async../node_modules/bluebird/js/release/async.js.Async._drainQueue (http://localhost:41783/__cypress/runner/cypress_runner.js:162140:16)\n    at Async../node_modules/bluebird/js/release/async.js.Async._drainQueues (http://localhost:41783/__cypress/runner/cypress_runner.js:162150:10)\n    at Async.drainQueues (http://localhost:41783/__cypress/runner/cypress_runner.js:162024:14)",
                "diff": null
              },
              "uuid": "1d2956c1-43e1-49c2-abde-2188d2bf2be1",
              "parentUUID": "ba57ec88-96a4-4762-a7f7-e1fbd0019375",
              "isHook": false,
              "skipped": false
            },
            {
              "title": "Verifica se a altura do board é 5 quando um valor menor é colocado no input",
              "fullTitle": "11 - Limite o tamanho mínimo e máximo do board. Verifica se a altura do board é 5 quando um valor menor é colocado no input",
              "timedOut": null,
              "duration": 4641,
              "state": "failed",
              "speed": null,
              "pass": false,
              "fail": true,
              "pending": false,
              "context": null,
              "code": "cy.get('#board-size').clear().type(4);\ncy.get('#generate-board').click();\ncy.get('.pixel').should('have.length', 25);",
              "err": {
                "message": "CypressError: Timed out retrying: Expected to find element: '#board-size', but never found it.",
                "estack": "CypressError: Timed out retrying: Expected to find element: '#board-size', but never found it.\n    at cypressErr (http://localhost:41783/__cypress/runner/cypress_runner.js:149934:9)\n    at throwErr (http://localhost:41783/__cypress/runner/cypress_runner.js:149867:11)\n    at Object.throwErrByPath (http://localhost:41783/__cypress/runner/cypress_runner.js:149915:3)\n    at retry (http://localhost:41783/__cypress/runner/cypress_runner.js:144197:19)\n    at onFailFn (http://localhost:41783/__cypress/runner/cypress_runner.js:132448:16)\n    at tryCatcher (http://localhost:41783/__cypress/runner/cypress_runner.js:167415:23)\n    at Promise._settlePromiseFromHandler (http://localhost:41783/__cypress/runner/cypress_runner.js:165351:31)\n    at Promise._settlePromise (http://localhost:41783/__cypress/runner/cypress_runner.js:165408:18)\n    at Promise._settlePromise0 (http://localhost:41783/__cypress/runner/cypress_runner.js:165453:10)\n    at Promise._settlePromises (http://localhost:41783/__cypress/runner/cypress_runner.js:165528:18)\n    at Async../node_modules/bluebird/js/release/async.js.Async._drainQueue (http://localhost:41783/__cypress/runner/cypress_runner.js:162140:16)\n    at Async../node_modules/bluebird/js/release/async.js.Async._drainQueues (http://localhost:41783/__cypress/runner/cypress_runner.js:162150:10)\n    at Async.drainQueues (http://localhost:41783/__cypress/runner/cypress_runner.js:162024:14)",
                "diff": null
              },
              "uuid": "83109b78-3c7c-44ff-84a6-9bcefcaca0fb",
              "parentUUID": "ba57ec88-96a4-4762-a7f7-e1fbd0019375",
              "isHook": false,
              "skipped": false
            },
            {
              "title": "Verifica se a altura do board é 50 quando um valor maior é colocado no input",
              "fullTitle": "11 - Limite o tamanho mínimo e máximo do board. Verifica se a altura do board é 50 quando um valor maior é colocado no input",
              "timedOut": null,
              "duration": 4587,
              "state": "failed",
              "speed": null,
              "pass": false,
              "fail": true,
              "pending": false,
              "context": null,
              "code": "cy.get('#board-size').clear().type(51);\ncy.get('#generate-board').click();\ncy.get('.pixel').should('have.length', 2500);",
              "err": {
                "message": "CypressError: Timed out retrying: Expected to find element: '#board-size', but never found it.",
                "estack": "CypressError: Timed out retrying: Expected to find element: '#board-size', but never found it.\n    at cypressErr (http://localhost:41783/__cypress/runner/cypress_runner.js:149934:9)\n    at throwErr (http://localhost:41783/__cypress/runner/cypress_runner.js:149867:11)\n    at Object.throwErrByPath (http://localhost:41783/__cypress/runner/cypress_runner.js:149915:3)\n    at retry (http://localhost:41783/__cypress/runner/cypress_runner.js:144197:19)\n    at onFailFn (http://localhost:41783/__cypress/runner/cypress_runner.js:132448:16)\n    at tryCatcher (http://localhost:41783/__cypress/runner/cypress_runner.js:167415:23)\n    at Promise._settlePromiseFromHandler (http://localhost:41783/__cypress/runner/cypress_runner.js:165351:31)\n    at Promise._settlePromise (http://localhost:41783/__cypress/runner/cypress_runner.js:165408:18)\n    at Promise._settlePromise0 (http://localhost:41783/__cypress/runner/cypress_runner.js:165453:10)\n    at Promise._settlePromises (http://localhost:41783/__cypress/runner/cypress_runner.js:165528:18)\n    at Async../node_modules/bluebird/js/release/async.js.Async._drainQueue (http://localhost:41783/__cypress/runner/cypress_runner.js:162140:16)\n    at Async../node_modules/bluebird/js/release/async.js.Async._drainQueues (http://localhost:41783/__cypress/runner/cypress_runner.js:162150:10)\n    at Async.drainQueues (http://localhost:41783/__cypress/runner/cypress_runner.js:162024:14)",
                "diff": null
              },
              "uuid": "2b9b8dbc-f979-4ace-b134-d472cf440cba",
              "parentUUID": "ba57ec88-96a4-4762-a7f7-e1fbd0019375",
              "isHook": false,
              "skipped": false
            }
          ],
          "suites": [],
          "passes": [],
          "failures": [
            "1d2956c1-43e1-49c2-abde-2188d2bf2be1",
            "83109b78-3c7c-44ff-84a6-9bcefcaca0fb",
            "2b9b8dbc-f979-4ace-b134-d472cf440cba"
          ],
          "pending": [],
          "skipped": [],
          "duration": 13662,
          "root": false,
          "rootEmpty": false,
          "_timeout": 2000
        },
        {
          "uuid": "e18c3cb7-d82c-4378-8b19-81303f5ae6d1",
          "title": "12 - Faça com que as cores da paleta sejam geradas aleatoriamente ao carregar a página.",
          "fullFile": "",
          "file": "",
          "beforeHooks": [],
          "afterHooks": [],
          "tests": [
            {
              "title": "Verifica se as cores geradas na paleta são diferentes a cada carregamento da página",
              "fullTitle": "12 - Faça com que as cores da paleta sejam geradas aleatoriamente ao carregar a página. Verifica se as cores geradas na paleta são diferentes a cada carregamento da página",
              "timedOut": null,
              "duration": 844,
              "state": "passed",
              "speed": "slow",
              "pass": true,
              "fail": false,
              "pending": false,
              "context": null,
              "code": "cy.get('.color').then(function (colors) {\n  var currentColors;\n  var previousColors;\n  previousColors = Array.from(colors).map(function (color) {\n    return Cypress.$(color).css('background-color');\n  });\n  for (var i = 0; i < 5; i += 1) {\n    cy.reload();\n    cy.get('.color').then(function (colors) {\n      currentColors = Array.from(colors).map(function (color) {\n        return Cypress.$(color).css('background-color');\n      });\n      expect(currentColors).not.to.deep.equal(previousColors);\n      previousColors = currentColors;\n    });\n  }\n});",
              "err": {},
              "uuid": "26ad78dd-6c4b-4684-9274-9009c9ecdee4",
              "parentUUID": "e18c3cb7-d82c-4378-8b19-81303f5ae6d1",
              "isHook": false,
              "skipped": false
            },
            {
              "title": "Verifica se a cor preta ainda está presente e é a primeira na sua paleta de cores",
              "fullTitle": "12 - Faça com que as cores da paleta sejam geradas aleatoriamente ao carregar a página. Verifica se a cor preta ainda está presente e é a primeira na sua paleta de cores",
              "timedOut": null,
              "duration": 699,
              "state": "passed",
              "speed": "slow",
              "pass": true,
              "fail": false,
              "pending": false,
              "context": null,
              "code": "cy.get('.color').then(function (colors) {\n  var currentColors;\n  var previousColors;\n  previousColors = Array.from(colors).map(function (color) {\n    return Cypress.$(color).css('background-color');\n  });\n  expect(previousColors[0]).to.eq(BLACK);\n  for (var i = 0; i < 5; i += 1) {\n    cy.reload();\n    cy.get('.color').then(function (colors) {\n      currentColors = Array.from(colors).map(function (color) {\n        return Cypress.$(color).css('background-color');\n      });\n      expect(currentColors[0]).to.eq(BLACK);\n      expect(currentColors).not.to.deep.equal(previousColors);\n      previousColors = currentColors;\n    });\n  }\n});",
              "err": {},
              "uuid": "04ba86bf-9e13-472f-9cd2-bc54ddac0563",
              "parentUUID": "e18c3cb7-d82c-4378-8b19-81303f5ae6d1",
              "isHook": false,
              "skipped": false
            }
          ],
          "suites": [],
          "passes": [
            "26ad78dd-6c4b-4684-9274-9009c9ecdee4",
            "04ba86bf-9e13-472f-9cd2-bc54ddac0563"
          ],
          "failures": [],
          "pending": [],
          "skipped": [],
          "duration": 1543,
          "root": false,
          "rootEmpty": false,
          "_timeout": 2000
        }
      ],
      "passes": [],
      "failures": [],
      "pending": [],
      "skipped": [],
      "duration": 0,
      "root": true,
      "rootEmpty": true,
      "_timeout": 2000
    }
  ],
  "meta": {
    "mocha": {
      "version": "7.0.1"
    },
    "mochawesome": {
      "options": {
        "quiet": false,
        "reportFilename": "mochawesome",
        "saveHtml": false,
        "saveJson": true,
        "consoleReporter": "spec",
        "useInlineDiffs": false
      },
      "version": "4.1.0"
    },
    "marge": {
      "options": {
        "id": "default",
        "reportDir": "cypress/reports",
        "overwrite": true,
        "html": false,
        "json": true
      },
      "version": "4.1.0"
    }
  }
}