{
  "stats": {
    "suites": 12,
    "tests": 41,
    "passes": 0,
    "pending": 0,
    "failures": 41,
    "start": "2023-05-04T20:24:32.742Z",
    "end": "2023-05-04T20:27:37.152Z",
    "duration": 184410,
    "testsRegistered": 41,
    "passPercent": 0,
    "pendingPercent": 0,
    "other": 0,
    "hasOther": false,
    "skipped": 0,
    "hasSkipped": false
  },
  "results": [
    {
      "uuid": "ebcc5208-6396-4352-8242-d0a00227094d",
      "title": "",
      "fullFile": "cypress/integration/project.spec.js",
      "file": "cypress/integration/project.spec.js",
      "beforeHooks": [],
      "afterHooks": [],
      "tests": [],
      "suites": [
        {
          "uuid": "9b689ee8-4f61-4c1a-9cb8-f3eed06acf6f",
          "title": "1 - Adicione à página o título \"Paleta de Cores\".",
          "fullFile": "",
          "file": "",
          "beforeHooks": [],
          "afterHooks": [],
          "tests": [
            {
              "title": "Verifica se contém um elemento `h1` com o id `title` com o título correto",
              "fullTitle": "1 - Adicione à página o título \"Paleta de Cores\". Verifica se contém um elemento `h1` com o id `title` com o título correto",
              "timedOut": null,
              "duration": 4971,
              "state": "failed",
              "speed": null,
              "pass": false,
              "fail": true,
              "pending": false,
              "context": null,
              "code": "cy.get('h1#title').should('contain.text', 'Paleta de Cores');",
              "err": {
                "message": "CypressError: Timed out retrying: Expected to find element: 'h1#title', but never found it.",
                "estack": "CypressError: Timed out retrying: Expected to find element: 'h1#title', but never found it.\n    at cypressErr (http://localhost:43125/__cypress/runner/cypress_runner.js:149934:9)\n    at throwErr (http://localhost:43125/__cypress/runner/cypress_runner.js:149867:11)\n    at Object.throwErrByPath (http://localhost:43125/__cypress/runner/cypress_runner.js:149915:3)\n    at retry (http://localhost:43125/__cypress/runner/cypress_runner.js:144197:19)\n    at onFailFn (http://localhost:43125/__cypress/runner/cypress_runner.js:132448:16)\n    at tryCatcher (http://localhost:43125/__cypress/runner/cypress_runner.js:167415:23)\n    at Promise._settlePromiseFromHandler (http://localhost:43125/__cypress/runner/cypress_runner.js:165351:31)\n    at Promise._settlePromise (http://localhost:43125/__cypress/runner/cypress_runner.js:165408:18)\n    at Promise._settlePromise0 (http://localhost:43125/__cypress/runner/cypress_runner.js:165453:10)\n    at Promise._settlePromises (http://localhost:43125/__cypress/runner/cypress_runner.js:165528:18)\n    at Async../node_modules/bluebird/js/release/async.js.Async._drainQueue (http://localhost:43125/__cypress/runner/cypress_runner.js:162140:16)\n    at Async../node_modules/bluebird/js/release/async.js.Async._drainQueues (http://localhost:43125/__cypress/runner/cypress_runner.js:162150:10)\n    at Async.drainQueues (http://localhost:43125/__cypress/runner/cypress_runner.js:162024:14)",
                "diff": null
              },
              "uuid": "30d56838-2f19-4deb-87cb-84525e5e5f24",
              "parentUUID": "9b689ee8-4f61-4c1a-9cb8-f3eed06acf6f",
              "isHook": false,
              "skipped": false
            }
          ],
          "suites": [],
          "passes": [],
          "failures": [
            "30d56838-2f19-4deb-87cb-84525e5e5f24"
          ],
          "pending": [],
          "skipped": [],
          "duration": 4971,
          "root": false,
          "rootEmpty": false,
          "_timeout": 2000
        },
        {
          "uuid": "78ca760b-a3c0-4c06-ad84-32094606cd2e",
          "title": "2 - Adicione à página uma paleta de quatro cores distintas.",
          "fullFile": "",
          "file": "",
          "beforeHooks": [],
          "afterHooks": [],
          "tests": [
            {
              "title": "A paleta de cores deve ser um elemento com `id` denominado `color-palette`",
              "fullTitle": "2 - Adicione à página uma paleta de quatro cores distintas. A paleta de cores deve ser um elemento com `id` denominado `color-palette`",
              "timedOut": null,
              "duration": 4393,
              "state": "failed",
              "speed": null,
              "pass": false,
              "fail": true,
              "pending": false,
              "context": null,
              "code": "cy.get('#color-palette').should('be.visible');\ncy.get('#color-palette').children('.color');",
              "err": {
                "message": "CypressError: Timed out retrying: Expected to find element: '#color-palette', but never found it.",
                "estack": "CypressError: Timed out retrying: Expected to find element: '#color-palette', but never found it.\n    at cypressErr (http://localhost:43125/__cypress/runner/cypress_runner.js:149934:9)\n    at throwErr (http://localhost:43125/__cypress/runner/cypress_runner.js:149867:11)\n    at Object.throwErrByPath (http://localhost:43125/__cypress/runner/cypress_runner.js:149915:3)\n    at retry (http://localhost:43125/__cypress/runner/cypress_runner.js:144197:19)\n    at onFailFn (http://localhost:43125/__cypress/runner/cypress_runner.js:132448:16)\n    at tryCatcher (http://localhost:43125/__cypress/runner/cypress_runner.js:167415:23)\n    at Promise._settlePromiseFromHandler (http://localhost:43125/__cypress/runner/cypress_runner.js:165351:31)\n    at Promise._settlePromise (http://localhost:43125/__cypress/runner/cypress_runner.js:165408:18)\n    at Promise._settlePromise0 (http://localhost:43125/__cypress/runner/cypress_runner.js:165453:10)\n    at Promise._settlePromises (http://localhost:43125/__cypress/runner/cypress_runner.js:165528:18)\n    at Async../node_modules/bluebird/js/release/async.js.Async._drainQueue (http://localhost:43125/__cypress/runner/cypress_runner.js:162140:16)\n    at Async../node_modules/bluebird/js/release/async.js.Async._drainQueues (http://localhost:43125/__cypress/runner/cypress_runner.js:162150:10)\n    at Async.drainQueues (http://localhost:43125/__cypress/runner/cypress_runner.js:162024:14)",
                "diff": null
              },
              "uuid": "e4004736-9a3d-41df-bc89-25d73898f511",
              "parentUUID": "78ca760b-a3c0-4c06-ad84-32094606cd2e",
              "isHook": false,
              "skipped": false
            },
            {
              "title": "Verifica se cada cor individual da paleta de cores possui a `classe` chamada `color`.",
              "fullTitle": "2 - Adicione à página uma paleta de quatro cores distintas. Verifica se cada cor individual da paleta de cores possui a `classe` chamada `color`.",
              "timedOut": null,
              "duration": 4425,
              "state": "failed",
              "speed": null,
              "pass": false,
              "fail": true,
              "pending": false,
              "context": null,
              "code": "cy.get('.color').should('have.length', 4).then(function (colors) {\n  for (var i = 0; i < colors.length; i++) {\n    cy.wrap(colors[i]).should('be.visible');\n  }\n});",
              "err": {
                "message": "CypressError: Timed out retrying: Expected to find element: '.color', but never found it.",
                "estack": "CypressError: Timed out retrying: Expected to find element: '.color', but never found it.\n    at cypressErr (http://localhost:43125/__cypress/runner/cypress_runner.js:149934:9)\n    at throwErr (http://localhost:43125/__cypress/runner/cypress_runner.js:149867:11)\n    at Object.throwErrByPath (http://localhost:43125/__cypress/runner/cypress_runner.js:149915:3)\n    at retry (http://localhost:43125/__cypress/runner/cypress_runner.js:144197:19)\n    at onFailFn (http://localhost:43125/__cypress/runner/cypress_runner.js:132448:16)\n    at tryCatcher (http://localhost:43125/__cypress/runner/cypress_runner.js:167415:23)\n    at Promise._settlePromiseFromHandler (http://localhost:43125/__cypress/runner/cypress_runner.js:165351:31)\n    at Promise._settlePromise (http://localhost:43125/__cypress/runner/cypress_runner.js:165408:18)\n    at Promise._settlePromise0 (http://localhost:43125/__cypress/runner/cypress_runner.js:165453:10)\n    at Promise._settlePromises (http://localhost:43125/__cypress/runner/cypress_runner.js:165528:18)\n    at Async../node_modules/bluebird/js/release/async.js.Async._drainQueue (http://localhost:43125/__cypress/runner/cypress_runner.js:162140:16)\n    at Async../node_modules/bluebird/js/release/async.js.Async._drainQueues (http://localhost:43125/__cypress/runner/cypress_runner.js:162150:10)\n    at Async.drainQueues (http://localhost:43125/__cypress/runner/cypress_runner.js:162024:14)",
                "diff": null
              },
              "uuid": "18c3a8c0-f802-4c81-adcd-a1455f93f407",
              "parentUUID": "78ca760b-a3c0-4c06-ad84-32094606cd2e",
              "isHook": false,
              "skipped": false
            },
            {
              "title": "Verifica se a cor de fundo de cada elemento da paleta é a cor que o elemento representa. **A única cor não permitida na paleta é a cor branca.**",
              "fullTitle": "2 - Adicione à página uma paleta de quatro cores distintas. Verifica se a cor de fundo de cada elemento da paleta é a cor que o elemento representa. **A única cor não permitida na paleta é a cor branca.**",
              "timedOut": null,
              "duration": 4365,
              "state": "failed",
              "speed": null,
              "pass": false,
              "fail": true,
              "pending": false,
              "context": null,
              "code": "cy.get('.color').each(function (color) {\n  cy.wrap(color).should('have.class', 'color').and('not.have.css', 'background-color', WHITE);\n  cy.wrap(color).should('have.css', 'background-color');\n});",
              "err": {
                "message": "CypressError: Timed out retrying: Expected to find element: '.color', but never found it.",
                "estack": "CypressError: Timed out retrying: Expected to find element: '.color', but never found it.\n    at cypressErr (http://localhost:43125/__cypress/runner/cypress_runner.js:149934:9)\n    at throwErr (http://localhost:43125/__cypress/runner/cypress_runner.js:149867:11)\n    at Object.throwErrByPath (http://localhost:43125/__cypress/runner/cypress_runner.js:149915:3)\n    at retry (http://localhost:43125/__cypress/runner/cypress_runner.js:144197:19)\n    at onFailFn (http://localhost:43125/__cypress/runner/cypress_runner.js:132448:16)\n    at tryCatcher (http://localhost:43125/__cypress/runner/cypress_runner.js:167415:23)\n    at Promise._settlePromiseFromHandler (http://localhost:43125/__cypress/runner/cypress_runner.js:165351:31)\n    at Promise._settlePromise (http://localhost:43125/__cypress/runner/cypress_runner.js:165408:18)\n    at Promise._settlePromise0 (http://localhost:43125/__cypress/runner/cypress_runner.js:165453:10)\n    at Promise._settlePromises (http://localhost:43125/__cypress/runner/cypress_runner.js:165528:18)\n    at Async../node_modules/bluebird/js/release/async.js.Async._drainQueue (http://localhost:43125/__cypress/runner/cypress_runner.js:162140:16)\n    at Async../node_modules/bluebird/js/release/async.js.Async._drainQueues (http://localhost:43125/__cypress/runner/cypress_runner.js:162150:10)\n    at Async.drainQueues (http://localhost:43125/__cypress/runner/cypress_runner.js:162024:14)",
                "diff": null
              },
              "uuid": "1deb4302-7ed0-49e2-87bf-e10347df3668",
              "parentUUID": "78ca760b-a3c0-4c06-ad84-32094606cd2e",
              "isHook": false,
              "skipped": false
            },
            {
              "title": "Verifica se cada elemento da paleta de cores tem uma borda preta, sólida e com 1 pixel de largura;",
              "fullTitle": "2 - Adicione à página uma paleta de quatro cores distintas. Verifica se cada elemento da paleta de cores tem uma borda preta, sólida e com 1 pixel de largura;",
              "timedOut": null,
              "duration": 4371,
              "state": "failed",
              "speed": null,
              "pass": false,
              "fail": true,
              "pending": false,
              "context": null,
              "code": "cy.get('.color').each(function (color) {\n  cy.wrap(color).and('have.css', 'border', \"1px solid \".concat(BLACK)).and('have.class', 'color');\n});",
              "err": {
                "message": "CypressError: Timed out retrying: Expected to find element: '.color', but never found it.",
                "estack": "CypressError: Timed out retrying: Expected to find element: '.color', but never found it.\n    at cypressErr (http://localhost:43125/__cypress/runner/cypress_runner.js:149934:9)\n    at throwErr (http://localhost:43125/__cypress/runner/cypress_runner.js:149867:11)\n    at Object.throwErrByPath (http://localhost:43125/__cypress/runner/cypress_runner.js:149915:3)\n    at retry (http://localhost:43125/__cypress/runner/cypress_runner.js:144197:19)\n    at onFailFn (http://localhost:43125/__cypress/runner/cypress_runner.js:132448:16)\n    at tryCatcher (http://localhost:43125/__cypress/runner/cypress_runner.js:167415:23)\n    at Promise._settlePromiseFromHandler (http://localhost:43125/__cypress/runner/cypress_runner.js:165351:31)\n    at Promise._settlePromise (http://localhost:43125/__cypress/runner/cypress_runner.js:165408:18)\n    at Promise._settlePromise0 (http://localhost:43125/__cypress/runner/cypress_runner.js:165453:10)\n    at Promise._settlePromises (http://localhost:43125/__cypress/runner/cypress_runner.js:165528:18)\n    at Async../node_modules/bluebird/js/release/async.js.Async._drainQueue (http://localhost:43125/__cypress/runner/cypress_runner.js:162140:16)\n    at Async../node_modules/bluebird/js/release/async.js.Async._drainQueues (http://localhost:43125/__cypress/runner/cypress_runner.js:162150:10)\n    at Async.drainQueues (http://localhost:43125/__cypress/runner/cypress_runner.js:162024:14)",
                "diff": null
              },
              "uuid": "6e40c06f-2a20-4cc0-a316-604eaf24f857",
              "parentUUID": "78ca760b-a3c0-4c06-ad84-32094606cd2e",
              "isHook": false,
              "skipped": false
            },
            {
              "title": "Verifica se a paleta lista todas as cores disponíveis para utilização, lado a lado.",
              "fullTitle": "2 - Adicione à página uma paleta de quatro cores distintas. Verifica se a paleta lista todas as cores disponíveis para utilização, lado a lado.",
              "timedOut": null,
              "duration": 4415,
              "state": "failed",
              "speed": null,
              "pass": false,
              "fail": true,
              "pending": false,
              "context": null,
              "code": "cy.get('.color').then(function (colors) {\n  for (var index = 1; index < colors.length; index += 1) {\n    var currentColor = colors[index];\n    var previousColor = colors[index - 1];\n    cy.wrap(currentColor).should('be.onTheRightOf', previousColor).and('be.horizontallyAlignedWith', previousColor);\n  }\n});",
              "err": {
                "message": "CypressError: Timed out retrying: Expected to find element: '.color', but never found it.",
                "estack": "CypressError: Timed out retrying: Expected to find element: '.color', but never found it.\n    at cypressErr (http://localhost:43125/__cypress/runner/cypress_runner.js:149934:9)\n    at throwErr (http://localhost:43125/__cypress/runner/cypress_runner.js:149867:11)\n    at Object.throwErrByPath (http://localhost:43125/__cypress/runner/cypress_runner.js:149915:3)\n    at retry (http://localhost:43125/__cypress/runner/cypress_runner.js:144197:19)\n    at onFailFn (http://localhost:43125/__cypress/runner/cypress_runner.js:132448:16)\n    at tryCatcher (http://localhost:43125/__cypress/runner/cypress_runner.js:167415:23)\n    at Promise._settlePromiseFromHandler (http://localhost:43125/__cypress/runner/cypress_runner.js:165351:31)\n    at Promise._settlePromise (http://localhost:43125/__cypress/runner/cypress_runner.js:165408:18)\n    at Promise._settlePromise0 (http://localhost:43125/__cypress/runner/cypress_runner.js:165453:10)\n    at Promise._settlePromises (http://localhost:43125/__cypress/runner/cypress_runner.js:165528:18)\n    at Async../node_modules/bluebird/js/release/async.js.Async._drainQueue (http://localhost:43125/__cypress/runner/cypress_runner.js:162140:16)\n    at Async../node_modules/bluebird/js/release/async.js.Async._drainQueues (http://localhost:43125/__cypress/runner/cypress_runner.js:162150:10)\n    at Async.drainQueues (http://localhost:43125/__cypress/runner/cypress_runner.js:162024:14)",
                "diff": null
              },
              "uuid": "20a2f81c-cc85-4dbc-aff7-839a19883604",
              "parentUUID": "78ca760b-a3c0-4c06-ad84-32094606cd2e",
              "isHook": false,
              "skipped": false
            },
            {
              "title": "Verifica se a paleta de cores está posicionada abaixo do título 'Paleta de Cores'",
              "fullTitle": "2 - Adicione à página uma paleta de quatro cores distintas. Verifica se a paleta de cores está posicionada abaixo do título 'Paleta de Cores'",
              "timedOut": null,
              "duration": 4414,
              "state": "failed",
              "speed": null,
              "pass": false,
              "fail": true,
              "pending": false,
              "context": null,
              "code": "cy.get('h1#title').then(function (title) {\n  cy.get('#color-palette').should('be.belowOf', title);\n});",
              "err": {
                "message": "CypressError: Timed out retrying: Expected to find element: 'h1#title', but never found it.",
                "estack": "CypressError: Timed out retrying: Expected to find element: 'h1#title', but never found it.\n    at cypressErr (http://localhost:43125/__cypress/runner/cypress_runner.js:149934:9)\n    at throwErr (http://localhost:43125/__cypress/runner/cypress_runner.js:149867:11)\n    at Object.throwErrByPath (http://localhost:43125/__cypress/runner/cypress_runner.js:149915:3)\n    at retry (http://localhost:43125/__cypress/runner/cypress_runner.js:144197:19)\n    at onFailFn (http://localhost:43125/__cypress/runner/cypress_runner.js:132448:16)\n    at tryCatcher (http://localhost:43125/__cypress/runner/cypress_runner.js:167415:23)\n    at Promise._settlePromiseFromHandler (http://localhost:43125/__cypress/runner/cypress_runner.js:165351:31)\n    at Promise._settlePromise (http://localhost:43125/__cypress/runner/cypress_runner.js:165408:18)\n    at Promise._settlePromise0 (http://localhost:43125/__cypress/runner/cypress_runner.js:165453:10)\n    at Promise._settlePromises (http://localhost:43125/__cypress/runner/cypress_runner.js:165528:18)\n    at Async../node_modules/bluebird/js/release/async.js.Async._drainQueue (http://localhost:43125/__cypress/runner/cypress_runner.js:162140:16)\n    at Async../node_modules/bluebird/js/release/async.js.Async._drainQueues (http://localhost:43125/__cypress/runner/cypress_runner.js:162150:10)\n    at Async.drainQueues (http://localhost:43125/__cypress/runner/cypress_runner.js:162024:14)",
                "diff": null
              },
              "uuid": "ce75db04-9360-4335-ab78-44d52e193418",
              "parentUUID": "78ca760b-a3c0-4c06-ad84-32094606cd2e",
              "isHook": false,
              "skipped": false
            },
            {
              "title": "Verifica se a paleta de cores não contém cores repetidas.",
              "fullTitle": "2 - Adicione à página uma paleta de quatro cores distintas. Verifica se a paleta de cores não contém cores repetidas.",
              "timedOut": null,
              "duration": 4343,
              "state": "failed",
              "speed": null,
              "pass": false,
              "fail": true,
              "pending": false,
              "context": null,
              "code": "cy.get('.color').then(function (colors) {\n  var allColors = Array.from(colors).map(function (color) {\n    return Cypress.$(color).css('background-color');\n  });\n  cy.log(allColors);\n  var uniqColors = (0, _toConsumableArray2[\"default\"])(new Set(allColors));\n  cy.log(uniqColors);\n  expect(allColors.length).to.eq(uniqColors.length);\n});",
              "err": {
                "message": "CypressError: Timed out retrying: Expected to find element: '.color', but never found it.",
                "estack": "CypressError: Timed out retrying: Expected to find element: '.color', but never found it.\n    at cypressErr (http://localhost:43125/__cypress/runner/cypress_runner.js:149934:9)\n    at throwErr (http://localhost:43125/__cypress/runner/cypress_runner.js:149867:11)\n    at Object.throwErrByPath (http://localhost:43125/__cypress/runner/cypress_runner.js:149915:3)\n    at retry (http://localhost:43125/__cypress/runner/cypress_runner.js:144197:19)\n    at onFailFn (http://localhost:43125/__cypress/runner/cypress_runner.js:132448:16)\n    at tryCatcher (http://localhost:43125/__cypress/runner/cypress_runner.js:167415:23)\n    at Promise._settlePromiseFromHandler (http://localhost:43125/__cypress/runner/cypress_runner.js:165351:31)\n    at Promise._settlePromise (http://localhost:43125/__cypress/runner/cypress_runner.js:165408:18)\n    at Promise._settlePromise0 (http://localhost:43125/__cypress/runner/cypress_runner.js:165453:10)\n    at Promise._settlePromises (http://localhost:43125/__cypress/runner/cypress_runner.js:165528:18)\n    at Async../node_modules/bluebird/js/release/async.js.Async._drainQueue (http://localhost:43125/__cypress/runner/cypress_runner.js:162140:16)\n    at Async../node_modules/bluebird/js/release/async.js.Async._drainQueues (http://localhost:43125/__cypress/runner/cypress_runner.js:162150:10)\n    at Async.drainQueues (http://localhost:43125/__cypress/runner/cypress_runner.js:162024:14)",
                "diff": null
              },
              "uuid": "011710df-082f-4ae2-a85e-43439aa8d644",
              "parentUUID": "78ca760b-a3c0-4c06-ad84-32094606cd2e",
              "isHook": false,
              "skipped": false
            }
          ],
          "suites": [],
          "passes": [],
          "failures": [
            "e4004736-9a3d-41df-bc89-25d73898f511",
            "18c3a8c0-f802-4c81-adcd-a1455f93f407",
            "1deb4302-7ed0-49e2-87bf-e10347df3668",
            "6e40c06f-2a20-4cc0-a316-604eaf24f857",
            "20a2f81c-cc85-4dbc-aff7-839a19883604",
            "ce75db04-9360-4335-ab78-44d52e193418",
            "011710df-082f-4ae2-a85e-43439aa8d644"
          ],
          "pending": [],
          "skipped": [],
          "duration": 30726,
          "root": false,
          "rootEmpty": false,
          "_timeout": 2000
        },
        {
          "uuid": "c2c26c64-350f-417c-aecd-48b942d06496",
          "title": "3 - Adicione a cor **preta** como a primeira cor da paleta de cores.",
          "fullFile": "",
          "file": "",
          "beforeHooks": [],
          "afterHooks": [],
          "tests": [
            {
              "title": "Verifica se a primeira cor da paleta é preta",
              "fullTitle": "3 - Adicione a cor **preta** como a primeira cor da paleta de cores. Verifica se a primeira cor da paleta é preta",
              "timedOut": null,
              "duration": 4426,
              "state": "failed",
              "speed": null,
              "pass": false,
              "fail": true,
              "pending": false,
              "context": null,
              "code": "cy.get('.color').first().should('have.css', 'background-color', BLACK);",
              "err": {
                "message": "CypressError: Timed out retrying: Expected to find element: '.color', but never found it.",
                "estack": "CypressError: Timed out retrying: Expected to find element: '.color', but never found it.\n    at cypressErr (http://localhost:43125/__cypress/runner/cypress_runner.js:149934:9)\n    at throwErr (http://localhost:43125/__cypress/runner/cypress_runner.js:149867:11)\n    at Object.throwErrByPath (http://localhost:43125/__cypress/runner/cypress_runner.js:149915:3)\n    at retry (http://localhost:43125/__cypress/runner/cypress_runner.js:144197:19)\n    at onFailFn (http://localhost:43125/__cypress/runner/cypress_runner.js:132448:16)\n    at tryCatcher (http://localhost:43125/__cypress/runner/cypress_runner.js:167415:23)\n    at Promise._settlePromiseFromHandler (http://localhost:43125/__cypress/runner/cypress_runner.js:165351:31)\n    at Promise._settlePromise (http://localhost:43125/__cypress/runner/cypress_runner.js:165408:18)\n    at Promise._settlePromise0 (http://localhost:43125/__cypress/runner/cypress_runner.js:165453:10)\n    at Promise._settlePromises (http://localhost:43125/__cypress/runner/cypress_runner.js:165528:18)\n    at Async../node_modules/bluebird/js/release/async.js.Async._drainQueue (http://localhost:43125/__cypress/runner/cypress_runner.js:162140:16)\n    at Async../node_modules/bluebird/js/release/async.js.Async._drainQueues (http://localhost:43125/__cypress/runner/cypress_runner.js:162150:10)\n    at Async.drainQueues (http://localhost:43125/__cypress/runner/cypress_runner.js:162024:14)",
                "diff": null
              },
              "uuid": "f0631018-f49a-4a00-a573-0fa8aa4d7062",
              "parentUUID": "c2c26c64-350f-417c-aecd-48b942d06496",
              "isHook": false,
              "skipped": false
            },
            {
              "title": "Verifica se as demais cores podem ser escolhidas livremente.",
              "fullTitle": "3 - Adicione a cor **preta** como a primeira cor da paleta de cores. Verifica se as demais cores podem ser escolhidas livremente.",
              "timedOut": null,
              "duration": 4373,
              "state": "failed",
              "speed": null,
              "pass": false,
              "fail": true,
              "pending": false,
              "context": null,
              "code": "cy.get('.color').eq(1).should('not.have.css', 'background-color', BLACK);\ncy.get('.color').eq(1).should('not.have.css', 'background-color', WHITE);\ncy.get('.color').eq(1).should('not.have.css', 'background-color', 'rgba(0, 0, 0, 0)');\ncy.get('.color').eq(1).should('have.css', 'background-color');\ncy.get('.color').eq(2).should('not.have.css', 'background-color', BLACK);\ncy.get('.color').eq(2).should('not.have.css', 'background-color', WHITE);\ncy.get('.color').eq(2).should('not.have.css', 'background-color', 'rgba(0, 0, 0, 0)');\ncy.get('.color').eq(2).should('have.css', 'background-color');\ncy.get('.color').eq(3).should('not.have.css', 'background-color', BLACK);\ncy.get('.color').eq(3).should('not.have.css', 'background-color', WHITE);\ncy.get('.color').eq(3).should('not.have.css', 'background-color', 'rgba(0, 0, 0, 0)');\ncy.get('.color').eq(3).should('have.css', 'background-color');",
              "err": {
                "message": "CypressError: Timed out retrying: Expected to find element: '.color', but never found it.",
                "estack": "CypressError: Timed out retrying: Expected to find element: '.color', but never found it.\n    at cypressErr (http://localhost:43125/__cypress/runner/cypress_runner.js:149934:9)\n    at throwErr (http://localhost:43125/__cypress/runner/cypress_runner.js:149867:11)\n    at Object.throwErrByPath (http://localhost:43125/__cypress/runner/cypress_runner.js:149915:3)\n    at retry (http://localhost:43125/__cypress/runner/cypress_runner.js:144197:19)\n    at onFailFn (http://localhost:43125/__cypress/runner/cypress_runner.js:132448:16)\n    at tryCatcher (http://localhost:43125/__cypress/runner/cypress_runner.js:167415:23)\n    at Promise._settlePromiseFromHandler (http://localhost:43125/__cypress/runner/cypress_runner.js:165351:31)\n    at Promise._settlePromise (http://localhost:43125/__cypress/runner/cypress_runner.js:165408:18)\n    at Promise._settlePromise0 (http://localhost:43125/__cypress/runner/cypress_runner.js:165453:10)\n    at Promise._settlePromises (http://localhost:43125/__cypress/runner/cypress_runner.js:165528:18)\n    at Async../node_modules/bluebird/js/release/async.js.Async._drainQueue (http://localhost:43125/__cypress/runner/cypress_runner.js:162140:16)\n    at Async../node_modules/bluebird/js/release/async.js.Async._drainQueues (http://localhost:43125/__cypress/runner/cypress_runner.js:162150:10)\n    at Async.drainQueues (http://localhost:43125/__cypress/runner/cypress_runner.js:162024:14)",
                "diff": null
              },
              "uuid": "642bf702-a7bc-4f99-8708-bf9d8ff4210e",
              "parentUUID": "c2c26c64-350f-417c-aecd-48b942d06496",
              "isHook": false,
              "skipped": false
            }
          ],
          "suites": [],
          "passes": [],
          "failures": [
            "f0631018-f49a-4a00-a573-0fa8aa4d7062",
            "642bf702-a7bc-4f99-8708-bf9d8ff4210e"
          ],
          "pending": [],
          "skipped": [],
          "duration": 8799,
          "root": false,
          "rootEmpty": false,
          "_timeout": 2000
        },
        {
          "uuid": "55c3324b-4611-434e-8016-fbf63bf770e2",
          "title": "4 - Adicione à página um quadro de pixels, com 25 pixels.",
          "fullFile": "",
          "file": "",
          "beforeHooks": [],
          "afterHooks": [],
          "tests": [
            {
              "title": "Verifica se o quadro de pixels possui o `id` denominado `pixel-board`",
              "fullTitle": "4 - Adicione à página um quadro de pixels, com 25 pixels. Verifica se o quadro de pixels possui o `id` denominado `pixel-board`",
              "timedOut": null,
              "duration": 4447,
              "state": "failed",
              "speed": null,
              "pass": false,
              "fail": true,
              "pending": false,
              "context": null,
              "code": "cy.get('#pixel-board').should('be.visible');",
              "err": {
                "message": "CypressError: Timed out retrying: Expected to find element: '#pixel-board', but never found it.",
                "estack": "CypressError: Timed out retrying: Expected to find element: '#pixel-board', but never found it.\n    at cypressErr (http://localhost:43125/__cypress/runner/cypress_runner.js:149934:9)\n    at throwErr (http://localhost:43125/__cypress/runner/cypress_runner.js:149867:11)\n    at Object.throwErrByPath (http://localhost:43125/__cypress/runner/cypress_runner.js:149915:3)\n    at retry (http://localhost:43125/__cypress/runner/cypress_runner.js:144197:19)\n    at onFailFn (http://localhost:43125/__cypress/runner/cypress_runner.js:132448:16)\n    at tryCatcher (http://localhost:43125/__cypress/runner/cypress_runner.js:167415:23)\n    at Promise._settlePromiseFromHandler (http://localhost:43125/__cypress/runner/cypress_runner.js:165351:31)\n    at Promise._settlePromise (http://localhost:43125/__cypress/runner/cypress_runner.js:165408:18)\n    at Promise._settlePromise0 (http://localhost:43125/__cypress/runner/cypress_runner.js:165453:10)\n    at Promise._settlePromises (http://localhost:43125/__cypress/runner/cypress_runner.js:165528:18)\n    at Async../node_modules/bluebird/js/release/async.js.Async._drainQueue (http://localhost:43125/__cypress/runner/cypress_runner.js:162140:16)\n    at Async../node_modules/bluebird/js/release/async.js.Async._drainQueues (http://localhost:43125/__cypress/runner/cypress_runner.js:162150:10)\n    at Async.drainQueues (http://localhost:43125/__cypress/runner/cypress_runner.js:162024:14)",
                "diff": null
              },
              "uuid": "0f9e7397-6315-4a2f-81ff-7502997ea912",
              "parentUUID": "55c3324b-4611-434e-8016-fbf63bf770e2",
              "isHook": false,
              "skipped": false
            },
            {
              "title": "Verifica se cada pixel individual dentro do quadro possui a `classe` denominada `pixel`.",
              "fullTitle": "4 - Adicione à página um quadro de pixels, com 25 pixels. Verifica se cada pixel individual dentro do quadro possui a `classe` denominada `pixel`.",
              "timedOut": null,
              "duration": 4373,
              "state": "failed",
              "speed": null,
              "pass": false,
              "fail": true,
              "pending": false,
              "context": null,
              "code": "cy.get('.pixel').should('have.length', 25);",
              "err": {
                "message": "CypressError: Timed out retrying: Expected to find element: '.pixel', but never found it.",
                "estack": "CypressError: Timed out retrying: Expected to find element: '.pixel', but never found it.\n    at cypressErr (http://localhost:43125/__cypress/runner/cypress_runner.js:149934:9)\n    at throwErr (http://localhost:43125/__cypress/runner/cypress_runner.js:149867:11)\n    at Object.throwErrByPath (http://localhost:43125/__cypress/runner/cypress_runner.js:149915:3)\n    at retry (http://localhost:43125/__cypress/runner/cypress_runner.js:144197:19)\n    at onFailFn (http://localhost:43125/__cypress/runner/cypress_runner.js:132448:16)\n    at tryCatcher (http://localhost:43125/__cypress/runner/cypress_runner.js:167415:23)\n    at Promise._settlePromiseFromHandler (http://localhost:43125/__cypress/runner/cypress_runner.js:165351:31)\n    at Promise._settlePromise (http://localhost:43125/__cypress/runner/cypress_runner.js:165408:18)\n    at Promise._settlePromise0 (http://localhost:43125/__cypress/runner/cypress_runner.js:165453:10)\n    at Promise._settlePromises (http://localhost:43125/__cypress/runner/cypress_runner.js:165528:18)\n    at Async../node_modules/bluebird/js/release/async.js.Async._drainQueue (http://localhost:43125/__cypress/runner/cypress_runner.js:162140:16)\n    at Async../node_modules/bluebird/js/release/async.js.Async._drainQueues (http://localhost:43125/__cypress/runner/cypress_runner.js:162150:10)\n    at Async.drainQueues (http://localhost:43125/__cypress/runner/cypress_runner.js:162024:14)",
                "diff": null
              },
              "uuid": "d2e45097-494a-4c23-b54b-02465a1d6a03",
              "parentUUID": "55c3324b-4611-434e-8016-fbf63bf770e2",
              "isHook": false,
              "skipped": false
            },
            {
              "title": "Verifica se a cor inicial dos pixels dentro do quadro, ao abrir a página, é branca.",
              "fullTitle": "4 - Adicione à página um quadro de pixels, com 25 pixels. Verifica se a cor inicial dos pixels dentro do quadro, ao abrir a página, é branca.",
              "timedOut": null,
              "duration": 4467,
              "state": "failed",
              "speed": null,
              "pass": false,
              "fail": true,
              "pending": false,
              "context": null,
              "code": "cy.get('.pixel').should('have.length', 25).each(function (pixel) {\n  expect(pixel).to.have.css('background-color', WHITE);\n});",
              "err": {
                "message": "CypressError: Timed out retrying: Expected to find element: '.pixel', but never found it.",
                "estack": "CypressError: Timed out retrying: Expected to find element: '.pixel', but never found it.\n    at cypressErr (http://localhost:43125/__cypress/runner/cypress_runner.js:149934:9)\n    at throwErr (http://localhost:43125/__cypress/runner/cypress_runner.js:149867:11)\n    at Object.throwErrByPath (http://localhost:43125/__cypress/runner/cypress_runner.js:149915:3)\n    at retry (http://localhost:43125/__cypress/runner/cypress_runner.js:144197:19)\n    at onFailFn (http://localhost:43125/__cypress/runner/cypress_runner.js:132448:16)\n    at tryCatcher (http://localhost:43125/__cypress/runner/cypress_runner.js:167415:23)\n    at Promise._settlePromiseFromHandler (http://localhost:43125/__cypress/runner/cypress_runner.js:165351:31)\n    at Promise._settlePromise (http://localhost:43125/__cypress/runner/cypress_runner.js:165408:18)\n    at Promise._settlePromise0 (http://localhost:43125/__cypress/runner/cypress_runner.js:165453:10)\n    at Promise._settlePromises (http://localhost:43125/__cypress/runner/cypress_runner.js:165528:18)\n    at Async../node_modules/bluebird/js/release/async.js.Async._drainQueue (http://localhost:43125/__cypress/runner/cypress_runner.js:162140:16)\n    at Async../node_modules/bluebird/js/release/async.js.Async._drainQueues (http://localhost:43125/__cypress/runner/cypress_runner.js:162150:10)\n    at Async.drainQueues (http://localhost:43125/__cypress/runner/cypress_runner.js:162024:14)",
                "diff": null
              },
              "uuid": "b158efb7-2e02-459b-bd28-c8b99c995ba9",
              "parentUUID": "55c3324b-4611-434e-8016-fbf63bf770e2",
              "isHook": false,
              "skipped": false
            },
            {
              "title": "Verifica se o quadro de pixels aparece abaixo da paleta de cores",
              "fullTitle": "4 - Adicione à página um quadro de pixels, com 25 pixels. Verifica se o quadro de pixels aparece abaixo da paleta de cores",
              "timedOut": null,
              "duration": 4406,
              "state": "failed",
              "speed": null,
              "pass": false,
              "fail": true,
              "pending": false,
              "context": null,
              "code": "cy.get('#color-palette').then(function (palette) {\n  cy.get('#pixel-board').should('be.belowOf', palette);\n});",
              "err": {
                "message": "CypressError: Timed out retrying: Expected to find element: '#color-palette', but never found it.",
                "estack": "CypressError: Timed out retrying: Expected to find element: '#color-palette', but never found it.\n    at cypressErr (http://localhost:43125/__cypress/runner/cypress_runner.js:149934:9)\n    at throwErr (http://localhost:43125/__cypress/runner/cypress_runner.js:149867:11)\n    at Object.throwErrByPath (http://localhost:43125/__cypress/runner/cypress_runner.js:149915:3)\n    at retry (http://localhost:43125/__cypress/runner/cypress_runner.js:144197:19)\n    at onFailFn (http://localhost:43125/__cypress/runner/cypress_runner.js:132448:16)\n    at tryCatcher (http://localhost:43125/__cypress/runner/cypress_runner.js:167415:23)\n    at Promise._settlePromiseFromHandler (http://localhost:43125/__cypress/runner/cypress_runner.js:165351:31)\n    at Promise._settlePromise (http://localhost:43125/__cypress/runner/cypress_runner.js:165408:18)\n    at Promise._settlePromise0 (http://localhost:43125/__cypress/runner/cypress_runner.js:165453:10)\n    at Promise._settlePromises (http://localhost:43125/__cypress/runner/cypress_runner.js:165528:18)\n    at Async../node_modules/bluebird/js/release/async.js.Async._drainQueue (http://localhost:43125/__cypress/runner/cypress_runner.js:162140:16)\n    at Async../node_modules/bluebird/js/release/async.js.Async._drainQueues (http://localhost:43125/__cypress/runner/cypress_runner.js:162150:10)\n    at Async.drainQueues (http://localhost:43125/__cypress/runner/cypress_runner.js:162024:14)",
                "diff": null
              },
              "uuid": "c75fac42-17cd-4002-a832-15aef0ba0738",
              "parentUUID": "55c3324b-4611-434e-8016-fbf63bf770e2",
              "isHook": false,
              "skipped": false
            }
          ],
          "suites": [],
          "passes": [],
          "failures": [
            "0f9e7397-6315-4a2f-81ff-7502997ea912",
            "d2e45097-494a-4c23-b54b-02465a1d6a03",
            "b158efb7-2e02-459b-bd28-c8b99c995ba9",
            "c75fac42-17cd-4002-a832-15aef0ba0738"
          ],
          "pending": [],
          "skipped": [],
          "duration": 17693,
          "root": false,
          "rootEmpty": false,
          "_timeout": 2000
        },
        {
          "uuid": "2de1f56f-5c1b-4038-a110-d0603e92d5c4",
          "title": "5 - Faça com que cada elemento do quadro de pixels possua 40 pixels de largura, 40 pixels de altura e seja delimitado por uma borda preta de 1 pixel.",
          "fullFile": "",
          "file": "",
          "beforeHooks": [],
          "afterHooks": [],
          "tests": [
            {
              "title": "Verifica se o quadro de pixels tem altura e comprimento de 5 elementos",
              "fullTitle": "5 - Faça com que cada elemento do quadro de pixels possua 40 pixels de largura, 40 pixels de altura e seja delimitado por uma borda preta de 1 pixel. Verifica se o quadro de pixels tem altura e comprimento de 5 elementos",
              "timedOut": null,
              "duration": 4364,
              "state": "failed",
              "speed": null,
              "pass": false,
              "fail": true,
              "pending": false,
              "context": null,
              "code": "cy.get('.pixel').should('have.length', 25).each(function (pixel) {\n  expect(pixel).to.have.css('background-color', WHITE);\n}).and(function (pixels) {\n  var rows = chunk(pixels, 5);\n  rows.forEach(function (row) {\n    for (var index = 1; index < row.length; index += 1) {\n      var current = pixels[index];\n      var previous = pixels[index - 1];\n      cy.wrap(current).should('be.onTheRightOf', previous).and('be.horizontallyAlignedWith', previous);\n    }\n  });\n  for (var index = 1; index < 5; index += 1) {\n    expect(pixels[index * 5]).to.be.belowOf(pixels[(index - 1) * 5]);\n  }\n});",
              "err": {
                "message": "CypressError: Timed out retrying: Expected to find element: '.pixel', but never found it.",
                "estack": "CypressError: Timed out retrying: Expected to find element: '.pixel', but never found it.\n    at cypressErr (http://localhost:43125/__cypress/runner/cypress_runner.js:149934:9)\n    at throwErr (http://localhost:43125/__cypress/runner/cypress_runner.js:149867:11)\n    at Object.throwErrByPath (http://localhost:43125/__cypress/runner/cypress_runner.js:149915:3)\n    at retry (http://localhost:43125/__cypress/runner/cypress_runner.js:144197:19)\n    at onFailFn (http://localhost:43125/__cypress/runner/cypress_runner.js:132448:16)\n    at tryCatcher (http://localhost:43125/__cypress/runner/cypress_runner.js:167415:23)\n    at Promise._settlePromiseFromHandler (http://localhost:43125/__cypress/runner/cypress_runner.js:165351:31)\n    at Promise._settlePromise (http://localhost:43125/__cypress/runner/cypress_runner.js:165408:18)\n    at Promise._settlePromise0 (http://localhost:43125/__cypress/runner/cypress_runner.js:165453:10)\n    at Promise._settlePromises (http://localhost:43125/__cypress/runner/cypress_runner.js:165528:18)\n    at Async../node_modules/bluebird/js/release/async.js.Async._drainQueue (http://localhost:43125/__cypress/runner/cypress_runner.js:162140:16)\n    at Async../node_modules/bluebird/js/release/async.js.Async._drainQueues (http://localhost:43125/__cypress/runner/cypress_runner.js:162150:10)\n    at Async.drainQueues (http://localhost:43125/__cypress/runner/cypress_runner.js:162024:14)",
                "diff": null
              },
              "uuid": "3af77610-3704-4148-a4ea-1f0af6ceae0b",
              "parentUUID": "2de1f56f-5c1b-4038-a110-d0603e92d5c4",
              "isHook": false,
              "skipped": false
            },
            {
              "title": "Verifica se 40 pixels é o tamanho total do elemento, incluindo seu conteúdo e excluindo a borda preta, que deve ser criada à parte.",
              "fullTitle": "5 - Faça com que cada elemento do quadro de pixels possua 40 pixels de largura, 40 pixels de altura e seja delimitado por uma borda preta de 1 pixel. Verifica se 40 pixels é o tamanho total do elemento, incluindo seu conteúdo e excluindo a borda preta, que deve ser criada à parte.",
              "timedOut": null,
              "duration": 4331,
              "state": "failed",
              "speed": null,
              "pass": false,
              "fail": true,
              "pending": false,
              "context": null,
              "code": "cy.get('.pixel').each(function (pixel) {\n  cy.wrap(pixel).should('have.css', 'height', '40px').and('have.css', 'width', '40px').and('have.css', 'border', \"1px solid \".concat(BLACK));\n});",
              "err": {
                "message": "CypressError: Timed out retrying: Expected to find element: '.pixel', but never found it.",
                "estack": "CypressError: Timed out retrying: Expected to find element: '.pixel', but never found it.\n    at cypressErr (http://localhost:43125/__cypress/runner/cypress_runner.js:149934:9)\n    at throwErr (http://localhost:43125/__cypress/runner/cypress_runner.js:149867:11)\n    at Object.throwErrByPath (http://localhost:43125/__cypress/runner/cypress_runner.js:149915:3)\n    at retry (http://localhost:43125/__cypress/runner/cypress_runner.js:144197:19)\n    at onFailFn (http://localhost:43125/__cypress/runner/cypress_runner.js:132448:16)\n    at tryCatcher (http://localhost:43125/__cypress/runner/cypress_runner.js:167415:23)\n    at Promise._settlePromiseFromHandler (http://localhost:43125/__cypress/runner/cypress_runner.js:165351:31)\n    at Promise._settlePromise (http://localhost:43125/__cypress/runner/cypress_runner.js:165408:18)\n    at Promise._settlePromise0 (http://localhost:43125/__cypress/runner/cypress_runner.js:165453:10)\n    at Promise._settlePromises (http://localhost:43125/__cypress/runner/cypress_runner.js:165528:18)\n    at Async../node_modules/bluebird/js/release/async.js.Async._drainQueue (http://localhost:43125/__cypress/runner/cypress_runner.js:162140:16)\n    at Async../node_modules/bluebird/js/release/async.js.Async._drainQueues (http://localhost:43125/__cypress/runner/cypress_runner.js:162150:10)\n    at Async.drainQueues (http://localhost:43125/__cypress/runner/cypress_runner.js:162024:14)",
                "diff": null
              },
              "uuid": "4c6439f1-b129-46b6-91ce-4192e1efbfc0",
              "parentUUID": "2de1f56f-5c1b-4038-a110-d0603e92d5c4",
              "isHook": false,
              "skipped": false
            }
          ],
          "suites": [],
          "passes": [],
          "failures": [
            "3af77610-3704-4148-a4ea-1f0af6ceae0b",
            "4c6439f1-b129-46b6-91ce-4192e1efbfc0"
          ],
          "pending": [],
          "skipped": [],
          "duration": 8695,
          "root": false,
          "rootEmpty": false,
          "_timeout": 2000
        },
        {
          "uuid": "9ef155cd-eaf1-4ca1-b1b7-2047c4c38292",
          "title": "6 - Defina a cor preta como cor inicial. Ao carregar a página a cor preta já deve estar selecionada para pintar os pixels",
          "fullFile": "",
          "file": "",
          "beforeHooks": [],
          "afterHooks": [],
          "tests": [
            {
              "title": "Verifica se o elemento da cor preta possui, inicialmente, a `classe` `selected`",
              "fullTitle": "6 - Defina a cor preta como cor inicial. Ao carregar a página a cor preta já deve estar selecionada para pintar os pixels Verifica se o elemento da cor preta possui, inicialmente, a `classe` `selected`",
              "timedOut": null,
              "duration": 4456,
              "state": "failed",
              "speed": null,
              "pass": false,
              "fail": true,
              "pending": false,
              "context": null,
              "code": "cy.get('.selected').first().should('have.css', 'background-color', BLACK);",
              "err": {
                "message": "CypressError: Timed out retrying: Expected to find element: '.selected', but never found it.",
                "estack": "CypressError: Timed out retrying: Expected to find element: '.selected', but never found it.\n    at cypressErr (http://localhost:43125/__cypress/runner/cypress_runner.js:149934:9)\n    at throwErr (http://localhost:43125/__cypress/runner/cypress_runner.js:149867:11)\n    at Object.throwErrByPath (http://localhost:43125/__cypress/runner/cypress_runner.js:149915:3)\n    at retry (http://localhost:43125/__cypress/runner/cypress_runner.js:144197:19)\n    at onFailFn (http://localhost:43125/__cypress/runner/cypress_runner.js:132448:16)\n    at tryCatcher (http://localhost:43125/__cypress/runner/cypress_runner.js:167415:23)\n    at Promise._settlePromiseFromHandler (http://localhost:43125/__cypress/runner/cypress_runner.js:165351:31)\n    at Promise._settlePromise (http://localhost:43125/__cypress/runner/cypress_runner.js:165408:18)\n    at Promise._settlePromise0 (http://localhost:43125/__cypress/runner/cypress_runner.js:165453:10)\n    at Promise._settlePromises (http://localhost:43125/__cypress/runner/cypress_runner.js:165528:18)\n    at Async../node_modules/bluebird/js/release/async.js.Async._drainQueue (http://localhost:43125/__cypress/runner/cypress_runner.js:162140:16)\n    at Async../node_modules/bluebird/js/release/async.js.Async._drainQueues (http://localhost:43125/__cypress/runner/cypress_runner.js:162150:10)\n    at Async.drainQueues (http://localhost:43125/__cypress/runner/cypress_runner.js:162024:14)",
                "diff": null
              },
              "uuid": "b7c9d07d-f346-4de6-ba10-6a3e2a6126cf",
              "parentUUID": "9ef155cd-eaf1-4ca1-b1b7-2047c4c38292",
              "isHook": false,
              "skipped": false
            },
            {
              "title": "Verifica se nenhuma outra cor da paleta tem a `classe` `selected`",
              "fullTitle": "6 - Defina a cor preta como cor inicial. Ao carregar a página a cor preta já deve estar selecionada para pintar os pixels Verifica se nenhuma outra cor da paleta tem a `classe` `selected`",
              "timedOut": null,
              "duration": 4480,
              "state": "failed",
              "speed": null,
              "pass": false,
              "fail": true,
              "pending": false,
              "context": null,
              "code": "cy.get('.color:not(:first-child)').each(function (color) {\n  cy.wrap(color).should('not.have.class', 'selected');\n});",
              "err": {
                "message": "CypressError: Timed out retrying: Expected to find element: '.color:not(:first-child)', but never found it.",
                "estack": "CypressError: Timed out retrying: Expected to find element: '.color:not(:first-child)', but never found it.\n    at cypressErr (http://localhost:43125/__cypress/runner/cypress_runner.js:149934:9)\n    at throwErr (http://localhost:43125/__cypress/runner/cypress_runner.js:149867:11)\n    at Object.throwErrByPath (http://localhost:43125/__cypress/runner/cypress_runner.js:149915:3)\n    at retry (http://localhost:43125/__cypress/runner/cypress_runner.js:144197:19)\n    at onFailFn (http://localhost:43125/__cypress/runner/cypress_runner.js:132448:16)\n    at tryCatcher (http://localhost:43125/__cypress/runner/cypress_runner.js:167415:23)\n    at Promise._settlePromiseFromHandler (http://localhost:43125/__cypress/runner/cypress_runner.js:165351:31)\n    at Promise._settlePromise (http://localhost:43125/__cypress/runner/cypress_runner.js:165408:18)\n    at Promise._settlePromise0 (http://localhost:43125/__cypress/runner/cypress_runner.js:165453:10)\n    at Promise._settlePromises (http://localhost:43125/__cypress/runner/cypress_runner.js:165528:18)\n    at Async../node_modules/bluebird/js/release/async.js.Async._drainQueue (http://localhost:43125/__cypress/runner/cypress_runner.js:162140:16)\n    at Async../node_modules/bluebird/js/release/async.js.Async._drainQueues (http://localhost:43125/__cypress/runner/cypress_runner.js:162150:10)\n    at Async.drainQueues (http://localhost:43125/__cypress/runner/cypress_runner.js:162024:14)",
                "diff": null
              },
              "uuid": "9bbfb42e-7f4c-4f3f-8b82-c3f7cea39726",
              "parentUUID": "9ef155cd-eaf1-4ca1-b1b7-2047c4c38292",
              "isHook": false,
              "skipped": false
            }
          ],
          "suites": [],
          "passes": [],
          "failures": [
            "b7c9d07d-f346-4de6-ba10-6a3e2a6126cf",
            "9bbfb42e-7f4c-4f3f-8b82-c3f7cea39726"
          ],
          "pending": [],
          "skipped": [],
          "duration": 8936,
          "root": false,
          "rootEmpty": false,
          "_timeout": 2000
        },
        {
          "uuid": "843940cc-b470-4944-8127-86223a0c9046",
          "title": "7 - Clicar em uma das cores da paleta, faz com que ela seja selecionada e utilizada para preencher os pixels no quadro.",
          "fullFile": "",
          "file": "",
          "beforeHooks": [],
          "afterHooks": [],
          "tests": [
            {
              "title": "Verifica se somente uma cor da paleta de cores tem a classe `selected` de cada vez",
              "fullTitle": "7 - Clicar em uma das cores da paleta, faz com que ela seja selecionada e utilizada para preencher os pixels no quadro. Verifica se somente uma cor da paleta de cores tem a classe `selected` de cada vez",
              "timedOut": null,
              "duration": 4395,
              "state": "failed",
              "speed": null,
              "pass": false,
              "fail": true,
              "pending": false,
              "context": null,
              "code": "cy.get('.color').each(function (selectedColor, selectedColorIndex) {\n  cy.wrap(selectedColor).click();\n  cy.get('.color').each(function (color, colorIndex) {\n    if (colorIndex === selectedColorIndex) {\n      expect(color).to.have[\"class\"]('selected');\n    } else {\n      expect(color).not.to.have[\"class\"]('selected');\n    }\n  });\n});",
              "err": {
                "message": "CypressError: Timed out retrying: Expected to find element: '.color', but never found it.",
                "estack": "CypressError: Timed out retrying: Expected to find element: '.color', but never found it.\n    at cypressErr (http://localhost:43125/__cypress/runner/cypress_runner.js:149934:9)\n    at throwErr (http://localhost:43125/__cypress/runner/cypress_runner.js:149867:11)\n    at Object.throwErrByPath (http://localhost:43125/__cypress/runner/cypress_runner.js:149915:3)\n    at retry (http://localhost:43125/__cypress/runner/cypress_runner.js:144197:19)\n    at onFailFn (http://localhost:43125/__cypress/runner/cypress_runner.js:132448:16)\n    at tryCatcher (http://localhost:43125/__cypress/runner/cypress_runner.js:167415:23)\n    at Promise._settlePromiseFromHandler (http://localhost:43125/__cypress/runner/cypress_runner.js:165351:31)\n    at Promise._settlePromise (http://localhost:43125/__cypress/runner/cypress_runner.js:165408:18)\n    at Promise._settlePromise0 (http://localhost:43125/__cypress/runner/cypress_runner.js:165453:10)\n    at Promise._settlePromises (http://localhost:43125/__cypress/runner/cypress_runner.js:165528:18)\n    at Async../node_modules/bluebird/js/release/async.js.Async._drainQueue (http://localhost:43125/__cypress/runner/cypress_runner.js:162140:16)\n    at Async../node_modules/bluebird/js/release/async.js.Async._drainQueues (http://localhost:43125/__cypress/runner/cypress_runner.js:162150:10)\n    at Async.drainQueues (http://localhost:43125/__cypress/runner/cypress_runner.js:162024:14)",
                "diff": null
              },
              "uuid": "b32cf56a-c9c1-40e4-a628-eb21a93d6ef7",
              "parentUUID": "843940cc-b470-4944-8127-86223a0c9046",
              "isHook": false,
              "skipped": false
            },
            {
              "title": "Verifica se os pixels dentro do quadro não têm a classe `selected` quando são clicados",
              "fullTitle": "7 - Clicar em uma das cores da paleta, faz com que ela seja selecionada e utilizada para preencher os pixels no quadro. Verifica se os pixels dentro do quadro não têm a classe `selected` quando são clicados",
              "timedOut": null,
              "duration": 4418,
              "state": "failed",
              "speed": null,
              "pass": false,
              "fail": true,
              "pending": false,
              "context": null,
              "code": "cy.get('.color').each(function (color) {\n  var backgroundColor = color.css('background-color');\n  cy.wrap(color).click();\n  cy.get('.pixel').each(function (pixel) {\n    cy.wrap(pixel).click().should('not.have.class', 'selected');\n  });\n});",
              "err": {
                "message": "CypressError: Timed out retrying: Expected to find element: '.color', but never found it.",
                "estack": "CypressError: Timed out retrying: Expected to find element: '.color', but never found it.\n    at cypressErr (http://localhost:43125/__cypress/runner/cypress_runner.js:149934:9)\n    at throwErr (http://localhost:43125/__cypress/runner/cypress_runner.js:149867:11)\n    at Object.throwErrByPath (http://localhost:43125/__cypress/runner/cypress_runner.js:149915:3)\n    at retry (http://localhost:43125/__cypress/runner/cypress_runner.js:144197:19)\n    at onFailFn (http://localhost:43125/__cypress/runner/cypress_runner.js:132448:16)\n    at tryCatcher (http://localhost:43125/__cypress/runner/cypress_runner.js:167415:23)\n    at Promise._settlePromiseFromHandler (http://localhost:43125/__cypress/runner/cypress_runner.js:165351:31)\n    at Promise._settlePromise (http://localhost:43125/__cypress/runner/cypress_runner.js:165408:18)\n    at Promise._settlePromise0 (http://localhost:43125/__cypress/runner/cypress_runner.js:165453:10)\n    at Promise._settlePromises (http://localhost:43125/__cypress/runner/cypress_runner.js:165528:18)\n    at Async../node_modules/bluebird/js/release/async.js.Async._drainQueue (http://localhost:43125/__cypress/runner/cypress_runner.js:162140:16)\n    at Async../node_modules/bluebird/js/release/async.js.Async._drainQueues (http://localhost:43125/__cypress/runner/cypress_runner.js:162150:10)\n    at Async.drainQueues (http://localhost:43125/__cypress/runner/cypress_runner.js:162024:14)",
                "diff": null
              },
              "uuid": "1a572b6f-034d-4d62-bdbc-f09e38069d58",
              "parentUUID": "843940cc-b470-4944-8127-86223a0c9046",
              "isHook": false,
              "skipped": false
            }
          ],
          "suites": [],
          "passes": [],
          "failures": [
            "b32cf56a-c9c1-40e4-a628-eb21a93d6ef7",
            "1a572b6f-034d-4d62-bdbc-f09e38069d58"
          ],
          "pending": [],
          "skipped": [],
          "duration": 8813,
          "root": false,
          "rootEmpty": false,
          "_timeout": 2000
        },
        {
          "uuid": "2bd5660c-b934-4b30-96d1-8f396b7455a0",
          "title": "8 - Clicar em um pixel dentro do quadro após selecionar uma cor na paleta, faz com que o pixel seja preenchido com a cor selecionada.",
          "fullFile": "",
          "file": "",
          "beforeHooks": [],
          "afterHooks": [],
          "tests": [
            {
              "title": "Verifica se ao carregar a página deve ser possível pintar os pixels de preto",
              "fullTitle": "8 - Clicar em um pixel dentro do quadro após selecionar uma cor na paleta, faz com que o pixel seja preenchido com a cor selecionada. Verifica se ao carregar a página deve ser possível pintar os pixels de preto",
              "timedOut": null,
              "duration": 4430,
              "state": "failed",
              "speed": null,
              "pass": false,
              "fail": true,
              "pending": false,
              "context": null,
              "code": "cy.get('.pixel').each(function (pixel) {\n  cy.wrap(pixel).click().should('have.css', 'background-color', BLACK);\n});",
              "err": {
                "message": "CypressError: Timed out retrying: Expected to find element: '.pixel', but never found it.",
                "estack": "CypressError: Timed out retrying: Expected to find element: '.pixel', but never found it.\n    at cypressErr (http://localhost:43125/__cypress/runner/cypress_runner.js:149934:9)\n    at throwErr (http://localhost:43125/__cypress/runner/cypress_runner.js:149867:11)\n    at Object.throwErrByPath (http://localhost:43125/__cypress/runner/cypress_runner.js:149915:3)\n    at retry (http://localhost:43125/__cypress/runner/cypress_runner.js:144197:19)\n    at onFailFn (http://localhost:43125/__cypress/runner/cypress_runner.js:132448:16)\n    at tryCatcher (http://localhost:43125/__cypress/runner/cypress_runner.js:167415:23)\n    at Promise._settlePromiseFromHandler (http://localhost:43125/__cypress/runner/cypress_runner.js:165351:31)\n    at Promise._settlePromise (http://localhost:43125/__cypress/runner/cypress_runner.js:165408:18)\n    at Promise._settlePromise0 (http://localhost:43125/__cypress/runner/cypress_runner.js:165453:10)\n    at Promise._settlePromises (http://localhost:43125/__cypress/runner/cypress_runner.js:165528:18)\n    at Async../node_modules/bluebird/js/release/async.js.Async._drainQueue (http://localhost:43125/__cypress/runner/cypress_runner.js:162140:16)\n    at Async../node_modules/bluebird/js/release/async.js.Async._drainQueues (http://localhost:43125/__cypress/runner/cypress_runner.js:162150:10)\n    at Async.drainQueues (http://localhost:43125/__cypress/runner/cypress_runner.js:162024:14)",
                "diff": null
              },
              "uuid": "f3545cef-079c-4cd4-80b7-5dc640bb5fdc",
              "parentUUID": "2bd5660c-b934-4b30-96d1-8f396b7455a0",
              "isHook": false,
              "skipped": false
            },
            {
              "title": "Verifica se após selecionar uma outra cor na paleta, é possível pintar os pixels com essa cor",
              "fullTitle": "8 - Clicar em um pixel dentro do quadro após selecionar uma cor na paleta, faz com que o pixel seja preenchido com a cor selecionada. Verifica se após selecionar uma outra cor na paleta, é possível pintar os pixels com essa cor",
              "timedOut": null,
              "duration": 4555,
              "state": "failed",
              "speed": null,
              "pass": false,
              "fail": true,
              "pending": false,
              "context": null,
              "code": "cy.get('.color').each(function (color) {\n  var backgroundColor = color.css('background-color');\n  cy.wrap(color).click();\n  cy.get('.pixel').each(function (pixel) {\n    cy.wrap(pixel).click().should('have.css', 'background-color', backgroundColor);\n  });\n});",
              "err": {
                "message": "CypressError: Timed out retrying: Expected to find element: '.color', but never found it.",
                "estack": "CypressError: Timed out retrying: Expected to find element: '.color', but never found it.\n    at cypressErr (http://localhost:43125/__cypress/runner/cypress_runner.js:149934:9)\n    at throwErr (http://localhost:43125/__cypress/runner/cypress_runner.js:149867:11)\n    at Object.throwErrByPath (http://localhost:43125/__cypress/runner/cypress_runner.js:149915:3)\n    at retry (http://localhost:43125/__cypress/runner/cypress_runner.js:144197:19)\n    at onFailFn (http://localhost:43125/__cypress/runner/cypress_runner.js:132448:16)\n    at tryCatcher (http://localhost:43125/__cypress/runner/cypress_runner.js:167415:23)\n    at Promise._settlePromiseFromHandler (http://localhost:43125/__cypress/runner/cypress_runner.js:165351:31)\n    at Promise._settlePromise (http://localhost:43125/__cypress/runner/cypress_runner.js:165408:18)\n    at Promise._settlePromise0 (http://localhost:43125/__cypress/runner/cypress_runner.js:165453:10)\n    at Promise._settlePromises (http://localhost:43125/__cypress/runner/cypress_runner.js:165528:18)\n    at Async../node_modules/bluebird/js/release/async.js.Async._drainQueue (http://localhost:43125/__cypress/runner/cypress_runner.js:162140:16)\n    at Async../node_modules/bluebird/js/release/async.js.Async._drainQueues (http://localhost:43125/__cypress/runner/cypress_runner.js:162150:10)\n    at Async.drainQueues (http://localhost:43125/__cypress/runner/cypress_runner.js:162024:14)",
                "diff": null
              },
              "uuid": "3e75944e-f2f0-467d-892f-8d80e4867e1d",
              "parentUUID": "2bd5660c-b934-4b30-96d1-8f396b7455a0",
              "isHook": false,
              "skipped": false
            },
            {
              "title": "Verifica se somente o pixel que foi clicado foi preenchido com a cor selecionada, sem influenciar na cor dos demais pixels.",
              "fullTitle": "8 - Clicar em um pixel dentro do quadro após selecionar uma cor na paleta, faz com que o pixel seja preenchido com a cor selecionada. Verifica se somente o pixel que foi clicado foi preenchido com a cor selecionada, sem influenciar na cor dos demais pixels.",
              "timedOut": null,
              "duration": 4417,
              "state": "failed",
              "speed": null,
              "pass": false,
              "fail": true,
              "pending": false,
              "context": null,
              "code": "var colorToPixelIndexMap = {\n  0: 6,\n  1: 8,\n  2: 16,\n  3: 18\n};\ncy.get('.color').each(function (color, index) {\n  cy.wrap(color).click();\n  var backgroundColor = color.css('background-color');\n  var clickedPixelIndex = colorToPixelIndexMap[index];\n  cy.get('.pixel').eq(clickedPixelIndex).click();\n  cy.get('.pixel').eq(clickedPixelIndex - 1).should('not.have.css', 'background-color', backgroundColor);\n  cy.get('.pixel').eq(clickedPixelIndex + 1).should('not.have.css', 'background-color', backgroundColor);\n  cy.get('.pixel').eq(clickedPixelIndex - 5).should('not.have.css', 'background-color', backgroundColor);\n  cy.get('.pixel').eq(clickedPixelIndex + 5).should('not.have.css', 'background-color', backgroundColor);\n  cy.get('.pixel').eq(clickedPixelIndex - 6).should('not.have.css', 'background-color', backgroundColor);\n  cy.get('.pixel').eq(clickedPixelIndex - 4).should('not.have.css', 'background-color', backgroundColor);\n  cy.get('.pixel').eq(clickedPixelIndex + 4).should('not.have.css', 'background-color', backgroundColor);\n  cy.get('.pixel').eq(clickedPixelIndex + 6).should('not.have.css', 'background-color', backgroundColor);\n});",
              "err": {
                "message": "CypressError: Timed out retrying: Expected to find element: '.color', but never found it.",
                "estack": "CypressError: Timed out retrying: Expected to find element: '.color', but never found it.\n    at cypressErr (http://localhost:43125/__cypress/runner/cypress_runner.js:149934:9)\n    at throwErr (http://localhost:43125/__cypress/runner/cypress_runner.js:149867:11)\n    at Object.throwErrByPath (http://localhost:43125/__cypress/runner/cypress_runner.js:149915:3)\n    at retry (http://localhost:43125/__cypress/runner/cypress_runner.js:144197:19)\n    at onFailFn (http://localhost:43125/__cypress/runner/cypress_runner.js:132448:16)\n    at tryCatcher (http://localhost:43125/__cypress/runner/cypress_runner.js:167415:23)\n    at Promise._settlePromiseFromHandler (http://localhost:43125/__cypress/runner/cypress_runner.js:165351:31)\n    at Promise._settlePromise (http://localhost:43125/__cypress/runner/cypress_runner.js:165408:18)\n    at Promise._settlePromise0 (http://localhost:43125/__cypress/runner/cypress_runner.js:165453:10)\n    at Promise._settlePromises (http://localhost:43125/__cypress/runner/cypress_runner.js:165528:18)\n    at Async../node_modules/bluebird/js/release/async.js.Async._drainQueue (http://localhost:43125/__cypress/runner/cypress_runner.js:162140:16)\n    at Async../node_modules/bluebird/js/release/async.js.Async._drainQueues (http://localhost:43125/__cypress/runner/cypress_runner.js:162150:10)\n    at Async.drainQueues (http://localhost:43125/__cypress/runner/cypress_runner.js:162024:14)",
                "diff": null
              },
              "uuid": "9d658732-4f2e-480c-9c6f-5330fcc79577",
              "parentUUID": "2bd5660c-b934-4b30-96d1-8f396b7455a0",
              "isHook": false,
              "skipped": false
            }
          ],
          "suites": [],
          "passes": [],
          "failures": [
            "f3545cef-079c-4cd4-80b7-5dc640bb5fdc",
            "3e75944e-f2f0-467d-892f-8d80e4867e1d",
            "9d658732-4f2e-480c-9c6f-5330fcc79577"
          ],
          "pending": [],
          "skipped": [],
          "duration": 13402,
          "root": false,
          "rootEmpty": false,
          "_timeout": 2000
        },
        {
          "uuid": "426233e0-7ebd-4ce0-bf36-28b6d191f03c",
          "title": "9 - Crie um botão que, ao ser clicado, limpa o quadro preenchendo a cor de todos seus pixels com branco.",
          "fullFile": "",
          "file": "",
          "beforeHooks": [],
          "afterHooks": [],
          "tests": [
            {
              "title": "Verifica se o botão tem o `id` denominado `clear-board`",
              "fullTitle": "9 - Crie um botão que, ao ser clicado, limpa o quadro preenchendo a cor de todos seus pixels com branco. Verifica se o botão tem o `id` denominado `clear-board`",
              "timedOut": null,
              "duration": 4358,
              "state": "failed",
              "speed": null,
              "pass": false,
              "fail": true,
              "pending": false,
              "context": null,
              "code": "cy.get('#clear-board').should('be.visible');",
              "err": {
                "message": "CypressError: Timed out retrying: Expected to find element: '#clear-board', but never found it.",
                "estack": "CypressError: Timed out retrying: Expected to find element: '#clear-board', but never found it.\n    at cypressErr (http://localhost:43125/__cypress/runner/cypress_runner.js:149934:9)\n    at throwErr (http://localhost:43125/__cypress/runner/cypress_runner.js:149867:11)\n    at Object.throwErrByPath (http://localhost:43125/__cypress/runner/cypress_runner.js:149915:3)\n    at retry (http://localhost:43125/__cypress/runner/cypress_runner.js:144197:19)\n    at onFailFn (http://localhost:43125/__cypress/runner/cypress_runner.js:132448:16)\n    at tryCatcher (http://localhost:43125/__cypress/runner/cypress_runner.js:167415:23)\n    at Promise._settlePromiseFromHandler (http://localhost:43125/__cypress/runner/cypress_runner.js:165351:31)\n    at Promise._settlePromise (http://localhost:43125/__cypress/runner/cypress_runner.js:165408:18)\n    at Promise._settlePromise0 (http://localhost:43125/__cypress/runner/cypress_runner.js:165453:10)\n    at Promise._settlePromises (http://localhost:43125/__cypress/runner/cypress_runner.js:165528:18)\n    at Async../node_modules/bluebird/js/release/async.js.Async._drainQueue (http://localhost:43125/__cypress/runner/cypress_runner.js:162140:16)\n    at Async../node_modules/bluebird/js/release/async.js.Async._drainQueues (http://localhost:43125/__cypress/runner/cypress_runner.js:162150:10)\n    at Async.drainQueues (http://localhost:43125/__cypress/runner/cypress_runner.js:162024:14)",
                "diff": null
              },
              "uuid": "0d4abc92-c4a1-4367-8f37-5a98b06d2ea3",
              "parentUUID": "426233e0-7ebd-4ce0-bf36-28b6d191f03c",
              "isHook": false,
              "skipped": false
            },
            {
              "title": "Verifica se o botão está posicionado entre a paleta de cores e o quadro de pixels",
              "fullTitle": "9 - Crie um botão que, ao ser clicado, limpa o quadro preenchendo a cor de todos seus pixels com branco. Verifica se o botão está posicionado entre a paleta de cores e o quadro de pixels",
              "timedOut": null,
              "duration": 4381,
              "state": "failed",
              "speed": null,
              "pass": false,
              "fail": true,
              "pending": false,
              "context": null,
              "code": "cy.get('#color-palette').then(function (palette) {\n  cy.get('#clear-board').should('be.belowOf', palette);\n});\ncy.get('#clear-board').then(function (clearBtn) {\n  cy.get('#pixel-board').should('be.belowOf', clearBtn);\n});",
              "err": {
                "message": "CypressError: Timed out retrying: Expected to find element: '#color-palette', but never found it.",
                "estack": "CypressError: Timed out retrying: Expected to find element: '#color-palette', but never found it.\n    at cypressErr (http://localhost:43125/__cypress/runner/cypress_runner.js:149934:9)\n    at throwErr (http://localhost:43125/__cypress/runner/cypress_runner.js:149867:11)\n    at Object.throwErrByPath (http://localhost:43125/__cypress/runner/cypress_runner.js:149915:3)\n    at retry (http://localhost:43125/__cypress/runner/cypress_runner.js:144197:19)\n    at onFailFn (http://localhost:43125/__cypress/runner/cypress_runner.js:132448:16)\n    at tryCatcher (http://localhost:43125/__cypress/runner/cypress_runner.js:167415:23)\n    at Promise._settlePromiseFromHandler (http://localhost:43125/__cypress/runner/cypress_runner.js:165351:31)\n    at Promise._settlePromise (http://localhost:43125/__cypress/runner/cypress_runner.js:165408:18)\n    at Promise._settlePromise0 (http://localhost:43125/__cypress/runner/cypress_runner.js:165453:10)\n    at Promise._settlePromises (http://localhost:43125/__cypress/runner/cypress_runner.js:165528:18)\n    at Async../node_modules/bluebird/js/release/async.js.Async._drainQueue (http://localhost:43125/__cypress/runner/cypress_runner.js:162140:16)\n    at Async../node_modules/bluebird/js/release/async.js.Async._drainQueues (http://localhost:43125/__cypress/runner/cypress_runner.js:162150:10)\n    at Async.drainQueues (http://localhost:43125/__cypress/runner/cypress_runner.js:162024:14)",
                "diff": null
              },
              "uuid": "e105215f-5a89-4a44-a011-e8d3eb516516",
              "parentUUID": "426233e0-7ebd-4ce0-bf36-28b6d191f03c",
              "isHook": false,
              "skipped": false
            },
            {
              "title": "Verifica se o texto do botão é 'Limpar'",
              "fullTitle": "9 - Crie um botão que, ao ser clicado, limpa o quadro preenchendo a cor de todos seus pixels com branco. Verifica se o texto do botão é 'Limpar'",
              "timedOut": null,
              "duration": 4361,
              "state": "failed",
              "speed": null,
              "pass": false,
              "fail": true,
              "pending": false,
              "context": null,
              "code": "cy.get('#clear-board').should('contain.text', 'Limpar');",
              "err": {
                "message": "CypressError: Timed out retrying: Expected to find element: '#clear-board', but never found it.",
                "estack": "CypressError: Timed out retrying: Expected to find element: '#clear-board', but never found it.\n    at cypressErr (http://localhost:43125/__cypress/runner/cypress_runner.js:149934:9)\n    at throwErr (http://localhost:43125/__cypress/runner/cypress_runner.js:149867:11)\n    at Object.throwErrByPath (http://localhost:43125/__cypress/runner/cypress_runner.js:149915:3)\n    at retry (http://localhost:43125/__cypress/runner/cypress_runner.js:144197:19)\n    at onFailFn (http://localhost:43125/__cypress/runner/cypress_runner.js:132448:16)\n    at tryCatcher (http://localhost:43125/__cypress/runner/cypress_runner.js:167415:23)\n    at Promise._settlePromiseFromHandler (http://localhost:43125/__cypress/runner/cypress_runner.js:165351:31)\n    at Promise._settlePromise (http://localhost:43125/__cypress/runner/cypress_runner.js:165408:18)\n    at Promise._settlePromise0 (http://localhost:43125/__cypress/runner/cypress_runner.js:165453:10)\n    at Promise._settlePromises (http://localhost:43125/__cypress/runner/cypress_runner.js:165528:18)\n    at Async../node_modules/bluebird/js/release/async.js.Async._drainQueue (http://localhost:43125/__cypress/runner/cypress_runner.js:162140:16)\n    at Async../node_modules/bluebird/js/release/async.js.Async._drainQueues (http://localhost:43125/__cypress/runner/cypress_runner.js:162150:10)\n    at Async.drainQueues (http://localhost:43125/__cypress/runner/cypress_runner.js:162024:14)",
                "diff": null
              },
              "uuid": "5047f12d-8ccc-47f7-9724-544063e072f7",
              "parentUUID": "426233e0-7ebd-4ce0-bf36-28b6d191f03c",
              "isHook": false,
              "skipped": false
            },
            {
              "title": "Verifica se ao clicar no botão, o quadro de pixels é totalmente preenchido de branco",
              "fullTitle": "9 - Crie um botão que, ao ser clicado, limpa o quadro preenchendo a cor de todos seus pixels com branco. Verifica se ao clicar no botão, o quadro de pixels é totalmente preenchido de branco",
              "timedOut": null,
              "duration": 4480,
              "state": "failed",
              "speed": null,
              "pass": false,
              "fail": true,
              "pending": false,
              "context": null,
              "code": "cy.get('.color').eq(1).then(function (color) {\n  var backgroundColor = color.css('background-color');\n  cy.wrap(color).click();\n  cy.get('.pixel').each(function (pixel) {\n    cy.wrap(pixel).click().should('have.css', 'background-color', backgroundColor);\n  });\n});\ncy.get('#clear-board').click();\ncy.get('.pixel').each(function (pixel) {\n  cy.wrap(pixel).should('have.css', 'background-color', WHITE);\n});",
              "err": {
                "message": "CypressError: Timed out retrying: Expected to find element: '.color', but never found it.",
                "estack": "CypressError: Timed out retrying: Expected to find element: '.color', but never found it.\n    at cypressErr (http://localhost:43125/__cypress/runner/cypress_runner.js:149934:9)\n    at throwErr (http://localhost:43125/__cypress/runner/cypress_runner.js:149867:11)\n    at Object.throwErrByPath (http://localhost:43125/__cypress/runner/cypress_runner.js:149915:3)\n    at retry (http://localhost:43125/__cypress/runner/cypress_runner.js:144197:19)\n    at onFailFn (http://localhost:43125/__cypress/runner/cypress_runner.js:132448:16)\n    at tryCatcher (http://localhost:43125/__cypress/runner/cypress_runner.js:167415:23)\n    at Promise._settlePromiseFromHandler (http://localhost:43125/__cypress/runner/cypress_runner.js:165351:31)\n    at Promise._settlePromise (http://localhost:43125/__cypress/runner/cypress_runner.js:165408:18)\n    at Promise._settlePromise0 (http://localhost:43125/__cypress/runner/cypress_runner.js:165453:10)\n    at Promise._settlePromises (http://localhost:43125/__cypress/runner/cypress_runner.js:165528:18)\n    at Async../node_modules/bluebird/js/release/async.js.Async._drainQueue (http://localhost:43125/__cypress/runner/cypress_runner.js:162140:16)\n    at Async../node_modules/bluebird/js/release/async.js.Async._drainQueues (http://localhost:43125/__cypress/runner/cypress_runner.js:162150:10)\n    at Async.drainQueues (http://localhost:43125/__cypress/runner/cypress_runner.js:162024:14)",
                "diff": null
              },
              "uuid": "8a981144-fa89-4c52-a128-2e68ef5485da",
              "parentUUID": "426233e0-7ebd-4ce0-bf36-28b6d191f03c",
              "isHook": false,
              "skipped": false
            }
          ],
          "suites": [],
          "passes": [],
          "failures": [
            "0d4abc92-c4a1-4367-8f37-5a98b06d2ea3",
            "e105215f-5a89-4a44-a011-e8d3eb516516",
            "5047f12d-8ccc-47f7-9724-544063e072f7",
            "8a981144-fa89-4c52-a128-2e68ef5485da"
          ],
[...]
                "diff": null
              },
              "uuid": "f8addf07-f978-4692-a84d-f7ca9c6ea97f",
              "parentUUID": "758d2f1d-c787-4de6-9aef-4bf06ff692e5",
              "isHook": false,
              "skipped": false
            },
            {
              "title": "Verifica se o novo quadro tem todos os pixels preenchidos com a cor branca",
              "fullTitle": "10 - Faça o quadro de pixels ter seu tamanho definido pelo usuário. Verifica se o novo quadro tem todos os pixels preenchidos com a cor branca",
              "timedOut": null,
              "duration": 4386,
              "state": "failed",
              "speed": null,
              "pass": false,
              "fail": true,
              "pending": false,
              "context": null,
              "code": "cy.get('#board-size').clear().type(6);\ncy.get('#generate-board').click();\ncy.get('.pixel').should('have.length', 36).each(function (pixel) {\n  expect(pixel).to.have.css('background-color', WHITE);\n});",
              "err": {
                "message": "CypressError: Timed out retrying: Expected to find element: '#board-size', but never found it.",
                "estack": "CypressError: Timed out retrying: Expected to find element: '#board-size', but never found it.\n    at cypressErr (http://localhost:43125/__cypress/runner/cypress_runner.js:149934:9)\n    at throwErr (http://localhost:43125/__cypress/runner/cypress_runner.js:149867:11)\n    at Object.throwErrByPath (http://localhost:43125/__cypress/runner/cypress_runner.js:149915:3)\n    at retry (http://localhost:43125/__cypress/runner/cypress_runner.js:144197:19)\n    at onFailFn (http://localhost:43125/__cypress/runner/cypress_runner.js:132448:16)\n    at tryCatcher (http://localhost:43125/__cypress/runner/cypress_runner.js:167415:23)\n    at Promise._settlePromiseFromHandler (http://localhost:43125/__cypress/runner/cypress_runner.js:165351:31)\n    at Promise._settlePromise (http://localhost:43125/__cypress/runner/cypress_runner.js:165408:18)\n    at Promise._settlePromise0 (http://localhost:43125/__cypress/runner/cypress_runner.js:165453:10)\n    at Promise._settlePromises (http://localhost:43125/__cypress/runner/cypress_runner.js:165528:18)\n    at Async../node_modules/bluebird/js/release/async.js.Async._drainQueue (http://localhost:43125/__cypress/runner/cypress_runner.js:162140:16)\n    at Async../node_modules/bluebird/js/release/async.js.Async._drainQueues (http://localhost:43125/__cypress/runner/cypress_runner.js:162150:10)\n    at Async.drainQueues (http://localhost:43125/__cypress/runner/cypress_runner.js:162024:14)",
                "diff": null
              },
              "uuid": "04129c55-6a2e-4dae-b1d4-bed2222b02a7",
              "parentUUID": "758d2f1d-c787-4de6-9aef-4bf06ff692e5",
              "isHook": false,
              "skipped": false
            }
          ],
          "suites": [],
          "passes": [],
          "failures": [
            "3b61a6ee-9409-4902-bc5e-dc630af19081",
            "6621df78-0721-4d13-8fdb-e5195890a0f4",
            "73b3c891-96cb-4b1b-b99b-19d00fbe1b1d",
            "7d2b9451-86be-4c73-bbfb-6f2b98ccf507",
            "92c6c5bb-ce9a-4ffb-9821-dcca3d252556",
            "b801dc74-80f1-4a6e-a0c9-b2cca5fcf4c9",
            "57859151-9aae-4fe0-bd50-6731c51e936c",
            "f8addf07-f978-4692-a84d-f7ca9c6ea97f",
            "04129c55-6a2e-4dae-b1d4-bed2222b02a7"
          ],
          "pending": [],
          "skipped": [],
          "duration": 40844,
          "root": false,
          "rootEmpty": false,
          "_timeout": 2000
        },
        {
          "uuid": "c1a94846-5391-418a-9a03-911056d2a7e6",
          "title": "11 - Limite o tamanho mínimo e máximo do board.",
          "fullFile": "",
          "file": "",
          "beforeHooks": [],
          "afterHooks": [],
          "tests": [
            {
              "title": "Verifica se a altura máxima do board é 50",
              "fullTitle": "11 - Limite o tamanho mínimo e máximo do board. Verifica se a altura máxima do board é 50",
              "timedOut": null,
              "duration": 4528,
              "state": "failed",
              "speed": null,
              "pass": false,
              "fail": true,
              "pending": false,
              "context": null,
              "code": "cy.get('#board-size').clear().type(50);\ncy.get('#generate-board').click();\ncy.get('.pixel').should('have.length', 2500);",
              "err": {
                "message": "CypressError: Timed out retrying: Expected to find element: '#board-size', but never found it.",
                "estack": "CypressError: Timed out retrying: Expected to find element: '#board-size', but never found it.\n    at cypressErr (http://localhost:43125/__cypress/runner/cypress_runner.js:149934:9)\n    at throwErr (http://localhost:43125/__cypress/runner/cypress_runner.js:149867:11)\n    at Object.throwErrByPath (http://localhost:43125/__cypress/runner/cypress_runner.js:149915:3)\n    at retry (http://localhost:43125/__cypress/runner/cypress_runner.js:144197:19)\n    at onFailFn (http://localhost:43125/__cypress/runner/cypress_runner.js:132448:16)\n    at tryCatcher (http://localhost:43125/__cypress/runner/cypress_runner.js:167415:23)\n    at Promise._settlePromiseFromHandler (http://localhost:43125/__cypress/runner/cypress_runner.js:165351:31)\n    at Promise._settlePromise (http://localhost:43125/__cypress/runner/cypress_runner.js:165408:18)\n    at Promise._settlePromise0 (http://localhost:43125/__cypress/runner/cypress_runner.js:165453:10)\n    at Promise._settlePromises (http://localhost:43125/__cypress/runner/cypress_runner.js:165528:18)\n    at Async../node_modules/bluebird/js/release/async.js.Async._drainQueue (http://localhost:43125/__cypress/runner/cypress_runner.js:162140:16)\n    at Async../node_modules/bluebird/js/release/async.js.Async._drainQueues (http://localhost:43125/__cypress/runner/cypress_runner.js:162150:10)\n    at Async.drainQueues (http://localhost:43125/__cypress/runner/cypress_runner.js:162024:14)",
                "diff": null
              },
              "uuid": "d48fd003-23a0-4581-b371-39062df0ca88",
              "parentUUID": "c1a94846-5391-418a-9a03-911056d2a7e6",
              "isHook": false,
              "skipped": false
            },
            {
              "title": "Verifica se a altura do board é 5 quando um valor menor é colocado no input",
              "fullTitle": "11 - Limite o tamanho mínimo e máximo do board. Verifica se a altura do board é 5 quando um valor menor é colocado no input",
              "timedOut": null,
              "duration": 4496,
              "state": "failed",
              "speed": null,
              "pass": false,
              "fail": true,
              "pending": false,
              "context": null,
              "code": "cy.get('#board-size').clear().type(4);\ncy.get('#generate-board').click();\ncy.get('.pixel').should('have.length', 25);",
              "err": {
                "message": "CypressError: Timed out retrying: Expected to find element: '#board-size', but never found it.",
                "estack": "CypressError: Timed out retrying: Expected to find element: '#board-size', but never found it.\n    at cypressErr (http://localhost:43125/__cypress/runner/cypress_runner.js:149934:9)\n    at throwErr (http://localhost:43125/__cypress/runner/cypress_runner.js:149867:11)\n    at Object.throwErrByPath (http://localhost:43125/__cypress/runner/cypress_runner.js:149915:3)\n    at retry (http://localhost:43125/__cypress/runner/cypress_runner.js:144197:19)\n    at onFailFn (http://localhost:43125/__cypress/runner/cypress_runner.js:132448:16)\n    at tryCatcher (http://localhost:43125/__cypress/runner/cypress_runner.js:167415:23)\n    at Promise._settlePromiseFromHandler (http://localhost:43125/__cypress/runner/cypress_runner.js:165351:31)\n    at Promise._settlePromise (http://localhost:43125/__cypress/runner/cypress_runner.js:165408:18)\n    at Promise._settlePromise0 (http://localhost:43125/__cypress/runner/cypress_runner.js:165453:10)\n    at Promise._settlePromises (http://localhost:43125/__cypress/runner/cypress_runner.js:165528:18)\n    at Async../node_modules/bluebird/js/release/async.js.Async._drainQueue (http://localhost:43125/__cypress/runner/cypress_runner.js:162140:16)\n    at Async../node_modules/bluebird/js/release/async.js.Async._drainQueues (http://localhost:43125/__cypress/runner/cypress_runner.js:162150:10)\n    at Async.drainQueues (http://localhost:43125/__cypress/runner/cypress_runner.js:162024:14)",
                "diff": null
              },
              "uuid": "3d7ab2e0-a41e-4a37-be72-8d9d6d98abbb",
              "parentUUID": "c1a94846-5391-418a-9a03-911056d2a7e6",
              "isHook": false,
              "skipped": false
            },
            {
              "title": "Verifica se a altura do board é 50 quando um valor maior é colocado no input",
              "fullTitle": "11 - Limite o tamanho mínimo e máximo do board. Verifica se a altura do board é 50 quando um valor maior é colocado no input",
              "timedOut": null,
              "duration": 4459,
              "state": "failed",
              "speed": null,
              "pass": false,
              "fail": true,
              "pending": false,
              "context": null,
              "code": "cy.get('#board-size').clear().type(51);\ncy.get('#generate-board').click();\ncy.get('.pixel').should('have.length', 2500);",
              "err": {
                "message": "CypressError: Timed out retrying: Expected to find element: '#board-size', but never found it.",
                "estack": "CypressError: Timed out retrying: Expected to find element: '#board-size', but never found it.\n    at cypressErr (http://localhost:43125/__cypress/runner/cypress_runner.js:149934:9)\n    at throwErr (http://localhost:43125/__cypress/runner/cypress_runner.js:149867:11)\n    at Object.throwErrByPath (http://localhost:43125/__cypress/runner/cypress_runner.js:149915:3)\n    at retry (http://localhost:43125/__cypress/runner/cypress_runner.js:144197:19)\n    at onFailFn (http://localhost:43125/__cypress/runner/cypress_runner.js:132448:16)\n    at tryCatcher (http://localhost:43125/__cypress/runner/cypress_runner.js:167415:23)\n    at Promise._settlePromiseFromHandler (http://localhost:43125/__cypress/runner/cypress_runner.js:165351:31)\n    at Promise._settlePromise (http://localhost:43125/__cypress/runner/cypress_runner.js:165408:18)\n    at Promise._settlePromise0 (http://localhost:43125/__cypress/runner/cypress_runner.js:165453:10)\n    at Promise._settlePromises (http://localhost:43125/__cypress/runner/cypress_runner.js:165528:18)\n    at Async../node_modules/bluebird/js/release/async.js.Async._drainQueue (http://localhost:43125/__cypress/runner/cypress_runner.js:162140:16)\n    at Async../node_modules/bluebird/js/release/async.js.Async._drainQueues (http://localhost:43125/__cypress/runner/cypress_runner.js:162150:10)\n    at Async.drainQueues (http://localhost:43125/__cypress/runner/cypress_runner.js:162024:14)",
                "diff": null
              },
              "uuid": "8849d458-0eb5-4fc2-b357-9024b1428ed5",
              "parentUUID": "c1a94846-5391-418a-9a03-911056d2a7e6",
              "isHook": false,
              "skipped": false
            }
          ],
          "suites": [],
          "passes": [],
          "failures": [
            "d48fd003-23a0-4581-b371-39062df0ca88",
            "3d7ab2e0-a41e-4a37-be72-8d9d6d98abbb",
            "8849d458-0eb5-4fc2-b357-9024b1428ed5"
          ],
          "pending": [],
          "skipped": [],
          "duration": 13483,
          "root": false,
          "rootEmpty": false,
          "_timeout": 2000
        },
        {
          "uuid": "10b0eaa8-87d0-4c47-9e0e-007954d7fe24",
          "title": "12 - Faça com que as cores da paleta sejam geradas aleatoriamente ao carregar a página.",
          "fullFile": "",
          "file": "",
          "beforeHooks": [],
          "afterHooks": [],
          "tests": [
            {
              "title": "Verifica se as cores geradas na paleta são diferentes a cada carregamento da página",
              "fullTitle": "12 - Faça com que as cores da paleta sejam geradas aleatoriamente ao carregar a página. Verifica se as cores geradas na paleta são diferentes a cada carregamento da página",
              "timedOut": null,
              "duration": 4454,
              "state": "failed",
              "speed": null,
              "pass": false,
              "fail": true,
              "pending": false,
              "context": null,
              "code": "cy.get('.color').then(function (colors) {\n  var currentColors;\n  var previousColors;\n  previousColors = Array.from(colors).map(function (color) {\n    return Cypress.$(color).css('background-color');\n  });\n  for (var i = 0; i < 5; i += 1) {\n    cy.reload();\n    cy.get('.color').then(function (colors) {\n      currentColors = Array.from(colors).map(function (color) {\n        return Cypress.$(color).css('background-color');\n      });\n      expect(currentColors).not.to.deep.equal(previousColors);\n      previousColors = currentColors;\n    });\n  }\n});",
              "err": {
                "message": "CypressError: Timed out retrying: Expected to find element: '.color', but never found it.",
                "estack": "CypressError: Timed out retrying: Expected to find element: '.color', but never found it.\n    at cypressErr (http://localhost:43125/__cypress/runner/cypress_runner.js:149934:9)\n    at throwErr (http://localhost:43125/__cypress/runner/cypress_runner.js:149867:11)\n    at Object.throwErrByPath (http://localhost:43125/__cypress/runner/cypress_runner.js:149915:3)\n    at retry (http://localhost:43125/__cypress/runner/cypress_runner.js:144197:19)\n    at onFailFn (http://localhost:43125/__cypress/runner/cypress_runner.js:132448:16)\n    at tryCatcher (http://localhost:43125/__cypress/runner/cypress_runner.js:167415:23)\n    at Promise._settlePromiseFromHandler (http://localhost:43125/__cypress/runner/cypress_runner.js:165351:31)\n    at Promise._settlePromise (http://localhost:43125/__cypress/runner/cypress_runner.js:165408:18)\n    at Promise._settlePromise0 (http://localhost:43125/__cypress/runner/cypress_runner.js:165453:10)\n    at Promise._settlePromises (http://localhost:43125/__cypress/runner/cypress_runner.js:165528:18)\n    at Async../node_modules/bluebird/js/release/async.js.Async._drainQueue (http://localhost:43125/__cypress/runner/cypress_runner.js:162140:16)\n    at Async../node_modules/bluebird/js/release/async.js.Async._drainQueues (http://localhost:43125/__cypress/runner/cypress_runner.js:162150:10)\n    at Async.drainQueues (http://localhost:43125/__cypress/runner/cypress_runner.js:162024:14)",
                "diff": null
              },
              "uuid": "ad57816e-21fb-42e4-b24d-b8e678556206",
              "parentUUID": "10b0eaa8-87d0-4c47-9e0e-007954d7fe24",
              "isHook": false,
              "skipped": false
            },
            {
              "title": "Verifica se a cor preta ainda está presente e é a primeira na sua paleta de cores",
              "fullTitle": "12 - Faça com que as cores da paleta sejam geradas aleatoriamente ao carregar a página. Verifica se a cor preta ainda está presente e é a primeira na sua paleta de cores",
              "timedOut": null,
              "duration": 4373,
              "state": "failed",
              "speed": null,
              "pass": false,
              "fail": true,
              "pending": false,
              "context": null,
              "code": "cy.get('.color').then(function (colors) {\n  var currentColors;\n  var previousColors;\n  previousColors = Array.from(colors).map(function (color) {\n    return Cypress.$(color).css('background-color');\n  });\n  expect(previousColors[0]).to.eq(BLACK);\n  for (var i = 0; i < 5; i += 1) {\n    cy.reload();\n    cy.get('.color').then(function (colors) {\n      currentColors = Array.from(colors).map(function (color) {\n        return Cypress.$(color).css('background-color');\n      });\n      expect(currentColors[0]).to.eq(BLACK);\n      expect(currentColors).not.to.deep.equal(previousColors);\n      previousColors = currentColors;\n    });\n  }\n});",
              "err": {
                "message": "CypressError: Timed out retrying: Expected to find element: '.color', but never found it.",
                "estack": "CypressError: Timed out retrying: Expected to find element: '.color', but never found it.\n    at cypressErr (http://localhost:43125/__cypress/runner/cypress_runner.js:149934:9)\n    at throwErr (http://localhost:43125/__cypress/runner/cypress_runner.js:149867:11)\n    at Object.throwErrByPath (http://localhost:43125/__cypress/runner/cypress_runner.js:149915:3)\n    at retry (http://localhost:43125/__cypress/runner/cypress_runner.js:144197:19)\n    at onFailFn (http://localhost:43125/__cypress/runner/cypress_runner.js:132448:16)\n    at tryCatcher (http://localhost:43125/__cypress/runner/cypress_runner.js:167415:23)\n    at Promise._settlePromiseFromHandler (http://localhost:43125/__cypress/runner/cypress_runner.js:165351:31)\n    at Promise._settlePromise (http://localhost:43125/__cypress/runner/cypress_runner.js:165408:18)\n    at Promise._settlePromise0 (http://localhost:43125/__cypress/runner/cypress_runner.js:165453:10)\n    at Promise._settlePromises (http://localhost:43125/__cypress/runner/cypress_runner.js:165528:18)\n    at Async../node_modules/bluebird/js/release/async.js.Async._drainQueue (http://localhost:43125/__cypress/runner/cypress_runner.js:162140:16)\n    at Async../node_modules/bluebird/js/release/async.js.Async._drainQueues (http://localhost:43125/__cypress/runner/cypress_runner.js:162150:10)\n    at Async.drainQueues (http://localhost:43125/__cypress/runner/cypress_runner.js:162024:14)",
                "diff": null
              },
              "uuid": "f5b99249-cad3-4c11-8801-4b23f98c4a13",
              "parentUUID": "10b0eaa8-87d0-4c47-9e0e-007954d7fe24",
              "isHook": false,
              "skipped": false
            }
          ],
          "suites": [],
          "passes": [],
          "failures": [
            "ad57816e-21fb-42e4-b24d-b8e678556206",
            "f5b99249-cad3-4c11-8801-4b23f98c4a13"
          ],
          "pending": [],
          "skipped": [],
          "duration": 8827,
          "root": false,
          "rootEmpty": false,
          "_timeout": 2000
        }
      ],
      "passes": [],
      "failures": [],
      "pending": [],
      "skipped": [],
      "duration": 0,
      "root": true,
      "rootEmpty": true,
      "_timeout": 2000
    }
  ],
  "meta": {
    "mocha": {
      "version": "7.0.1"
    },
    "mochawesome": {
      "options": {
        "quiet": false,
        "reportFilename": "mochawesome",
        "saveHtml": false,
        "saveJson": true,
        "consoleReporter": "spec",
        "useInlineDiffs": false
      },
      "version": "4.1.0"
    },
    "marge": {
      "options": {
        "id": "default",
        "reportDir": "cypress/reports",
        "overwrite": true,
        "html": false,
        "json": true
      },
      "version": "4.1.0"
    }
  }
}