{
  "stats": {
    "suites": 12,
    "tests": 41,
    "passes": 25,
    "pending": 0,
    "failures": 16,
    "start": "2023-05-12T19:30:28.487Z",
    "end": "2023-05-12T19:32:18.030Z",
    "duration": 109543,
    "testsRegistered": 41,
    "passPercent": 60.97560975609756,
    "pendingPercent": 0,
    "other": 0,
    "hasOther": false,
    "skipped": 0,
    "hasSkipped": false
  },
  "results": [
    {
      "uuid": "74db49c0-ccfa-4bb1-91e0-1f127f455e53",
      "title": "",
      "fullFile": "cypress/integration/project.spec.js",
      "file": "cypress/integration/project.spec.js",
      "beforeHooks": [],
      "afterHooks": [],
      "tests": [],
      "suites": [
        {
          "uuid": "945793cc-0d1d-4ab8-aa39-285669318d64",
          "title": "1 - Adicione à página o título \"Paleta de Cores\".",
          "fullFile": "",
          "file": "",
          "beforeHooks": [],
          "afterHooks": [],
          "tests": [
            {
              "title": "Verifica se contém um elemento `h1` com o id `title` com o título correto",
              "fullTitle": "1 - Adicione à página o título \"Paleta de Cores\". Verifica se contém um elemento `h1` com o id `title` com o título correto",
              "timedOut": null,
              "duration": 250,
              "state": "passed",
              "speed": "slow",
              "pass": true,
              "fail": false,
              "pending": false,
              "context": null,
              "code": "cy.get('h1#title').should('contain.text', 'Paleta de Cores');",
              "err": {},
              "uuid": "d5177331-5ff6-413e-a1df-7283273c1781",
              "parentUUID": "945793cc-0d1d-4ab8-aa39-285669318d64",
              "isHook": false,
              "skipped": false
            }
          ],
          "suites": [],
          "passes": [
            "d5177331-5ff6-413e-a1df-7283273c1781"
          ],
          "failures": [],
          "pending": [],
          "skipped": [],
          "duration": 250,
          "root": false,
          "rootEmpty": false,
          "_timeout": 2000
        },
        {
          "uuid": "b2f377a5-0fe7-48e6-9d87-24a9d41c9dd9",
          "title": "2 - Adicione à página uma paleta de quatro cores distintas.",
          "fullFile": "",
          "file": "",
          "beforeHooks": [],
          "afterHooks": [],
          "tests": [
            {
              "title": "A paleta de cores deve ser um elemento com `id` denominado `color-palette`",
              "fullTitle": "2 - Adicione à página uma paleta de quatro cores distintas. A paleta de cores deve ser um elemento com `id` denominado `color-palette`",
              "timedOut": null,
              "duration": 164,
              "state": "passed",
              "speed": "slow",
              "pass": true,
              "fail": false,
              "pending": false,
              "context": null,
              "code": "cy.get('#color-palette').should('be.visible');\ncy.get('#color-palette').children('.color');",
              "err": {},
              "uuid": "3e93c38a-0c48-4c55-acb9-86088afce811",
              "parentUUID": "b2f377a5-0fe7-48e6-9d87-24a9d41c9dd9",
              "isHook": false,
              "skipped": false
            },
            {
              "title": "Verifica se cada cor individual da paleta de cores possui a `classe` chamada `color`.",
              "fullTitle": "2 - Adicione à página uma paleta de quatro cores distintas. Verifica se cada cor individual da paleta de cores possui a `classe` chamada `color`.",
              "timedOut": null,
              "duration": 297,
              "state": "passed",
              "speed": "slow",
              "pass": true,
              "fail": false,
              "pending": false,
              "context": null,
              "code": "cy.get('.color').should('have.length', 4).then(function (colors) {\n  for (var i = 0; i < colors.length; i++) {\n    cy.wrap(colors[i]).should('be.visible');\n  }\n});",
              "err": {},
              "uuid": "731b6268-47ca-4438-9f01-12f512cbf57f",
              "parentUUID": "b2f377a5-0fe7-48e6-9d87-24a9d41c9dd9",
              "isHook": false,
              "skipped": false
            },
            {
              "title": "Verifica se a cor de fundo de cada elemento da paleta é a cor que o elemento representa. **A única cor não permitida na paleta é a cor branca.**",
              "fullTitle": "2 - Adicione à página uma paleta de quatro cores distintas. Verifica se a cor de fundo de cada elemento da paleta é a cor que o elemento representa. **A única cor não permitida na paleta é a cor branca.**",
              "timedOut": null,
              "duration": 245,
              "state": "passed",
              "speed": "slow",
              "pass": true,
              "fail": false,
              "pending": false,
              "context": null,
              "code": "cy.get('.color').each(function (color) {\n  cy.wrap(color).should('have.class', 'color').and('not.have.css', 'background-color', WHITE);\n  cy.wrap(color).should('have.css', 'background-color');\n});",
              "err": {},
              "uuid": "bea667ff-6a4b-43fe-81a2-c391d612e21c",
              "parentUUID": "b2f377a5-0fe7-48e6-9d87-24a9d41c9dd9",
              "isHook": false,
              "skipped": false
            },
            {
              "title": "Verifica se cada elemento da paleta de cores tem uma borda preta, sólida e com 1 pixel de largura;",
              "fullTitle": "2 - Adicione à página uma paleta de quatro cores distintas. Verifica se cada elemento da paleta de cores tem uma borda preta, sólida e com 1 pixel de largura;",
              "timedOut": null,
              "duration": 216,
              "state": "passed",
              "speed": "slow",
              "pass": true,
              "fail": false,
              "pending": false,
              "context": null,
              "code": "cy.get('.color').each(function (color) {\n  cy.wrap(color).and('have.css', 'border', \"1px solid \".concat(BLACK)).and('have.class', 'color');\n});",
              "err": {},
              "uuid": "19067aed-f601-44e4-8c93-0e5dc448f354",
              "parentUUID": "b2f377a5-0fe7-48e6-9d87-24a9d41c9dd9",
              "isHook": false,
              "skipped": false
            },
            {
              "title": "Verifica se a paleta lista todas as cores disponíveis para utilização, lado a lado.",
              "fullTitle": "2 - Adicione à página uma paleta de quatro cores distintas. Verifica se a paleta lista todas as cores disponíveis para utilização, lado a lado.",
              "timedOut": null,
              "duration": 222,
              "state": "passed",
              "speed": "slow",
              "pass": true,
              "fail": false,
              "pending": false,
              "context": null,
              "code": "cy.get('.color').then(function (colors) {\n  for (var index = 1; index < colors.length; index += 1) {\n    var currentColor = colors[index];\n    var previousColor = colors[index - 1];\n    cy.wrap(currentColor).should('be.onTheRightOf', previousColor).and('be.horizontallyAlignedWith', previousColor);\n  }\n});",
              "err": {},
              "uuid": "37c76d4a-38e6-4333-9d0f-cbf1303bffa0",
              "parentUUID": "b2f377a5-0fe7-48e6-9d87-24a9d41c9dd9",
              "isHook": false,
              "skipped": false
            },
            {
              "title": "Verifica se a paleta de cores está posicionada abaixo do título 'Paleta de Cores'",
              "fullTitle": "2 - Adicione à página uma paleta de quatro cores distintas. Verifica se a paleta de cores está posicionada abaixo do título 'Paleta de Cores'",
              "timedOut": null,
              "duration": 138,
              "state": "passed",
              "speed": "slow",
              "pass": true,
              "fail": false,
              "pending": false,
              "context": null,
              "code": "cy.get('h1#title').then(function (title) {\n  cy.get('#color-palette').should('be.belowOf', title);\n});",
              "err": {},
              "uuid": "0458262b-9eea-4433-b783-dddaf8cee49d",
              "parentUUID": "b2f377a5-0fe7-48e6-9d87-24a9d41c9dd9",
              "isHook": false,
              "skipped": false
            },
            {
              "title": "Verifica se a paleta de cores não contém cores repetidas.",
              "fullTitle": "2 - Adicione à página uma paleta de quatro cores distintas. Verifica se a paleta de cores não contém cores repetidas.",
              "timedOut": null,
              "duration": 183,
              "state": "passed",
              "speed": "slow",
              "pass": true,
              "fail": false,
              "pending": false,
              "context": null,
              "code": "cy.get('.color').then(function (colors) {\n  var allColors = Array.from(colors).map(function (color) {\n    return Cypress.$(color).css('background-color');\n  });\n  cy.log(allColors);\n  var uniqColors = (0, _toConsumableArray2[\"default\"])(new Set(allColors));\n  cy.log(uniqColors);\n  expect(allColors.length).to.eq(uniqColors.length);\n});",
              "err": {},
              "uuid": "5975e665-a56c-41df-a2b2-aa784f003566",
              "parentUUID": "b2f377a5-0fe7-48e6-9d87-24a9d41c9dd9",
              "isHook": false,
              "skipped": false
            }
          ],
          "suites": [],
          "passes": [
            "3e93c38a-0c48-4c55-acb9-86088afce811",
            "731b6268-47ca-4438-9f01-12f512cbf57f",
            "bea667ff-6a4b-43fe-81a2-c391d612e21c",
            "19067aed-f601-44e4-8c93-0e5dc448f354",
            "37c76d4a-38e6-4333-9d0f-cbf1303bffa0",
            "0458262b-9eea-4433-b783-dddaf8cee49d",
            "5975e665-a56c-41df-a2b2-aa784f003566"
          ],
          "failures": [],
          "pending": [],
          "skipped": [],
          "duration": 1465,
          "root": false,
          "rootEmpty": false,
          "_timeout": 2000
        },
        {
          "uuid": "55f9f626-f461-458b-b356-22796d589fa8",
          "title": "3 - Adicione a cor **preta** como a primeira cor da paleta de cores.",
          "fullFile": "",
          "file": "",
          "beforeHooks": [],
          "afterHooks": [],
          "tests": [
            {
              "title": "Verifica se a primeira cor da paleta é preta",
              "fullTitle": "3 - Adicione a cor **preta** como a primeira cor da paleta de cores. Verifica se a primeira cor da paleta é preta",
              "timedOut": null,
              "duration": 145,
              "state": "passed",
              "speed": "slow",
              "pass": true,
              "fail": false,
              "pending": false,
              "context": null,
              "code": "cy.get('.color').first().should('have.css', 'background-color', BLACK);",
              "err": {},
              "uuid": "dd06f0cf-282c-435a-a2b3-eaf1cab46216",
              "parentUUID": "55f9f626-f461-458b-b356-22796d589fa8",
              "isHook": false,
              "skipped": false
            },
            {
              "title": "Verifica se as demais cores podem ser escolhidas livremente.",
              "fullTitle": "3 - Adicione a cor **preta** como a primeira cor da paleta de cores. Verifica se as demais cores podem ser escolhidas livremente.",
              "timedOut": null,
              "duration": 397,
              "state": "passed",
              "speed": "slow",
              "pass": true,
              "fail": false,
              "pending": false,
              "context": null,
              "code": "cy.get('.color').eq(1).should('not.have.css', 'background-color', BLACK);\ncy.get('.color').eq(1).should('not.have.css', 'background-color', WHITE);\ncy.get('.color').eq(1).should('not.have.css', 'background-color', 'rgba(0, 0, 0, 0)');\ncy.get('.color').eq(1).should('have.css', 'background-color');\ncy.get('.color').eq(2).should('not.have.css', 'background-color', BLACK);\ncy.get('.color').eq(2).should('not.have.css', 'background-color', WHITE);\ncy.get('.color').eq(2).should('not.have.css', 'background-color', 'rgba(0, 0, 0, 0)');\ncy.get('.color').eq(2).should('have.css', 'background-color');\ncy.get('.color').eq(3).should('not.have.css', 'background-color', BLACK);\ncy.get('.color').eq(3).should('not.have.css', 'background-color', WHITE);\ncy.get('.color').eq(3).should('not.have.css', 'background-color', 'rgba(0, 0, 0, 0)');\ncy.get('.color').eq(3).should('have.css', 'background-color');",
              "err": {},
              "uuid": "7d65617d-584f-4223-930b-1512abfac470",
              "parentUUID": "55f9f626-f461-458b-b356-22796d589fa8",
              "isHook": false,
              "skipped": false
            }
          ],
          "suites": [],
          "passes": [
            "dd06f0cf-282c-435a-a2b3-eaf1cab46216",
            "7d65617d-584f-4223-930b-1512abfac470"
          ],
          "failures": [],
          "pending": [],
          "skipped": [],
          "duration": 542,
          "root": false,
          "rootEmpty": false,
          "_timeout": 2000
        },
        {
          "uuid": "9731fdbc-8160-4c40-9a97-7ca8d5774d77",
          "title": "4 - Adicione à página um quadro de pixels, com 25 pixels.",
          "fullFile": "",
          "file": "",
          "beforeHooks": [],
          "afterHooks": [],
          "tests": [
            {
              "title": "Verifica se o quadro de pixels possui o `id` denominado `pixel-board`",
              "fullTitle": "4 - Adicione à página um quadro de pixels, com 25 pixels. Verifica se o quadro de pixels possui o `id` denominado `pixel-board`",
              "timedOut": null,
              "duration": 188,
              "state": "passed",
              "speed": "slow",
              "pass": true,
              "fail": false,
              "pending": false,
              "context": null,
              "code": "cy.get('#pixel-board').should('be.visible');",
              "err": {},
              "uuid": "ecb8af65-f256-405e-b9d2-cb84b9e905ec",
              "parentUUID": "9731fdbc-8160-4c40-9a97-7ca8d5774d77",
              "isHook": false,
              "skipped": false
            },
            {
              "title": "Verifica se cada pixel individual dentro do quadro possui a `classe` denominada `pixel`.",
              "fullTitle": "4 - Adicione à página um quadro de pixels, com 25 pixels. Verifica se cada pixel individual dentro do quadro possui a `classe` denominada `pixel`.",
              "timedOut": null,
              "duration": 225,
              "state": "passed",
              "speed": "slow",
              "pass": true,
              "fail": false,
              "pending": false,
              "context": null,
              "code": "cy.get('.pixel').should('have.length', 25);",
              "err": {},
              "uuid": "d37404c4-449a-411d-8afd-ee8e1bb8334e",
              "parentUUID": "9731fdbc-8160-4c40-9a97-7ca8d5774d77",
              "isHook": false,
              "skipped": false
            },
            {
              "title": "Verifica se a cor inicial dos pixels dentro do quadro, ao abrir a página, é branca.",
              "fullTitle": "4 - Adicione à página um quadro de pixels, com 25 pixels. Verifica se a cor inicial dos pixels dentro do quadro, ao abrir a página, é branca.",
              "timedOut": null,
              "duration": 283,
              "state": "passed",
              "speed": "slow",
              "pass": true,
              "fail": false,
              "pending": false,
              "context": null,
              "code": "cy.get('.pixel').should('have.length', 25).each(function (pixel) {\n  expect(pixel).to.have.css('background-color', WHITE);\n});",
              "err": {},
              "uuid": "2d51c436-6b23-49ec-8b09-b9c2824b7b0f",
              "parentUUID": "9731fdbc-8160-4c40-9a97-7ca8d5774d77",
              "isHook": false,
              "skipped": false
            },
            {
              "title": "Verifica se o quadro de pixels aparece abaixo da paleta de cores",
              "fullTitle": "4 - Adicione à página um quadro de pixels, com 25 pixels. Verifica se o quadro de pixels aparece abaixo da paleta de cores",
              "timedOut": null,
              "duration": 218,
              "state": "passed",
              "speed": "slow",
              "pass": true,
              "fail": false,
              "pending": false,
              "context": null,
              "code": "cy.get('#color-palette').then(function (palette) {\n  cy.get('#pixel-board').should('be.belowOf', palette);\n});",
              "err": {},
              "uuid": "0045f27b-a4de-409f-94af-417d26910254",
              "parentUUID": "9731fdbc-8160-4c40-9a97-7ca8d5774d77",
              "isHook": false,
              "skipped": false
            }
          ],
          "suites": [],
          "passes": [
            "ecb8af65-f256-405e-b9d2-cb84b9e905ec",
            "d37404c4-449a-411d-8afd-ee8e1bb8334e",
            "2d51c436-6b23-49ec-8b09-b9c2824b7b0f",
            "0045f27b-a4de-409f-94af-417d26910254"
          ],
          "failures": [],
          "pending": [],
          "skipped": [],
          "duration": 914,
          "root": false,
          "rootEmpty": false,
          "_timeout": 2000
        },
        {
          "uuid": "db67480b-e1d9-406a-9c90-d30bc4f93e7e",
          "title": "5 - Faça com que cada elemento do quadro de pixels possua 40 pixels de largura, 40 pixels de altura e seja delimitado por uma borda preta de 1 pixel.",
          "fullFile": "",
          "file": "",
          "beforeHooks": [],
          "afterHooks": [],
          "tests": [
            {
              "title": "Verifica se o quadro de pixels tem altura e comprimento de 5 elementos",
              "fullTitle": "5 - Faça com que cada elemento do quadro de pixels possua 40 pixels de largura, 40 pixels de altura e seja delimitado por uma borda preta de 1 pixel. Verifica se o quadro de pixels tem altura e comprimento de 5 elementos",
              "timedOut": null,
              "duration": 426,
              "state": "passed",
              "speed": "slow",
              "pass": true,
              "fail": false,
              "pending": false,
              "context": null,
              "code": "cy.get('.pixel').should('have.length', 25).each(function (pixel) {\n  expect(pixel).to.have.css('background-color', WHITE);\n}).and(function (pixels) {\n  var rows = chunk(pixels, 5);\n  rows.forEach(function (row) {\n    for (var index = 1; index < row.length; index += 1) {\n      var current = pixels[index];\n      var previous = pixels[index - 1];\n      cy.wrap(current).should('be.onTheRightOf', previous).and('be.horizontallyAlignedWith', previous);\n    }\n  });\n  for (var index = 1; index < 5; index += 1) {\n    expect(pixels[index * 5]).to.be.belowOf(pixels[(index - 1) * 5]);\n  }\n});",
              "err": {},
              "uuid": "7b0df0a8-2632-4315-9f1f-7219a727c862",
              "parentUUID": "db67480b-e1d9-406a-9c90-d30bc4f93e7e",
              "isHook": false,
              "skipped": false
            },
            {
              "title": "Verifica se 40 pixels é o tamanho total do elemento, incluindo seu conteúdo e excluindo a borda preta, que deve ser criada à parte.",
              "fullTitle": "5 - Faça com que cada elemento do quadro de pixels possua 40 pixels de largura, 40 pixels de altura e seja delimitado por uma borda preta de 1 pixel. Verifica se 40 pixels é o tamanho total do elemento, incluindo seu conteúdo e excluindo a borda preta, que deve ser criada à parte.",
              "timedOut": null,
              "duration": 325,
              "state": "passed",
              "speed": "slow",
              "pass": true,
              "fail": false,
              "pending": false,
              "context": null,
              "code": "cy.get('.pixel').each(function (pixel) {\n  cy.wrap(pixel).should('have.css', 'height', '40px').and('have.css', 'width', '40px').and('have.css', 'border', \"1px solid \".concat(BLACK));\n});",
              "err": {},
              "uuid": "643f48f1-1475-4936-a803-bdcffe49558f",
              "parentUUID": "db67480b-e1d9-406a-9c90-d30bc4f93e7e",
              "isHook": false,
              "skipped": false
            }
          ],
          "suites": [],
          "passes": [
            "7b0df0a8-2632-4315-9f1f-7219a727c862",
            "643f48f1-1475-4936-a803-bdcffe49558f"
          ],
          "failures": [],
          "pending": [],
          "skipped": [],
          "duration": 751,
          "root": false,
          "rootEmpty": false,
          "_timeout": 2000
        },
        {
          "uuid": "7c2e69d0-0519-468a-bbaf-9e31a50e2515",
          "title": "6 - Defina a cor preta como cor inicial. Ao carregar a página a cor preta já deve estar selecionada para pintar os pixels",
          "fullFile": "",
          "file": "",
          "beforeHooks": [],
          "afterHooks": [],
          "tests": [
            {
              "title": "Verifica se o elemento da cor preta possui, inicialmente, a `classe` `selected`",
              "fullTitle": "6 - Defina a cor preta como cor inicial. Ao carregar a página a cor preta já deve estar selecionada para pintar os pixels Verifica se o elemento da cor preta possui, inicialmente, a `classe` `selected`",
              "timedOut": null,
              "duration": 210,
              "state": "passed",
              "speed": "slow",
              "pass": true,
              "fail": false,
              "pending": false,
              "context": null,
              "code": "cy.get('.selected').first().should('have.css', 'background-color', BLACK);",
              "err": {},
              "uuid": "ea014018-6e54-4920-b1ca-1bba6c8c7419",
              "parentUUID": "7c2e69d0-0519-468a-bbaf-9e31a50e2515",
              "isHook": false,
              "skipped": false
            },
            {
              "title": "Verifica se nenhuma outra cor da paleta tem a `classe` `selected`",
              "fullTitle": "6 - Defina a cor preta como cor inicial. Ao carregar a página a cor preta já deve estar selecionada para pintar os pixels Verifica se nenhuma outra cor da paleta tem a `classe` `selected`",
              "timedOut": null,
              "duration": 148,
              "state": "passed",
              "speed": "slow",
              "pass": true,
              "fail": false,
              "pending": false,
              "context": null,
              "code": "cy.get('.color:not(:first-child)').each(function (color) {\n  cy.wrap(color).should('not.have.class', 'selected');\n});",
              "err": {},
              "uuid": "b39e9902-06db-4506-86da-0f96468c25c0",
              "parentUUID": "7c2e69d0-0519-468a-bbaf-9e31a50e2515",
              "isHook": false,
              "skipped": false
            }
          ],
          "suites": [],
          "passes": [
            "ea014018-6e54-4920-b1ca-1bba6c8c7419",
            "b39e9902-06db-4506-86da-0f96468c25c0"
          ],
          "failures": [],
          "pending": [],
          "skipped": [],
          "duration": 358,
          "root": false,
          "rootEmpty": false,
          "_timeout": 2000
        },
        {
          "uuid": "f43d69d3-3505-400c-b2bb-cf540b7bbfb9",
          "title": "7 - Clicar em uma das cores da paleta, faz com que ela seja selecionada e utilizada para preencher os pixels no quadro.",
          "fullFile": "",
          "file": "",
          "beforeHooks": [],
          "afterHooks": [],
          "tests": [
            {
              "title": "Verifica se somente uma cor da paleta de cores tem a classe `selected` de cada vez",
              "fullTitle": "7 - Clicar em uma das cores da paleta, faz com que ela seja selecionada e utilizada para preencher os pixels no quadro. Verifica se somente uma cor da paleta de cores tem a classe `selected` de cada vez",
              "timedOut": null,
              "duration": 621,
              "state": "passed",
              "speed": "slow",
              "pass": true,
              "fail": false,
              "pending": false,
              "context": null,
              "code": "cy.get('.color').each(function (selectedColor, selectedColorIndex) {\n  cy.wrap(selectedColor).click();\n  cy.get('.color').each(function (color, colorIndex) {\n    if (colorIndex === selectedColorIndex) {\n      expect(color).to.have[\"class\"]('selected');\n    } else {\n      expect(color).not.to.have[\"class\"]('selected');\n    }\n  });\n});",
              "err": {},
              "uuid": "adf0a43d-4ed4-4f14-8277-184f1f1fd25b",
              "parentUUID": "f43d69d3-3505-400c-b2bb-cf540b7bbfb9",
              "isHook": false,
              "skipped": false
            },
            {
              "title": "Verifica se os pixels dentro do quadro não têm a classe `selected` quando são clicados",
              "fullTitle": "7 - Clicar em uma das cores da paleta, faz com que ela seja selecionada e utilizada para preencher os pixels no quadro. Verifica se os pixels dentro do quadro não têm a classe `selected` quando são clicados",
              "timedOut": null,
              "duration": 9203,
              "state": "passed",
              "speed": "slow",
              "pass": true,
              "fail": false,
              "pending": false,
              "context": null,
              "code": "cy.get('.color').each(function (color) {\n  var backgroundColor = color.css('background-color');\n  cy.wrap(color).click();\n  cy.get('.pixel').each(function (pixel) {\n    cy.wrap(pixel).click().should('not.have.class', 'selected');\n  });\n});",
              "err": {},
              "uuid": "368f307f-d40d-41ec-a633-0e48efde8455",
              "parentUUID": "f43d69d3-3505-400c-b2bb-cf540b7bbfb9",
              "isHook": false,
              "skipped": false
            }
          ],
          "suites": [],
          "passes": [
            "adf0a43d-4ed4-4f14-8277-184f1f1fd25b",
            "368f307f-d40d-41ec-a633-0e48efde8455"
          ],
          "failures": [],
          "pending": [],
          "skipped": [],
          "duration": 9824,
          "root": false,
          "rootEmpty": false,
          "_timeout": 2000
        },
        {
          "uuid": "10c32062-dd16-43b2-8c8a-534e885c6b41",
          "title": "8 - Clicar em um pixel dentro do quadro após selecionar uma cor na paleta, faz com que o pixel seja preenchido com a cor selecionada.",
          "fullFile": "",
          "file": "",
          "beforeHooks": [],
          "afterHooks": [],
          "tests": [
            {
              "title": "Verifica se ao carregar a página deve ser possível pintar os pixels de preto",
              "fullTitle": "8 - Clicar em um pixel dentro do quadro após selecionar uma cor na paleta, faz com que o pixel seja preenchido com a cor selecionada. Verifica se ao carregar a página deve ser possível pintar os pixels de preto",
              "timedOut": null,
              "duration": 2526,
              "state": "passed",
              "speed": "slow",
              "pass": true,
              "fail": false,
              "pending": false,
              "context": null,
              "code": "cy.get('.pixel').each(function (pixel) {\n  cy.wrap(pixel).click().should('have.css', 'background-color', BLACK);\n});",
              "err": {},
              "uuid": "8b16776b-b963-4dcf-b31f-3423e8fe3583",
              "parentUUID": "10c32062-dd16-43b2-8c8a-534e885c6b41",
              "isHook": false,
              "skipped": false
            },
            {
              "title": "Verifica se após selecionar uma outra cor na paleta, é possível pintar os pixels com essa cor",
              "fullTitle": "8 - Clicar em um pixel dentro do quadro após selecionar uma cor na paleta, faz com que o pixel seja preenchido com a cor selecionada. Verifica se após selecionar uma outra cor na paleta, é possível pintar os pixels com essa cor",
              "timedOut": null,
              "duration": 9133,
              "state": "passed",
              "speed": "slow",
              "pass": true,
              "fail": false,
              "pending": false,
              "context": null,
              "code": "cy.get('.color').each(function (color) {\n  var backgroundColor = color.css('background-color');\n  cy.wrap(color).click();\n  cy.get('.pixel').each(function (pixel) {\n    cy.wrap(pixel).click().should('have.css', 'background-color', backgroundColor);\n  });\n});",
              "err": {},
              "uuid": "40a4560f-9436-4a75-81aa-847cdc286840",
              "parentUUID": "10c32062-dd16-43b2-8c8a-534e885c6b41",
              "isHook": false,
              "skipped": false
            },
            {
              "title": "Verifica se somente o pixel que foi clicado foi preenchido com a cor selecionada, sem influenciar na cor dos demais pixels.",
              "fullTitle": "8 - Clicar em um pixel dentro do quadro após selecionar uma cor na paleta, faz com que o pixel seja preenchido com a cor selecionada. Verifica se somente o pixel que foi clicado foi preenchido com a cor selecionada, sem influenciar na cor dos demais pixels.",
              "timedOut": null,
              "duration": 1843,
              "state": "passed",
              "speed": "slow",
              "pass": true,
              "fail": false,
              "pending": false,
              "context": null,
              "code": "var colorToPixelIndexMap = {\n  0: 6,\n  1: 8,\n  2: 16,\n  3: 18\n};\ncy.get('.color').each(function (color, index) {\n  cy.wrap(color).click();\n  var backgroundColor = color.css('background-color');\n  var clickedPixelIndex = colorToPixelIndexMap[index];\n  cy.get('.pixel').eq(clickedPixelIndex).click();\n  cy.get('.pixel').eq(clickedPixelIndex - 1).should('not.have.css', 'background-color', backgroundColor);\n  cy.get('.pixel').eq(clickedPixelIndex + 1).should('not.have.css', 'background-color', backgroundColor);\n  cy.get('.pixel').eq(clickedPixelIndex - 5).should('not.have.css', 'background-color', backgroundColor);\n  cy.get('.pixel').eq(clickedPixelIndex + 5).should('not.have.css', 'background-color', backgroundColor);\n  cy.get('.pixel').eq(clickedPixelIndex - 6).should('not.have.css', 'background-color', backgroundColor);\n  cy.get('.pixel').eq(clickedPixelIndex - 4).should('not.have.css', 'background-color', backgroundColor);\n  cy.get('.pixel').eq(clickedPixelIndex + 4).should('not.have.css', 'background-color', backgroundColor);\n  cy.get('.pixel').eq(clickedPixelIndex + 6).should('not.have.css', 'background-color', backgroundColor);\n});",
              "err": {},
              "uuid": "5c31f629-6362-485b-b8c2-d74e6b2c481b",
              "parentUUID": "10c32062-dd16-43b2-8c8a-534e885c6b41",
              "isHook": false,
              "skipped": false
            }
          ],
          "suites": [],
          "passes": [
            "8b16776b-b963-4dcf-b31f-3423e8fe3583",
            "40a4560f-9436-4a75-81aa-847cdc286840",
            "5c31f629-6362-485b-b8c2-d74e6b2c481b"
          ],
          "failures": [],
          "pending": [],
          "skipped": [],
          "duration": 13502,
          "root": false,
          "rootEmpty": false,
          "_timeout": 2000
        },
        {
          "uuid": "31c7aa9e-6ae4-4ae0-8339-c87cb4604eeb",
          "title": "9 - Crie um botão que, ao ser clicado, limpa o quadro preenchendo a cor de todos seus pixels com branco.",
          "fullFile": "",
          "file": "",
          "beforeHooks": [],
          "afterHooks": [],
          "tests": [
            {
              "title": "Verifica se o botão tem o `id` denominado `clear-board`",
              "fullTitle": "9 - Crie um botão que, ao ser clicado, limpa o quadro preenchendo a cor de todos seus pixels com branco. Verifica se o botão tem o `id` denominado `clear-board`",
              "timedOut": null,
              "duration": 4442,
              "state": "failed",
              "speed": null,
              "pass": false,
              "fail": true,
              "pending": false,
              "context": null,
              "code": "cy.get('#clear-board').should('be.visible');",
              "err": {
                "message": "CypressError: Timed out retrying: Expected to find element: '#clear-board', but never found it.",
                "estack": "CypressError: Timed out retrying: Expected to find element: '#clear-board', but never found it.\n    at cypressErr (http://localhost:42901/__cypress/runner/cypress_runner.js:149934:9)\n    at throwErr (http://localhost:42901/__cypress/runner/cypress_runner.js:149867:11)\n    at Object.throwErrByPath (http://localhost:42901/__cypress/runner/cypress_runner.js:149915:3)\n    at retry (http://localhost:42901/__cypress/runner/cypress_runner.js:144197:19)\n    at onFailFn (http://localhost:42901/__cypress/runner/cypress_runner.js:132448:16)\n    at tryCatcher (http://localhost:42901/__cypress/runner/cypress_runner.js:167415:23)\n    at Promise._settlePromiseFromHandler (http://localhost:42901/__cypress/runner/cypress_runner.js:165351:31)\n    at Promise._settlePromise (http://localhost:42901/__cypress/runner/cypress_runner.js:165408:18)\n    at Promise._settlePromise0 (http://localhost:42901/__cypress/runner/cypress_runner.js:165453:10)\n    at Promise._settlePromises (http://localhost:42901/__cypress/runner/cypress_runner.js:165528:18)\n    at Async../node_modules/bluebird/js/release/async.js.Async._drainQueue (http://localhost:42901/__cypress/runner/cypress_runner.js:162140:16)\n    at Async../node_modules/bluebird/js/release/async.js.Async._drainQueues (http://localhost:42901/__cypress/runner/cypress_runner.js:162150:10)\n    at Async.drainQueues (http://localhost:42901/__cypress/runner/cypress_runner.js:162024:14)",
                "diff": null
              },
              "uuid": "6e1972c0-e376-4654-83f3-1e0caeb8e61d",
              "parentUUID": "31c7aa9e-6ae4-4ae0-8339-c87cb4604eeb",
              "isHook": false,
              "skipped": false
            },
            {
              "title": "Verifica se o botão está posicionado entre a paleta de cores e o quadro de pixels",
              "fullTitle": "9 - Crie um botão que, ao ser clicado, limpa o quadro preenchendo a cor de todos seus pixels com branco. Verifica se o botão está posicionado entre a paleta de cores e o quadro de pixels",
              "timedOut": null,
              "duration": 4634,
              "state": "failed",
              "speed": null,
              "pass": false,
              "fail": true,
              "pending": false,
              "context": null,
              "code": "cy.get('#color-palette').then(function (palette) {\n  cy.get('#clear-board').should('be.belowOf', palette);\n});\ncy.get('#clear-board').then(function (clearBtn) {\n  cy.get('#pixel-board').should('be.belowOf', clearBtn);\n});",
              "err": {
                "message": "CypressError: Timed out retrying: Expected to find element: '#clear-board', but never found it.",
                "estack": "CypressError: Timed out retrying: Expected to find element: '#clear-board', but never found it.\n    at cypressErr (http://localhost:42901/__cypress/runner/cypress_runner.js:149934:9)\n    at throwErr (http://localhost:42901/__cypress/runner/cypress_runner.js:149867:11)\n    at Object.throwErrByPath (http://localhost:42901/__cypress/runner/cypress_runner.js:149915:3)\n    at retry (http://localhost:42901/__cypress/runner/cypress_runner.js:144197:19)\n    at onFailFn (http://localhost:42901/__cypress/runner/cypress_runner.js:132448:16)\n    at tryCatcher (http://localhost:42901/__cypress/runner/cypress_runner.js:167415:23)\n    at Promise._settlePromiseFromHandler (http://localhost:42901/__cypress/runner/cypress_runner.js:165351:31)\n    at Promise._settlePromise (http://localhost:42901/__cypress/runner/cypress_runner.js:165408:18)\n    at Promise._settlePromise0 (http://localhost:42901/__cypress/runner/cypress_runner.js:165453:10)\n    at Promise._settlePromises (http://localhost:42901/__cypress/runner/cypress_runner.js:165528:18)\n    at Async../node_modules/bluebird/js/release/async.js.Async._drainQueue (http://localhost:42901/__cypress/runner/cypress_runner.js:162140:16)\n    at Async../node_modules/bluebird/js/release/async.js.Async._drainQueues (http://localhost:42901/__cypress/runner/cypress_runner.js:162150:10)\n    at Async.drainQueues (http://localhost:42901/__cypress/runner/cypress_runner.js:162024:14)",
                "diff": null
              },
              "uuid": "d0ec81ee-5c75-49bb-8923-d15fc27371c5",
              "parentUUID": "31c7aa9e-6ae4-4ae0-8339-c87cb4604eeb",
              "isHook": false,
              "skipped": false
            },
            {
              "title": "Verifica se o texto do botão é 'Limpar'",
              "fullTitle": "9 - Crie um botão que, ao ser clicado, limpa o quadro preenchendo a cor de todos seus pixels com branco. Verifica se o texto do botão é 'Limpar'",
              "timedOut": null,
              "duration": 4602,
              "state": "failed",
              "speed": null,
              "pass": false,
              "fail": true,
              "pending": false,
              "context": null,
              "code": "cy.get('#clear-board').should('contain.text', 'Limpar');",
              "err": {
                "message": "CypressError: Timed out retrying: Expected to find element: '#clear-board', but never found it.",
                "estack": "CypressError: Timed out retrying: Expected to find element: '#clear-board', but never found it.\n    at cypressErr (http://localhost:42901/__cypress/runner/cypress_runner.js:149934:9)\n    at throwErr (http://localhost:42901/__cypress/runner/cypress_runner.js:149867:11)\n    at Object.throwErrByPath (http://localhost:42901/__cypress/runner/cypress_runner.js:149915:3)\n    at retry (http://localhost:42901/__cypress/runner/cypress_runner.js:144197:19)\n    at onFailFn (http://localhost:42901/__cypress/runner/cypress_runner.js:132448:16)\n    at tryCatcher (http://localhost:42901/__cypress/runner/cypress_runner.js:167415:23)\n    at Promise._settlePromiseFromHandler (http://localhost:42901/__cypress/runner/cypress_runner.js:165351:31)\n    at Promise._settlePromise (http://localhost:42901/__cypress/runner/cypress_runner.js:165408:18)\n    at Promise._settlePromise0 (http://localhost:42901/__cypress/runner/cypress_runner.js:165453:10)\n    at Promise._settlePromises (http://localhost:42901/__cypress/runner/cypress_runner.js:165528:18)\n    at Async../node_modules/bluebird/js/release/async.js.Async._drainQueue (http://localhost:42901/__cypress/runner/cypress_runner.js:162140:16)\n    at Async../node_modules/bluebird/js/release/async.js.Async._drainQueues (http://localhost:42901/__cypress/runner/cypress_runner.js:162150:10)\n    at Async.drainQueues (http://localhost:42901/__cypress/runner/cypress_runner.js:162024:14)",
                "diff": null
              },
              "uuid": "e4409f79-0f9c-41bd-a254-4c0af6040ea7",
              "parentUUID": "31c7aa9e-6ae4-4ae0-8339-c87cb4604eeb",
              "isHook": false,
              "skipped": false
            },
            {
              "title": "Verifica se ao clicar no botão, o quadro de pixels é totalmente preenchido de branco",
              "fullTitle": "9 - Crie um botão que, ao ser clicado, limpa o quadro preenchendo a cor de todos seus pixels com branco. Verifica se ao clicar no botão, o quadro de pixels é totalmente preenchido de branco",
              "timedOut": null,
              "duration": 7232,
              "state": "failed",
              "speed": null,
              "pass": false,
              "fail": true,
              "pending": false,
              "context": null,
              "code": "cy.get('.color').eq(1).then(function (color) {\n  var backgroundColor = color.css('background-color');\n  cy.wrap(color).click();\n  cy.get('.pixel').each(function (pixel) {\n    cy.wrap(pixel).click().should('have.css', 'background-color', backgroundColor);\n  });\n});\ncy.get('#clear-board').click();\ncy.get('.pixel').each(function (pixel) {\n  cy.wrap(pixel).should('have.css', 'background-color', WHITE);\n});",
              "err": {
                "message": "CypressError: Timed out retrying: Expected to find element: '#clear-board', but never found it.",
                "estack": "CypressError: Timed out retrying: Expected to find element: '#clear-board', but never found it.\n    at cypressErr (http://localhost:42901/__cypress/runner/cypress_runner.js:149934:9)\n    at throwErr (http://localhost:42901/__cypress/runner/cypress_runner.js:149867:11)\n    at Object.throwErrByPath (http://localhost:42901/__cypress/runner/cypress_runner.js:149915:3)\n    at retry (http://localhost:42901/__cypress/runner/cypress_runner.js:144197:19)\n    at onFailFn (http://localhost:42901/__cypress/runner/cypress_runner.js:132448:16)\n    at tryCatcher (http://localhost:42901/__cypress/runner/cypress_runner.js:167415:23)\n    at Promise._settlePromiseFromHandler (http://localhost:42901/__cypress/runner/cypress_runner.js:165351:31)\n    at Promise._settlePromise (http://localhost:42901/__cypress/runner/cypress_runner.js:165408:18)\n    at Promise._settlePromise0 (http://localhost:42901/__cypress/runner/cypress_runner.js:165453:10)\n    at Promise._settlePromises (http://localhost:42901/__cypress/runner/cypress_runner.js:165528:18)\n    at Async../node_modules/bluebird/js/release/async.js.Async._drainQueue (http://localhost:42901/__cypress/runner/cypress_runner.js:162140:16)\n    at Async../node_modules/bluebird/js/release/async.js.Async._drainQueues (http://localhost:42901/__cypress/runner/cypress_runner.js:162150:10)\n    at Async.drainQueues (http://localhost:42901/__cypress/runner/cypress_runner.js:162024:14)",
                "diff": null
              },
              "uuid": "943ae630-a716-44fd-85d4-4d8ca8e639d1",
              "parentUUID": "31c7aa9e-6ae4-4ae0-8339-c87cb4604eeb",
              "isHook": false,
              "skipped": false
            }
          ],
          "suites": [],
          "passes": [],
          "failures": [
            "6e1972c0-e376-4654-83f3-1e0caeb8e61d",
            "d0ec81ee-5c75-49bb-8923-d15fc27371c5",
            "e4409f79-0f9c-41bd-a254-4c0af6040ea7",
            "943ae630-a716-44fd-85d4-4d8ca8e639d1"
          ],
          "pending": [],
          "skipped": [],
          "duration": 20910,
          "root": false,
          "rootEmpty": false,
          "_timeout": 2000
        },
        {
          "uuid": "5e3a9497-321a-43c7-828b-ba985912bacc",
          "title": "10 - Faça o quadro de pixels ter seu tamanho definido pelo usuário.",
          "fullFile": "",
          "file": "",
          "beforeHooks": [],
          "afterHooks": [],
          "tests": [
            {
              "title": "Verifica se existe um input com o id `board-size`",
              "fullTitle": "10 - Faça o quadro de pixels ter seu tamanho definido pelo usuário. Verifica se existe um input com o id `board-size`",
              "timedOut": null,
              "duration": 4874,
              "state": "failed",
              "speed": null,
              "pass": false,
              "fail": true,
              "pending": false,
              "context": null,
              "code": "cy.get('#board-size').should('be.visible');",
              "err": {
                "message": "CypressError: Timed out retrying: Expected to find element: '#board-size', but never found it.",
                "estack": "CypressError: Timed out retrying: Expected to find element: '#board-size', but never found it.\n    at cypressErr (http://localhost:42901/__cypress/runner/cypress_runner.js:149934:9)\n    at throwErr (http://localhost:42901/__cypress/runner/cypress_runner.js:149867:11)\n    at Object.throwErrByPath (http://localhost:42901/__cypress/runner/cypress_runner.js:149915:3)\n    at retry (http://localhost:42901/__cypress/runner/cypress_runner.js:144197:19)\n    at onFailFn (http://localhost:42901/__cypress/runner/cypress_runner.js:132448:16)\n    at tryCatcher (http://localhost:42901/__cypress/runner/cypress_runner.js:167415:23)\n    at Promise._settlePromiseFromHandler (http://localhost:42901/__cypress/runner/cypress_runner.js:165351:31)\n    at Promise._settlePromise (http://localhost:42901/__cypress/runner/cypress_runner.js:165408:18)\n    at Promise._settlePromise0 (http://localhost:42901/__cypress/runner/cypress_runner.js:165453:10)\n    at Promise._settlePromises (http://localhost:42901/__cypress/runner/cypress_runner.js:165528:18)\n    at Async../node_modules/bluebird/js/release/async.js.Async._drainQueue (http://localhost:42901/__cypress/runner/cypress_runner.js:162140:16)\n    at Async../node_modules/bluebird/js/release/async.js.Async._drainQueues (http://localhost:42901/__cypress/runner/cypress_runner.js:162150:10)\n    at Async.drainQueues (http://localhost:42901/__cypress/runner/cypress_runner.js:162024:14)",
                "diff": null
              },
              "uuid": "e6dc00a1-e543-410d-b012-9dfff4efb2b9",
              "parentUUID": "5e3a9497-321a-43c7-828b-ba985912bacc",
              "isHook": false,
              "skipped": false
            },
            {
              "title": "Verifica se existe um botão com o id `generate-board`",
              "fullTitle": "10 - Faça o quadro de pixels ter seu tamanho definido pelo usuário. Verifica se existe um botão com o id `generate-board`",
              "timedOut": null,
              "duration": 4598,
              "state": "failed",
              "speed": null,
              "pass": false,
              "fail": true,
              "pending": false,
              "context": null,
              "code": "cy.get('#generate-board').should('be.visible');",
              "err": {
                "message": "CypressError: Timed out retrying: Expected to find element: '#generate-board', but never found it.",
                "estack": "CypressError: Timed out retrying: Expected to find element: '#generate-board', but never found it.\n    at cypressErr (http://localhost:42901/__cypress/runner/cypress_runner.js:149934:9)\n    at throwErr (http://localhost:42901/__cypress/runner/cypress_runner.js:149867:11)\n    at Object.throwErrByPath (http://localhost:42901/__cypress/runner/cypress_runner.js:149915:3)\n    at retry (http://localhost:42901/__cypress/runner/cypress_runner.js:144197:19)\n    at onFailFn (http://localhost:42901/__cypress/runner/cypress_runner.js:132448:16)\n    at tryCatcher (http://localhost:42901/__cypress/runner/cypress_runner.js:167415:23)\n    at Promise._settlePromiseFromHandler (http://localhost:42901/__cypress/runner/cypress_runner.js:165351:31)\n    at Promise._settlePromise (http://localhost:42901/__cypress/runner/cypress_runner.js:165408:18)\n    at Promise._settlePromise0 (http://localhost:42901/__cypress/runner/cypress_runner.js:165453:10)\n    at Promise._settlePromises (http://localhost:42901/__cypress/runner/cypress_runner.js:165528:18)\n    at Async../node_modules/bluebird/js/release/async.js.Async._drainQueue (http://localhost:42901/__cypress/runner/cypress_runner.js:162140:16)\n    at Async../node_modules/bluebird/js/release/async.js.Async._drainQueues (http://localhost:42901/__cypress/runner/cypress_runner.js:162150:10)\n    at Async.drainQueues (http://localhost:42901/__cypress/runner/cypress_runner.js:162024:14)",
                "diff": null
              },
              "uuid": "ebc72fd3-7b4d-448b-aed3-b455644d7d30",
              "parentUUID": "5e3a9497-321a-43c7-828b-ba985912bacc",
              "isHook": false,
              "skipped": false
            },
            {
              "title": "Verifica se o input só aceita número maiores que zero. Essa restrição deve ser feita usando os atributos do elemento `input`",
              "fullTitle": "10 - Faça o quadro de pixels ter seu tamanho definido pelo usuário. Verifica se o input só aceita número maiores que zero. Essa restrição deve ser feita usando os atributos do elemento `input`",
              "timedOut": null,
              "duration": 4665,
              "state": "failed",
              "speed": null,
              "pass": false,
              "fail": true,
              "pending": false,
              "context": null,
              "code": "cy.get('#board-size[type=\\'number\\'][min=\\'1\\']');",
              "err": {
                "message": "CypressError: Timed out retrying: Expected to find element: '#board-size[type='number'][min='1']', but never found it.",
                "estack": "CypressError: Timed out retrying: Expected to find element: '#board-size[type='number'][min='1']', but never found it.\n    at cypressErr (http://localhost:42901/__cypress/runner/cypress_runner.js:149934:9)\n    at throwErr (http://localhost:42901/__cypress/runner/cypress_runner.js:149867:11)\n    at Object.throwErrByPath (http://localhost:42901/__cypress/runner/cypress_runner.js:149915:3)\n    at retry (http://localhost:42901/__cypress/runner/cypress_runner.js:144197:19)\n    at onFailFn (http://localhost:42901/__cypress/runner/cypress_runner.js:132448:16)\n    at tryCatcher (http://localhost:42901/__cypress/runner/cypress_runner.js:167415:23)\n    at Promise._settlePromiseFromHandler (http://localhost:42901/__cypress/runner/cypress_runner.js:165351:31)\n    at Promise._settlePromise (http://localhost:42901/__cypress/runner/cypress_runner.js:165408:18)\n    at Promise._settlePromise0 (http://localhost:42901/__cypress/runner/cypress_runner.js:165453:10)\n    at Promise._settlePromises (http://localhost:42901/__cypress/runner/cypress_runner.js:165528:18)\n    at Async../node_modules/bluebird/js/release/async.js.Async._drainQueue (http://localhost:42901/__cypress/runner/cypress_runner.js:162140:16)\n    at Async../node_modules/bluebird/js/release/async.js.Async._drainQueues (http://localhost:42901/__cypress/runner/cypress_runner.js:162150:10)\n    at Async.drainQueues (http://localhost:42901/__cypress/runner/cypress_runner.js:162024:14)",
                "diff": null
              },
              "uuid": "cb5830ea-4f52-48cb-a5f1-1a55a1561d8c",
              "parentUUID": "5e3a9497-321a-43c7-828b-ba985912bacc",
              "isHook": false,
              "skipped": false
            },
            {
              "title": "Verifica se o botão contém o texto 'VQV'",
              "fullTitle": "10 - Faça o quadro de pixels ter seu tamanho definido pelo usuário. Verifica se o botão contém o texto 'VQV'",
              "timedOut": null,
              "duration": 4776,
              "state": "failed",
              "speed": null,
              "pass": false,
              "fail": true,
              "pending": false,
              "context": null,
              "code": "cy.get('#generate-board').contains(/vqv/i);",
              "err": {
                "message": "CypressError: Timed out retrying: Expected to find element: '#generate-board', but never found it.",
                "estack": "CypressError: Timed out retrying: Expected to find element: '#generate-board', but never found it.\n    at cypressErr (http://localhost:42901/__cypress/runner/cypress_runner.js:149934:9)\n    at throwErr (http://localhost:42901/__cypress/runner/cypress_runner.js:149867:11)\n    at Object.throwErrByPath (http://localhost:42901/__cypress/runner/cypress_runner.js:149915:3)\n    at retry (http://localhost:42901/__cypress/runner/cypress_runner.js:144197:19)\n    at onFailFn (http://localhost:42901/__cypress/runner/cypress_runner.js:132448:16)\n    at tryCatcher (http://localhost:42901/__cypress/runner/cypress_runner.js:167415:23)\n    at Promise._settlePromiseFromHandler (http://localhost:42901/__cypress/runner/cypress_runner.js:165351:31)\n    at Promise._settlePromise (http://localhost:42901/__cypress/runner/cypress_runner.js:165408:18)\n    at Promise._settlePromise0 (http://localhost:42901/__cypress/runner/cypress_runner.js:165453:10)\n    at Promise._settlePromises (http://localhost:42901/__cypress/runner/cypress_runner.js:165528:18)\n    at Async../node_modules/bluebird/js/release/async.js.Async._drainQueue (http://localhost:42901/__cypress/runner/cypress_runner.js:162140:16)\n    at Async../node_modules/bluebird/js/release/async.js.Async._drainQueues (http://localhost:42901/__cypress/runner/cypress_runner.js:162150:10)\n    at Async.drainQueues (http://localhost:42901/__cypress/runner/cypress_runner.js:162024:14)",
                "diff": null
              },
              "uuid": "b3746a21-4c52-4da2-bb29-175bacf2e9b6",
              "parentUUID": "5e3a9497-321a-43c7-828b-ba985912bacc",
              "isHook": false,
              "skipped": false
            },
            {
              "title": "Verifica se o input está posicionado entre a paleta de cores e o quadro de pixels",
              "fullTitle": "10 - Faça o quadro de pixels ter seu tamanho definido pelo usuário. Verifica se o input está posicionado entre a paleta de cores e o quadro de pixels",
              "timedOut": null,
              "duration": 4696,
              "state": "failed",
              "speed": null,
              "pass": false,
              "fail": true,
              "pending": false,
              "context": null,
              "code": "cy.get('#color-palette').then(function (palette) {\n  cy.get('#board-size').should('be.belowOf', palette);\n});\ncy.get('#board-size').then(function (palette) {\n  cy.get('#pixel-board').should('be.belowOf', palette);\n});",
              "err": {
                "message": "CypressError: Timed out retrying: Expected to find element: '#board-size', but never found it.",
                "estack": "CypressError: Timed out retrying: Expected to find element: '#board-size', but never found it.\n    at cypressErr (http://localhost:42901/__cypress/runner/cypress_runner.js:149934:9)\n    at throwErr (http://localhost:42901/__cypress/runner/cypress_runner.js:149867:11)\n    at Object.throwErrByPath (http://localhost:42901/__cypress/runner/cypress_runner.js:149915:3)\n    at retry (http://localhost:42901/__cypress/runner/cypress_runner.js:144197:19)\n    at onFailFn (http://localhost:42901/__cypress/runner/cypress_runner.js:132448:16)\n    at tryCatcher (http://localhost:42901/__cypress/runner/cypress_runner.js:167415:23)\n    at Promise._settlePromiseFromHandler (http://localhost:42901/__cypress/runner/cypress_runner.js:165351:31)\n    at Promise._settlePromise (http://localhost:42901/__cypress/runner/cypress_runner.js:165408:18)\n    at Promise._settlePromise0 (http://localhost:42901/__cypress/runner/cypress_runner.js:165453:10)\n    at Promise._settlePromises (http://localhost:42901/__cypress/runner/cypress_runner.js:165528:18)\n    at Async../node_modules/bluebird/js/release/async.js.Async._drainQueue (http://localhost:42901/__cypress/runner/cypress_runner.js:162140:16)\n    at Async../node_modules/bluebird/js/release/async.js.Async._drainQueues (http://localhost:42901/__cypress/runner/cypress_runner.js:162150:10)\n    at Async.drainQueues (http://localhost:42901/__cypress/runner/cypress_runner.js:162024:14)",
                "diff": null
              },
              "uuid": "9ee9427d-7317-4a56-b3b4-9341edf7cc73",
              "parentUUID": "5e3a9497-321a-43c7-828b-ba985912bacc",
              "isHook": false,
              "skipped": false
            },
            {
              "title": "Verifica se o botão está posicionado ao lado do input",
              "fullTitle": "10 - Faça o quadro de pixels ter seu tamanho definido pelo usuário. Verifica se o botão está posicionado ao lado do input",
              "timedOut": null,
              "duration": 4624,
              "state": "failed",
              "speed": null,
              "pass": false,
              "fail": true,
              "pending": false,
              "context": null,
              "code": "cy.get('#board-size').then(function (board) {\n  cy.get('#generate-board').should('be.onTheRightOf', board);\n});",
              "err": {
                "message": "CypressError: Timed out retrying: Expected to find element: '#board-size', but never found it.",
                "estack": "CypressError: Timed out retrying: Expected to find element: '#board-size', but never found it.\n    at cypressErr (http://localhost:42901/__cypress/runner/cypress_runner.js:149934:9)\n    at throwErr (http://localhost:42901/__cypress/runner/cypress_runner.js:149867:11)\n    at Object.throwErrByPath (http://localhost:42901/__cypress/runner/cypress_runner.js:149915:3)\n    at retry (http://localhost:42901/__cypress/runner/cypress_runner.js:144197:19)\n    at onFailFn (http://localhost:42901/__cypress/runner/cypress_runner.js:132448:16)\n    at tryCatcher (http://localhost:42901/__cypress/runner/cypress_runner.js:167415:23)\n    at Promise._settlePromiseFromHandler (http://localhost:42901/__cypress/runner/cypress_runner.js:165351:31)\n    at Promise._settlePromise (http://localhost:42901/__cypress/runner/cypress_runner.js:165408:18)\n    at Promise._settlePromise0 (http://localhost:42901/__cypress/runner/cypress_runner.js:165453:10)\n    at Promise._settlePromises (http://localhost:42901/__cypress/runner/cypress_runner.js:165528:18)\n    at Async../node_modules/bluebird/js/release/async.js.Async._drainQueue (http://localhost:42901/__cypress/runner/cypress_runner.js:162140:16)\n    at Async../node_modules/bluebird/js/release/async.js.Async._drainQueues (http://localhost:42901/__cypress/runner/cypress_runner.js:162150:10)\n    at Async.drainQueues (http://localhost:42901/__cypress/runner/cypress_runner.js:162024:14)",
                "diff": null
              },
              "uuid": "24007fce-2490-4d51-af7d-7a4ed95b34e5",
              "parentUUID": "5e3a9497-321a-43c7-828b-ba985912bacc",
              "isHook": false,
              "skipped": false
            },
            {
              "title": "Verifica se nenhum valor for colocado no input ao clicar no botão, um `alert` é exibido com o texto: 'Board inválido!'",
              "fullTitle": "10 - Faça o quadro de pixels ter seu tamanho definido pelo usuário. Verifica se nenhum valor for colocado no input ao clicar no botão, um `alert` é exibido com o texto: 'Board inválido!'",
              "timedOut": null,
              "duration": 4566,
              "state": "failed",
              "speed": null,
              "pass": false,
              "fail": true,
              "pending": false,
              "context": null,
              "code": "var alerted = false;\ncy.on('window:alert', function (msg) {\n  return alerted = msg;\n});\ncy.get('#generate-board').click().then(function () {\n  return expect(alerted).to.match(/Board inválido!/i);\n});",
              "err": {
                "message": "CypressError: Timed out retrying: Expected to find element: '#generate-board', but never found it.",
                "estack": "CypressError: Timed out retrying: Expected to find element: '#generate-board', but never found it.\n    at cypressErr (http://localhost:42901/__cypress/runner/cypress_runner.js:149934:9)\n    at throwErr (http://localhost:42901/__cypress/runner/cypress_runner.js:149867:11)\n    at Object.throwErrByPath (http://localhost:42901/__cypress/runner/cypress_runner.js:149915:3)\n    at retry (http://localhost:42901/__cypress/runner/cypress_runner.js:144197:19)\n    at onFailFn (http://localhost:42901/__cypress/runner/cypress_runner.js:132448:16)\n    at tryCatcher (http://localhost:42901/__cypress/runner/cypress_runner.js:167415:23)\n    at Promise._settlePromiseFromHandler (http://localhost:42901/__cypress/runner/cypress_runner.js:165351:31)\n    at Promise._settlePromise (http://localhost:42901/__cypress/runner/cypress_runner.js:165408:18)\n    at Promise._settlePromise0 (http://localhost:42901/__cypress/runner/cypress_runner.js:165453:10)\n    at Promise._settlePromises (http://localhost:42901/__cypress/runner/cypress_runner.js:165528:18)\n    at Async../node_modules/bluebird/js/release/async.js.Async._drainQueue (http://localhost:42901/__cypress/runner/cypress_runner.js:162140:16)\n    at Async../node_modules/bluebird/js/release/async.js.Async._drainQueues (http://localhost:42901/__cypress/runner/cypress_runner.js:162150:10)\n    at Async.drainQueues (http://localhost:42901/__cypress/runner/cypress_runner.js:162024:14)",
                "diff": null
              },
              "uuid": "32d33b01-78a4-4886-827b-bd98da12b9e8",
              "parentUUID": "5e3a9497-321a-43c7-828b-ba985912bacc",
              "isHook": false,
              "skipped": false
            },
            {
              "title": "Verifica se ao clicar no botão com um valor preenchido, o tamanho do board muda.",
              "fullTitle": "10 - Faça o quadro de pixels ter seu tamanho definido pelo usuário. Verifica se ao clicar no botão com um valor preenchido, o tamanho do board muda.",
              "timedOut": null,
              "duration": 4676,
              "state": "failed",
              "speed": null,
              "pass": false,
              "fail": true,
              "pending": false,
              "context": null,
              "code": "cy.get('#board-size').clear().type(10);\ncy.get('#generate-board').click();\ncy.get('.pixel').should('have.length', 100);",
              "err": {
                "message": "CypressError: Timed out retrying: Expected to find element: '#board-size', but never found it.",
                "estack": "CypressError: Timed out retrying: Expected to find element: '#board-size', but never found it.\n    at cypressErr (http://localhost:42901/__cypress/runner/cypress_runner.js:149934:9)\n    at throwErr (http://localhost:42901/__cypress/runner/cypress_runner.js:149867:11)\n    at Object.throwErrByPath (http://localhost:42901/__cypress/runner/cypress_runner.js:149915:3)\n    at retry (http://localhost:42901/__cypress/runner/cypress_runner.js:144197:19)\n    at onFailFn (http://localhost:42901/__cypress/runner/cypress_runner.js:132448:16)\n    at tryCatcher (http://localhost:42901/__cypress/runner/cypress_runner.js:167415:23)\n    at Promise._settlePromiseFromHandler (http://localhost:42901/__cypress/runner/cypress_runner.js:165351:31)\n    at Promise._settlePromise (http://localhost:42901/__cypress/runner/cypress_runner.js:165408:18)\n    at Promise._settlePromise0 (http://localhost:42901/__cypress/runner/cypress_runner.js:165453:10)\n    at Promise._settlePromises (http://localhost:42901/__cypress/runner/cypress_runner.js:165528:18)\n    at Async../node_modules/bluebird/js/release/async.js.Async._drainQueue (http://localhost:42901/__cypress/runner/cypress_runner.js:162140:16)\n    at Async../node_modules/bluebird/js/release/async.js.Async._drainQueues (http://localhost:42901/__cypress/runner/cypress_runner.js:162150:10)\n    at Async.drainQueues (http://localhost:42901/__cypress/runner/cypress_runner.js:162024:14)",
                "diff": null
              },
              "uuid": "ddeed975-5552-4801-b273-aad30fe278ce",
              "parentUUID": "5e3a9497-321a-43c7-828b-ba985912bacc",
              "isHook": false,
              "skipped": false
            },
            {
              "title": "Verifica se o novo quadro tem todos os pixels preenchidos com a cor branca",
              "fullTitle": "10 - Faça o quadro de pixels ter seu tamanho definido pelo usuário. Verifica se o novo quadro tem todos os pixels preenchidos com a cor branca",
              "timedOut": null,
              "duration": 5090,
              "state": "failed",
              "speed": null,
              "pass": false,
              "fail": true,
              "pending": false,
              "context": null,
              "code": "cy.get('#board-size').clear().type(6);\ncy.get('#generate-board').click();\ncy.get('.pixel').should('have.length', 36).each(function (pixel) {\n  expect(pixel).to.have.css('background-color', WHITE);\n});",
              "err": {
                "message": "CypressError: Timed out retrying: Expected to find element: '#board-size', but never found it.",
                "estack": "CypressError: Timed out retrying: Expected to find element: '#board-size', but never found it.\n    at cypressErr (http://localhost:42901/__cypress/runner/cypress_runner.js:149934:9)\n    at throwErr (http://localhost:42901/__cypress/runner/cypress_runner.js:149867:11)\n    at Object.throwErrByPath (http://localhost:42901/__cypress/runner/cypress_runner.js:149915:3)\n    at retry (http://localhost:42901/__cypress/runner/cypress_runner.js:144197:19)\n    at onFailFn (http://localhost:42901/__cypress/runner/cypress_runner.js:132448:16)\n    at tryCatcher (http://localhost:42901/__cypress/runner/cypress_runner.js:167415:23)\n    at Promise._settlePromiseFromHandler (http://localhost:42901/__cypress/runner/cypress_runner.js:165351:31)\n    at Promise._settlePromise (http://localhost:42901/__cypress/runner/cypress_runner.js:165408:18)\n    at Promise._settlePromise0 (http://localhost:42901/__cypress/runner/cypress_runner.js:165453:10)\n    at Promise._settlePromises (http://localhost:42901/__cypress/runner/cypress_runner.js:165528:18)\n    at Async../node_modules/bluebird/js/release/async.js.Async._drainQueue (http://localhost:42901/__cypress/runner/cypress_runner.js:162140:16)\n    at Async../node_modules/bluebird/js/release/async.js.Async._drainQueues (http://localhost:42901/__cypress/runner/cypress_runner.js:162150:10)\n    at Async.drainQueues (http://localhost:42901/__cypress/runner/cypress_runner.js:162024:14)",
                "diff": null
              },
              "uuid": "67fb4b19-6159-4a7c-9d42-0ed0201469b5",
              "parentUUID": "5e3a9497-321a-43c7-828b-ba985912bacc",
              "isHook": false,
              "skipped": false
            }
          ],
          "suites": [],
          "passes": [],
          "failures": [
            "e6dc00a1-e543-410d-b012-9dfff4efb2b9",
            "ebc72fd3-7b4d-448b-aed3-b455644d7d30",
            "cb5830ea-4f52-48cb-a5f1-1a55a1561d8c",
            "b3746a21-4c52-4da2-bb29-175bacf2e9b6",
            "9ee9427d-7317-4a56-b3b4-9341edf7cc73",
            "24007fce-2490-4d51-af7d-7a4ed95b34e5",
            "32d33b01-78a4-4886-827b-bd98da12b9e8",
            "ddeed975-5552-4801-b273-aad30fe278ce",
            "67fb4b19-6159-4a7c-9d42-0ed0201469b5"
          ],
          "pending": [],
          "skipped": [],
          "duration": 42565,
          "root": false,
          "rootEmpty": false,
          "_timeout": 2000
        },
        {
          "uuid": "a614617c-8139-415e-9d77-4c897493d980",
          "title": "11 - Limite o tamanho mínimo e máximo do board.",
          "fullFile": "",
          "file": "",
          "beforeHooks": [],
          "afterHooks": [],
          "tests": [
            {
              "title": "Verifica se a altura máxima do board é 50",
              "fullTitle": "11 - Limite o tamanho mínimo e máximo do board. Verifica se a altura máxima do board é 50",
              "timedOut": null,
              "duration": 5011,
              "state": "failed",
              "speed": null,
              "pass": false,
              "fail": true,
              "pending": false,
              "context": null,
              "code": "cy.get('#board-size').clear().type(50);\ncy.get('#generate-board').click();\ncy.get('.pixel').should('have.length', 2500);",
              "err": {
                "message": "CypressError: Timed out retrying: Expected to find element: '#board-size', but never found it.",
                "estack": "CypressError: Timed out retrying: Expected to find element: '#board-size', but never found it.\n    at cypressErr (http://localhost:42901/__cypress/runner/cypress_runner.js:149934:9)\n    at throwErr (http://localhost:42901/__cypress/runner/cypress_runner.js:149867:11)\n    at Object.throwErrByPath (http://localhost:42901/__cypress/runner/cypress_runner.js:149915:3)\n    at retry (http://localhost:42901/__cypress/runner/cypress_runner.js:144197:19)\n    at onFailFn (http://localhost:42901/__cypress/runner/cypress_runner.js:132448:16)\n    at tryCatcher (http://localhost:42901/__cypress/runner/cypress_runner.js:167415:23)\n    at Promise._settlePromiseFromHandler (http://localhost:42901/__cypress/runner/cypress_runner.js:165351:31)\n    at Promise._settlePromise (http://localhost:42901/__cypress/runner/cypress_runner.js:165408:18)\n    at Promise._settlePromise0 (http://localhost:42901/__cypress/runner/cypress_runner.js:165453:10)\n    at Promise._settlePromises (http://localhost:42901/__cypress/runner/cypress_runner.js:165528:18)\n    at Async../node_modules/bluebird/js/release/async.js.Async._drainQueue (http://localhost:42901/__cypress/runner/cypress_runner.js:162140:16)\n    at Async../node_modules/bluebird/js/release/async.js.Async._drainQueues (http://localhost:42901/__cypress/runner/cypress_runner.js:162150:10)\n    at Async.drainQueues (http://localhost:42901/__cypress/runner/cypress_runner.js:162024:14)",
                "diff": null
              },
              "uuid": "adb0f30a-0dd9-4311-889b-2c808558378a",
              "parentUUID": "a614617c-8139-415e-9d77-4c897493d980",
              "isHook": false,
              "skipped": false
            },
            {
              "title": "Verifica se a altura do board é 5 quando um valor menor é colocado no input",
              "fullTitle": "11 - Limite o tamanho mínimo e máximo do board. Verifica se a altura do board é 5 quando um valor menor é colocado no input",
              "timedOut": null,
              "duration": 4925,
              "state": "failed",
              "speed": null,
              "pass": false,
              "fail": true,
              "pending": false,
              "context": null,
              "code": "cy.get('#board-size').clear().type(4);\ncy.get('#generate-board').click();\ncy.get('.pixel').should('have.length', 25);",
              "err": {
                "message": "CypressError: Timed out retrying: Expected to find element: '#board-size', but never found it.",
                "estack": "CypressError: Timed out retrying: Expected to find element: '#board-size', but never found it.\n    at cypressErr (http://localhost:42901/__cypress/runner/cypress_runner.js:149934:9)\n    at throwErr (http://localhost:42901/__cypress/runner/cypress_runner.js:149867:11)\n    at Object.throwErrByPath (http://localhost:42901/__cypress/runner/cypress_runner.js:149915:3)\n    at retry (http://localhost:42901/__cypress/runner/cypress_runner.js:144197:19)\n    at onFailFn (http://localhost:42901/__cypress/runner/cypress_runner.js:132448:16)\n    at tryCatcher (http://localhost:42901/__cypress/runner/cypress_runner.js:167415:23)\n    at Promise._settlePromiseFromHandler (http://localhost:42901/__cypress/runner/cypress_runner.js:165351:31)\n    at Promise._settlePromise (http://localhost:42901/__cypress/runner/cypress_runner.js:165408:18)\n    at Promise._settlePromise0 (http://localhost:42901/__cypress/runner/cypress_runner.js:165453:10)\n    at Promise._settlePromises (http://localhost:42901/__cypress/runner/cypress_runner.js:165528:18)\n    at Async../node_modules/bluebird/js/release/async.js.Async._drainQueue (http://localhost:42901/__cypress/runner/cypress_runner.js:162140:16)\n    at Async../node_modules/bluebird/js/release/async.js.Async._drainQueues (http://localhost:42901/__cypress/runner/cypress_runner.js:162150:10)\n    at Async.drainQueues (http://localhost:42901/__cypress/runner/cypress_runner.js:162024:14)",
                "diff": null
              },
              "uuid": "8e3949b6-2bc1-4b15-bd6e-fdeade8ac81e",
              "parentUUID": "a614617c-8139-415e-9d77-4c897493d980",
              "isHook": false,
              "skipped": false
            },
            {
              "title": "Verifica se a altura do board é 50 quando um valor maior é colocado no input",
              "fullTitle": "11 - Limite o tamanho mínimo e máximo do board. Verifica se a altura do board é 50 quando um valor maior é colocado no input",
              "timedOut": null,
              "duration": 4836,
              "state": "failed",
              "speed": null,
              "pass": false,
              "fail": true,
              "pending": false,
              "context": null,
              "code": "cy.get('#board-size').clear().type(51);\ncy.get('#generate-board').click();\ncy.get('.pixel').should('have.length', 2500);",
              "err": {
                "message": "CypressError: Timed out retrying: Expected to find element: '#board-size', but never found it.",
                "estack": "CypressError: Timed out retrying: Expected to find element: '#board-size', but never found it.\n    at cypressErr (http://localhost:42901/__cypress/runner/cypress_runner.js:149934:9)\n    at throwErr (http://localhost:42901/__cypress/runner/cypress_runner.js:149867:11)\n    at Object.throwErrByPath (http://localhost:42901/__cypress/runner/cypress_runner.js:149915:3)\n    at retry (http://localhost:42901/__cypress/runner/cypress_runner.js:144197:19)\n    at onFailFn (http://localhost:42901/__cypress/runner/cypress_runner.js:132448:16)\n    at tryCatcher (http://localhost:42901/__cypress/runner/cypress_runner.js:167415:23)\n    at Promise._settlePromiseFromHandler (http://localhost:42901/__cypress/runner/cypress_runner.js:165351:31)\n    at Promise._settlePromise (http://localhost:42901/__cypress/runner/cypress_runner.js:165408:18)\n    at Promise._settlePromise0 (http://localhost:42901/__cypress/runner/cypress_runner.js:165453:10)\n    at Promise._settlePromises (http://localhost:42901/__cypress/runner/cypress_runner.js:165528:18)\n    at Async../node_modules/bluebird/js/release/async.js.Async._drainQueue (http://localhost:42901/__cypress/runner/cypress_runner.js:162140:16)\n    at Async../node_modules/bluebird/js/release/async.js.Async._drainQueues (http://localhost:42901/__cypress/runner/cypress_runner.js:162150:10)\n    at Async.drainQueues (http://localhost:42901/__cypress/runner/cypress_runner.js:162024:14)",
                "diff": null
              },
              "uuid": "78d42877-c71c-4826-a10c-aaafdb5f8b29",
              "parentUUID": "a614617c-8139-415e-9d77-4c897493d980",
              "isHook": false,
              "skipped": false
            }
          ],
          "suites": [],
          "passes": [],
          "failures": [
            "adb0f30a-0dd9-4311-889b-2c808558378a",
            "8e3949b6-2bc1-4b15-bd6e-fdeade8ac81e",
            "78d42877-c71c-4826-a10c-aaafdb5f8b29"
          ],
          "pending": [],
          "skipped": [],
          "duration": 14772,
          "root": false,
          "rootEmpty": false,
          "_timeout": 2000
        },
        {
          "uuid": "18a758f7-d425-4c92-a789-80f72de3176b",
          "title": "12 - Faça com que as cores da paleta sejam geradas aleatoriamente ao carregar a página.",
          "fullFile": "",
          "file": "",
          "beforeHooks": [],
          "afterHooks": [],
          "tests": [
            {
              "title": "Verifica se as cores geradas na paleta são diferentes a cada carregamento da página",
              "fullTitle": "12 - Faça com que as cores da paleta sejam geradas aleatoriamente ao carregar a página. Verifica se as cores geradas na paleta são diferentes a cada carregamento da página",
              "timedOut": null,
              "duration": 1313,
              "state": "passed",
              "speed": "slow",
              "pass": true,
              "fail": false,
              "pending": false,
              "context": null,
              "code": "cy.get('.color').then(function (colors) {\n  var currentColors;\n  var previousColors;\n  previousColors = Array.from(colors).map(function (color) {\n    return Cypress.$(color).css('background-color');\n  });\n  for (var i = 0; i < 5; i += 1) {\n    cy.reload();\n    cy.get('.color').then(function (colors) {\n      currentColors = Array.from(colors).map(function (color) {\n        return Cypress.$(color).css('background-color');\n      });\n      expect(currentColors).not.to.deep.equal(previousColors);\n      previousColors = currentColors;\n    });\n  }\n});",
              "err": {},
              "uuid": "87abcd73-8c36-420d-9038-6b71646ee475",
              "parentUUID": "18a758f7-d425-4c92-a789-80f72de3176b",
              "isHook": false,
              "skipped": false
            },
            {
              "title": "Verifica se a cor preta ainda está presente e é a primeira na sua paleta de cores",
              "fullTitle": "12 - Faça com que as cores da paleta sejam geradas aleatoriamente ao carregar a página. Verifica se a cor preta ainda está presente e é a primeira na sua paleta de cores",
              "timedOut": null,
              "duration": 617,
              "state": "passed",
              "speed": "slow",
              "pass": true,
              "fail": false,
              "pending": false,
              "context": null,
              "code": "cy.get('.color').then(function (colors) {\n  var currentColors;\n  var previousColors;\n  previousColors = Array.from(colors).map(function (color) {\n    return Cypress.$(color).css('background-color');\n  });\n  expect(previousColors[0]).to.eq(BLACK);\n  for (var i = 0; i < 5; i += 1) {\n    cy.reload();\n    cy.get('.color').then(function (colors) {\n      currentColors = Array.from(colors).map(function (color) {\n        return Cypress.$(color).css('background-color');\n      });\n      expect(currentColors[0]).to.eq(BLACK);\n      expect(currentColors).not.to.deep.equal(previousColors);\n      previousColors = currentColors;\n    });\n  }\n});",
              "err": {},
              "uuid": "d247e183-8cc8-4766-a060-07ebe27c1f66",
              "parentUUID": "18a758f7-d425-4c92-a789-80f72de3176b",
              "isHook": false,
              "skipped": false
            }
          ],
          "suites": [],
          "passes": [
            "87abcd73-8c36-420d-9038-6b71646ee475",
            "d247e183-8cc8-4766-a060-07ebe27c1f66"
          ],
          "failures": [],
          "pending": [],
          "skipped": [],
          "duration": 1930,
          "root": false,
          "rootEmpty": false,
          "_timeout": 2000
        }
      ],
      "passes": [],
      "failures": [],
      "pending": [],
      "skipped": [],
      "duration": 0,
      "root": true,
      "rootEmpty": true,
      "_timeout": 2000
    }
  ],
  "meta": {
    "mocha": {
      "version": "7.0.1"
    },
    "mochawesome": {
      "options": {
        "quiet": false,
        "reportFilename": "mochawesome",
        "saveHtml": false,
        "saveJson": true,
        "consoleReporter": "spec",
        "useInlineDiffs": false
      },
      "version": "4.1.0"
    },
    "marge": {
      "options": {
        "id": "default",
        "reportDir": "cypress/reports",
        "overwrite": true,
        "html": false,
        "json": true
      },
      "version": "4.1.0"
    }
  }
}