{
  "stats": {
    "suites": 12,
    "tests": 41,
    "passes": 26,
    "pending": 0,
    "failures": 15,
    "start": "2022-11-03T21:05:33.827Z",
    "end": "2022-11-03T21:07:02.804Z",
    "duration": 88977,
    "testsRegistered": 41,
    "passPercent": 63.41463414634146,
    "pendingPercent": 0,
    "other": 0,
    "hasOther": false,
    "skipped": 0,
    "hasSkipped": false
  },
  "results": [
    {
      "uuid": "e2ed826b-3fa2-4056-9368-a38491112545",
      "title": "",
      "fullFile": "cypress/integration/project.spec.js",
      "file": "cypress/integration/project.spec.js",
      "beforeHooks": [],
      "afterHooks": [],
      "tests": [],
      "suites": [
        {
          "uuid": "e6594c51-b767-4750-bddd-1bd0d0bf89d2",
          "title": "1 - Adicione à página o título \"Paleta de Cores\".",
          "fullFile": "",
          "file": "",
          "beforeHooks": [],
          "afterHooks": [],
          "tests": [
            {
              "title": "Verifica se contém um elemento `h1` com o id `title` com o título correto",
              "fullTitle": "1 - Adicione à página o título \"Paleta de Cores\". Verifica se contém um elemento `h1` com o id `title` com o título correto",
              "timedOut": null,
              "duration": 562,
              "state": "passed",
              "speed": "slow",
              "pass": true,
              "fail": false,
              "pending": false,
              "context": null,
              "code": "cy.get('h1#title').should('contain.text', 'Paleta de Cores');",
              "err": {},
              "uuid": "7e544d73-8a8a-476d-915b-818dcf285cac",
              "parentUUID": "e6594c51-b767-4750-bddd-1bd0d0bf89d2",
              "isHook": false,
              "skipped": false
            }
          ],
          "suites": [],
          "passes": [
            "7e544d73-8a8a-476d-915b-818dcf285cac"
          ],
          "failures": [],
          "pending": [],
          "skipped": [],
          "duration": 562,
          "root": false,
          "rootEmpty": false,
          "_timeout": 2000
        },
        {
          "uuid": "ea8256b7-237f-4955-b700-a11270505b1d",
          "title": "2 - Adicione à página uma paleta de quatro cores distintas.",
          "fullFile": "",
          "file": "",
          "beforeHooks": [],
          "afterHooks": [],
          "tests": [
            {
              "title": "A paleta de cores deve ser um elemento com `id` denominado `color-palette`",
              "fullTitle": "2 - Adicione à página uma paleta de quatro cores distintas. A paleta de cores deve ser um elemento com `id` denominado `color-palette`",
              "timedOut": null,
              "duration": 307,
              "state": "passed",
              "speed": "slow",
              "pass": true,
              "fail": false,
              "pending": false,
              "context": null,
              "code": "cy.get('#color-palette').should('be.visible');",
              "err": {},
              "uuid": "6b216f11-cdeb-43b5-ab00-22c517cd9e1a",
              "parentUUID": "ea8256b7-237f-4955-b700-a11270505b1d",
              "isHook": false,
              "skipped": false
            },
            {
              "title": "Verifica se cada cor individual da paleta de cores possui a `classe` chamada `color`.",
              "fullTitle": "2 - Adicione à página uma paleta de quatro cores distintas. Verifica se cada cor individual da paleta de cores possui a `classe` chamada `color`.",
              "timedOut": null,
              "duration": 308,
              "state": "passed",
              "speed": "slow",
              "pass": true,
              "fail": false,
              "pending": false,
              "context": null,
              "code": "cy.get('.color').should('have.length', 4).then(function (colors) {\n  for (var i = 0; i < colors.length; i++) {\n    cy.wrap(colors[i]).should('be.visible');\n  }\n});",
              "err": {},
              "uuid": "3c950f1c-efb9-4933-a85f-37b696829c9c",
              "parentUUID": "ea8256b7-237f-4955-b700-a11270505b1d",
              "isHook": false,
              "skipped": false
            },
            {
              "title": "Verifica se a cor de fundo de cada elemento da paleta é a cor que o elemento representa. **A única cor não permitida na paleta é a cor branca.**",
              "fullTitle": "2 - Adicione à página uma paleta de quatro cores distintas. Verifica se a cor de fundo de cada elemento da paleta é a cor que o elemento representa. **A única cor não permitida na paleta é a cor branca.**",
              "timedOut": null,
              "duration": 269,
              "state": "passed",
              "speed": "slow",
              "pass": true,
              "fail": false,
              "pending": false,
              "context": null,
              "code": "cy.get('.color').each(function (color) {\n  cy.wrap(color).should('have.class', 'color').and('not.have.css', 'background-color', WHITE);\n  cy.wrap(color).should('have.css', 'background-color');\n});",
              "err": {},
              "uuid": "02382421-ff99-412b-9ed8-8617a43b64a3",
              "parentUUID": "ea8256b7-237f-4955-b700-a11270505b1d",
              "isHook": false,
              "skipped": false
            },
            {
              "title": "Verifica se cada elemento da paleta de cores tem uma borda preta, sólida e com 1 pixel de largura;",
              "fullTitle": "2 - Adicione à página uma paleta de quatro cores distintas. Verifica se cada elemento da paleta de cores tem uma borda preta, sólida e com 1 pixel de largura;",
              "timedOut": null,
              "duration": 219,
              "state": "passed",
              "speed": "slow",
              "pass": true,
              "fail": false,
              "pending": false,
              "context": null,
              "code": "cy.get('.color').each(function (color) {\n  cy.wrap(color).and('have.css', 'border', \"1px solid \".concat(BLACK)).and('have.class', 'color');\n});",
              "err": {},
              "uuid": "e267c88f-9112-4091-a34f-f7c7d77dc040",
              "parentUUID": "ea8256b7-237f-4955-b700-a11270505b1d",
              "isHook": false,
              "skipped": false
            },
            {
              "title": "Verifica se a paleta lista todas as cores disponíveis para utilização, lado a lado.",
              "fullTitle": "2 - Adicione à página uma paleta de quatro cores distintas. Verifica se a paleta lista todas as cores disponíveis para utilização, lado a lado.",
              "timedOut": null,
              "duration": 195,
              "state": "passed",
              "speed": "slow",
              "pass": true,
              "fail": false,
              "pending": false,
              "context": null,
              "code": "cy.get('.color').then(function (colors) {\n  for (var index = 1; index < colors.length; index += 1) {\n    var currentColor = colors[index];\n    var previousColor = colors[index - 1];\n    cy.wrap(currentColor).should('be.onTheRightOf', previousColor).and('be.horizontallyAlignedWith', previousColor);\n  }\n});",
              "err": {},
              "uuid": "326a62a0-84e1-48fe-b20f-71ca5eba90c0",
              "parentUUID": "ea8256b7-237f-4955-b700-a11270505b1d",
              "isHook": false,
              "skipped": false
            },
            {
              "title": "Verifica se a paleta de cores está posicionada abaixo do título 'Paleta de Cores'",
              "fullTitle": "2 - Adicione à página uma paleta de quatro cores distintas. Verifica se a paleta de cores está posicionada abaixo do título 'Paleta de Cores'",
              "timedOut": null,
              "duration": 205,
              "state": "passed",
              "speed": "slow",
              "pass": true,
              "fail": false,
              "pending": false,
              "context": null,
              "code": "cy.get('h1#title').then(function (title) {\n  cy.get('#color-palette').should('be.belowOf', title);\n});",
              "err": {},
              "uuid": "56507c1f-0086-4eb7-ba5f-602b90856061",
              "parentUUID": "ea8256b7-237f-4955-b700-a11270505b1d",
              "isHook": false,
              "skipped": false
            },
            {
              "title": "Verifica se a paleta de cores não contém cores repetidas.",
              "fullTitle": "2 - Adicione à página uma paleta de quatro cores distintas. Verifica se a paleta de cores não contém cores repetidas.",
              "timedOut": null,
              "duration": 223,
              "state": "passed",
              "speed": "slow",
              "pass": true,
              "fail": false,
              "pending": false,
              "context": null,
              "code": "cy.get('.color').then(function (colors) {\n  var allColors = Array.from(colors).map(function (color) {\n    return Cypress.$(color).css('background-color');\n  });\n  cy.log(allColors);\n  var uniqColors = (0, _toConsumableArray2[\"default\"])(new Set(allColors));\n  cy.log(uniqColors);\n  expect(allColors.length).to.eq(uniqColors.length);\n});",
              "err": {},
              "uuid": "0e5cee8d-dfb5-47e9-b76e-79247b6b6f01",
              "parentUUID": "ea8256b7-237f-4955-b700-a11270505b1d",
              "isHook": false,
              "skipped": false
            }
          ],
          "suites": [],
          "passes": [
            "6b216f11-cdeb-43b5-ab00-22c517cd9e1a",
            "3c950f1c-efb9-4933-a85f-37b696829c9c",
            "02382421-ff99-412b-9ed8-8617a43b64a3",
            "e267c88f-9112-4091-a34f-f7c7d77dc040",
            "326a62a0-84e1-48fe-b20f-71ca5eba90c0",
            "56507c1f-0086-4eb7-ba5f-602b90856061",
            "0e5cee8d-dfb5-47e9-b76e-79247b6b6f01"
          ],
          "failures": [],
          "pending": [],
          "skipped": [],
          "duration": 1726,
          "root": false,
          "rootEmpty": false,
          "_timeout": 2000
        },
        {
          "uuid": "9b51a730-63e6-427c-8a5b-d91fe4e10aa0",
          "title": "3 - Adicione a cor **preta** como a primeira cor da paleta de cores.",
          "fullFile": "",
          "file": "",
          "beforeHooks": [],
          "afterHooks": [],
          "tests": [
            {
              "title": "Verifica se a primeira cor da paleta é preta",
              "fullTitle": "3 - Adicione a cor **preta** como a primeira cor da paleta de cores. Verifica se a primeira cor da paleta é preta",
              "timedOut": null,
              "duration": 152,
              "state": "passed",
              "speed": "slow",
              "pass": true,
              "fail": false,
              "pending": false,
              "context": null,
              "code": "cy.get('.color').first().should('have.css', 'background-color', BLACK);",
              "err": {},
              "uuid": "af409d5d-1c00-456f-9c90-d52d18d0d88e",
              "parentUUID": "9b51a730-63e6-427c-8a5b-d91fe4e10aa0",
              "isHook": false,
              "skipped": false
            },
            {
              "title": "Verifica se as demais cores podem ser escolhidas livremente.",
              "fullTitle": "3 - Adicione a cor **preta** como a primeira cor da paleta de cores. Verifica se as demais cores podem ser escolhidas livremente.",
              "timedOut": null,
              "duration": 330,
              "state": "passed",
              "speed": "slow",
              "pass": true,
              "fail": false,
              "pending": false,
              "context": null,
              "code": "cy.get('.color').eq(1).should('not.have.css', 'background-color', BLACK);\ncy.get('.color').eq(1).should('not.have.css', 'background-color', WHITE);\ncy.get('.color').eq(1).should('not.have.css', 'background-color', 'rgba(0, 0, 0, 0)');\ncy.get('.color').eq(1).should('have.css', 'background-color');\ncy.get('.color').eq(2).should('not.have.css', 'background-color', BLACK);\ncy.get('.color').eq(2).should('not.have.css', 'background-color', WHITE);\ncy.get('.color').eq(2).should('not.have.css', 'background-color', 'rgba(0, 0, 0, 0)');\ncy.get('.color').eq(2).should('have.css', 'background-color');\ncy.get('.color').eq(3).should('not.have.css', 'background-color', BLACK);\ncy.get('.color').eq(3).should('not.have.css', 'background-color', WHITE);\ncy.get('.color').eq(3).should('not.have.css', 'background-color', 'rgba(0, 0, 0, 0)');\ncy.get('.color').eq(3).should('have.css', 'background-color');",
              "err": {},
              "uuid": "716eb28f-6758-4fc2-b5e9-72ef53cf9cdd",
              "parentUUID": "9b51a730-63e6-427c-8a5b-d91fe4e10aa0",
              "isHook": false,
              "skipped": false
            }
          ],
          "suites": [],
          "passes": [
            "af409d5d-1c00-456f-9c90-d52d18d0d88e",
            "716eb28f-6758-4fc2-b5e9-72ef53cf9cdd"
          ],
          "failures": [],
          "pending": [],
          "skipped": [],
          "duration": 482,
          "root": false,
          "rootEmpty": false,
          "_timeout": 2000
        },
        {
          "uuid": "f317fdf4-8655-4fb1-8d8d-2fda5185c393",
          "title": "4 - Adicione à página um quadro de pixels, com 25 pixels.",
          "fullFile": "",
          "file": "",
          "beforeHooks": [],
          "afterHooks": [],
          "tests": [
            {
              "title": "Verifica se o quadro de pixels possui o `id` denominado `pixel-board`",
              "fullTitle": "4 - Adicione à página um quadro de pixels, com 25 pixels. Verifica se o quadro de pixels possui o `id` denominado `pixel-board`",
              "timedOut": null,
              "duration": 209,
              "state": "passed",
              "speed": "slow",
              "pass": true,
              "fail": false,
              "pending": false,
              "context": null,
              "code": "cy.get('#pixel-board').should('be.visible');",
              "err": {},
              "uuid": "4cdfcc68-d8e9-4488-a72c-1d1fe7daa1ae",
              "parentUUID": "f317fdf4-8655-4fb1-8d8d-2fda5185c393",
              "isHook": false,
              "skipped": false
            },
            {
              "title": "Verifica se cada pixel individual dentro do quadro possui a `classe` denominada `pixel`.",
              "fullTitle": "4 - Adicione à página um quadro de pixels, com 25 pixels. Verifica se cada pixel individual dentro do quadro possui a `classe` denominada `pixel`.",
              "timedOut": null,
              "duration": 179,
              "state": "passed",
              "speed": "slow",
              "pass": true,
              "fail": false,
              "pending": false,
              "context": null,
              "code": "cy.get('.pixel').should('have.length', 25);",
              "err": {},
              "uuid": "3efec9a9-c5b5-4613-970d-afda89657a38",
              "parentUUID": "f317fdf4-8655-4fb1-8d8d-2fda5185c393",
              "isHook": false,
              "skipped": false
            },
            {
              "title": "Verifica se a cor inicial dos pixels dentro do quadro, ao abrir a página, é branca.",
              "fullTitle": "4 - Adicione à página um quadro de pixels, com 25 pixels. Verifica se a cor inicial dos pixels dentro do quadro, ao abrir a página, é branca.",
              "timedOut": null,
              "duration": 242,
              "state": "passed",
              "speed": "slow",
              "pass": true,
              "fail": false,
              "pending": false,
              "context": null,
              "code": "cy.get('.pixel').should('have.length', 25).each(function (pixel) {\n  expect(pixel).to.have.css('background-color', WHITE);\n});",
              "err": {},
              "uuid": "024bca5a-f802-42d1-aed5-fc549ee1563b",
              "parentUUID": "f317fdf4-8655-4fb1-8d8d-2fda5185c393",
              "isHook": false,
              "skipped": false
            },
            {
              "title": "Verifica se o quadro de pixels aparece abaixo da paleta de cores",
              "fullTitle": "4 - Adicione à página um quadro de pixels, com 25 pixels. Verifica se o quadro de pixels aparece abaixo da paleta de cores",
              "timedOut": null,
              "duration": 227,
              "state": "passed",
              "speed": "slow",
              "pass": true,
              "fail": false,
              "pending": false,
              "context": null,
              "code": "cy.get('#color-palette').then(function (palette) {\n  cy.get('#pixel-board').should('be.belowOf', palette);\n});",
              "err": {},
              "uuid": "028853cc-d3ee-485d-9307-f32e5f35cb56",
              "parentUUID": "f317fdf4-8655-4fb1-8d8d-2fda5185c393",
              "isHook": false,
              "skipped": false
            }
          ],
          "suites": [],
          "passes": [
            "4cdfcc68-d8e9-4488-a72c-1d1fe7daa1ae",
            "3efec9a9-c5b5-4613-970d-afda89657a38",
            "024bca5a-f802-42d1-aed5-fc549ee1563b",
            "028853cc-d3ee-485d-9307-f32e5f35cb56"
          ],
          "failures": [],
          "pending": [],
          "skipped": [],
          "duration": 857,
          "root": false,
          "rootEmpty": false,
          "_timeout": 2000
        },
        {
          "uuid": "eacd0537-358d-4b76-a1fc-cf0686a80ecc",
          "title": "5 - Faça com que cada elemento do quadro de pixels possua 40 pixels de largura, 40 pixels de altura e seja delimitado por uma borda preta de 1 pixel.",
          "fullFile": "",
          "file": "",
          "beforeHooks": [],
          "afterHooks": [],
          "tests": [
            {
              "title": "Verifica se o quadro de pixels tem altura e comprimento de 5 elementos",
              "fullTitle": "5 - Faça com que cada elemento do quadro de pixels possua 40 pixels de largura, 40 pixels de altura e seja delimitado por uma borda preta de 1 pixel. Verifica se o quadro de pixels tem altura e comprimento de 5 elementos",
              "timedOut": null,
              "duration": 365,
              "state": "passed",
              "speed": "slow",
              "pass": true,
              "fail": false,
              "pending": false,
              "context": null,
              "code": "cy.get('.pixel').should('have.length', 25).each(function (pixel) {\n  expect(pixel).to.have.css('background-color', WHITE);\n}).and(function (pixels) {\n  var rows = chunk(pixels, 5);\n  rows.forEach(function (row) {\n    for (var index = 1; index < row.length; index += 1) {\n      var current = pixels[index];\n      var previous = pixels[index - 1];\n      cy.wrap(current).should('be.onTheRightOf', previous).and('be.horizontallyAlignedWith', previous);\n    }\n  });\n  for (var index = 1; index < 5; index += 1) {\n    expect(pixels[index * 5]).to.be.belowOf(pixels[(index - 1) * 5]);\n  }\n});",
              "err": {},
              "uuid": "e2a645ed-1940-4bfc-a353-4bc03d950b5e",
              "parentUUID": "eacd0537-358d-4b76-a1fc-cf0686a80ecc",
              "isHook": false,
              "skipped": false
            },
            {
              "title": "Verifica se 40 pixels é o tamanho total do elemento, incluindo seu conteúdo e excluindo a borda preta, que deve ser criada à parte.",
              "fullTitle": "5 - Faça com que cada elemento do quadro de pixels possua 40 pixels de largura, 40 pixels de altura e seja delimitado por uma borda preta de 1 pixel. Verifica se 40 pixels é o tamanho total do elemento, incluindo seu conteúdo e excluindo a borda preta, que deve ser criada à parte.",
              "timedOut": null,
              "duration": 398,
              "state": "passed",
              "speed": "slow",
              "pass": true,
              "fail": false,
              "pending": false,
              "context": null,
              "code": "cy.get('.pixel').each(function (pixel) {\n  cy.wrap(pixel).should('have.css', 'height', '40px').and('have.css', 'width', '40px').and('have.css', 'border', \"1px solid \".concat(BLACK));\n});",
              "err": {},
              "uuid": "dd7ffd39-31af-4234-89af-6d6f83f71a74",
              "parentUUID": "eacd0537-358d-4b76-a1fc-cf0686a80ecc",
              "isHook": false,
              "skipped": false
            }
          ],
          "suites": [],
          "passes": [
            "e2a645ed-1940-4bfc-a353-4bc03d950b5e",
            "dd7ffd39-31af-4234-89af-6d6f83f71a74"
          ],
          "failures": [],
          "pending": [],
          "skipped": [],
          "duration": 763,
          "root": false,
          "rootEmpty": false,
          "_timeout": 2000
        },
        {
          "uuid": "aa0effb7-fb42-4a73-a4f4-fe162af1fa57",
          "title": "6 - Defina a cor preta como cor inicial. Ao carregar a página a cor preta já deve estar selecionada para pintar os pixels",
          "fullFile": "",
          "file": "",
          "beforeHooks": [],
          "afterHooks": [],
          "tests": [
            {
              "title": "Verifica se o elemento da cor preta possui, inicialmente, a `classe` `selected`",
              "fullTitle": "6 - Defina a cor preta como cor inicial. Ao carregar a página a cor preta já deve estar selecionada para pintar os pixels Verifica se o elemento da cor preta possui, inicialmente, a `classe` `selected`",
              "timedOut": null,
              "duration": 154,
              "state": "passed",
              "speed": "slow",
              "pass": true,
              "fail": false,
              "pending": false,
              "context": null,
              "code": "cy.get('.selected').first().should('have.css', 'background-color', BLACK);",
              "err": {},
              "uuid": "f3a826a4-e177-4793-89c9-7a05c26a3ba3",
              "parentUUID": "aa0effb7-fb42-4a73-a4f4-fe162af1fa57",
              "isHook": false,
              "skipped": false
            },
            {
              "title": "Verifica se nenhuma outra cor da paleta tem a `classe` `selected`",
              "fullTitle": "6 - Defina a cor preta como cor inicial. Ao carregar a página a cor preta já deve estar selecionada para pintar os pixels Verifica se nenhuma outra cor da paleta tem a `classe` `selected`",
              "timedOut": null,
              "duration": 119,
              "state": "passed",
              "speed": "slow",
              "pass": true,
              "fail": false,
              "pending": false,
              "context": null,
              "code": "cy.get('.color:not(:first-child)').each(function (color) {\n  cy.wrap(color).should('not.have.class', 'selected');\n});",
              "err": {},
              "uuid": "72052194-5c9f-460f-9dd3-f98dc599ee89",
              "parentUUID": "aa0effb7-fb42-4a73-a4f4-fe162af1fa57",
              "isHook": false,
              "skipped": false
            }
          ],
          "suites": [],
          "passes": [
            "f3a826a4-e177-4793-89c9-7a05c26a3ba3",
            "72052194-5c9f-460f-9dd3-f98dc599ee89"
          ],
          "failures": [],
          "pending": [],
          "skipped": [],
          "duration": 273,
          "root": false,
          "rootEmpty": false,
          "_timeout": 2000
        },
        {
          "uuid": "eb5959ee-7b44-49a4-a31a-a12c8aa4250c",
          "title": "7 - Clicar em uma das cores da paleta, faz com que ela seja selecionada e utilizada para preencher os pixels no quadro.",
          "fullFile": "",
          "file": "",
          "beforeHooks": [],
          "afterHooks": [],
          "tests": [
            {
              "title": "Verifica se somente uma cor da paleta de cores tem a classe `selected` de cada vez",
              "fullTitle": "7 - Clicar em uma das cores da paleta, faz com que ela seja selecionada e utilizada para preencher os pixels no quadro. Verifica se somente uma cor da paleta de cores tem a classe `selected` de cada vez",
              "timedOut": null,
              "duration": 498,
              "state": "passed",
              "speed": "slow",
              "pass": true,
              "fail": false,
              "pending": false,
              "context": null,
              "code": "cy.get('.color').each(function (selectedColor, selectedColorIndex) {\n  cy.wrap(selectedColor).click();\n  cy.get('.color').each(function (color, colorIndex) {\n    if (colorIndex === selectedColorIndex) {\n      expect(color).to.have[\"class\"]('selected');\n    } else {\n      expect(color).not.to.have[\"class\"]('selected');\n    }\n  });\n});",
              "err": {},
              "uuid": "0d143f49-c914-4bc9-b586-96c5a1d650ed",
              "parentUUID": "eb5959ee-7b44-49a4-a31a-a12c8aa4250c",
              "isHook": false,
              "skipped": false
            },
            {
              "title": "Verifica se os pixels dentro do quadro não têm a classe `selected` quando são clicados",
              "fullTitle": "7 - Clicar em uma das cores da paleta, faz com que ela seja selecionada e utilizada para preencher os pixels no quadro. Verifica se os pixels dentro do quadro não têm a classe `selected` quando são clicados",
              "timedOut": null,
              "duration": 9245,
              "state": "passed",
              "speed": "slow",
              "pass": true,
              "fail": false,
              "pending": false,
              "context": null,
              "code": "cy.get('.color').each(function (color) {\n  var backgroundColor = color.css('background-color');\n  cy.wrap(color).click();\n  cy.get('.pixel').each(function (pixel) {\n    cy.wrap(pixel).click().should('not.have.class', 'selected');\n  });\n});",
              "err": {},
              "uuid": "4f2d97ab-8034-4218-bdbc-d893126e790a",
              "parentUUID": "eb5959ee-7b44-49a4-a31a-a12c8aa4250c",
              "isHook": false,
              "skipped": false
            }
          ],
          "suites": [],
          "passes": [
            "0d143f49-c914-4bc9-b586-96c5a1d650ed",
            "4f2d97ab-8034-4218-bdbc-d893126e790a"
          ],
          "failures": [],
          "pending": [],
          "skipped": [],
          "duration": 9743,
          "root": false,
          "rootEmpty": false,
          "_timeout": 2000
        },
        {
          "uuid": "f8f36e3f-980d-4c73-86b5-d94ffc87e002",
          "title": "8 - Clicar em um pixel dentro do quadro após selecionar uma cor na paleta, faz com que o pixel seja preenchido com a cor selecionada.",
          "fullFile": "",
          "file": "",
          "beforeHooks": [],
          "afterHooks": [],
          "tests": [
            {
              "title": "Verifica se ao carregar a página deve ser possível pintar os pixels de preto",
              "fullTitle": "8 - Clicar em um pixel dentro do quadro após selecionar uma cor na paleta, faz com que o pixel seja preenchido com a cor selecionada. Verifica se ao carregar a página deve ser possível pintar os pixels de preto",
              "timedOut": null,
              "duration": 2369,
              "state": "passed",
              "speed": "slow",
              "pass": true,
              "fail": false,
              "pending": false,
              "context": null,
              "code": "cy.get('.pixel').each(function (pixel) {\n  cy.wrap(pixel).click().should('have.css', 'background-color', BLACK);\n});",
              "err": {},
              "uuid": "9e4b41d6-256e-4311-ab07-e88b5cf812e0",
              "parentUUID": "f8f36e3f-980d-4c73-86b5-d94ffc87e002",
              "isHook": false,
              "skipped": false
            },
            {
              "title": "Verifica se após selecionar uma outra cor na paleta, é possível pintar os pixels com essa cor",
              "fullTitle": "8 - Clicar em um pixel dentro do quadro após selecionar uma cor na paleta, faz com que o pixel seja preenchido com a cor selecionada. Verifica se após selecionar uma outra cor na paleta, é possível pintar os pixels com essa cor",
              "timedOut": null,
              "duration": 8784,
              "state": "passed",
              "speed": "slow",
              "pass": true,
              "fail": false,
              "pending": false,
              "context": null,
              "code": "cy.get('.color').each(function (color) {\n  var backgroundColor = color.css('background-color');\n  cy.wrap(color).click();\n  cy.get('.pixel').each(function (pixel) {\n    cy.wrap(pixel).click().should('have.css', 'background-color', backgroundColor);\n  });\n});",
              "err": {},
              "uuid": "7272a4ef-9f2c-41bf-b51d-6dad50baad72",
              "parentUUID": "f8f36e3f-980d-4c73-86b5-d94ffc87e002",
              "isHook": false,
              "skipped": false
            },
            {
              "title": "Verifica se somente o pixel que foi clicado foi preenchido com a cor selecionada, sem influenciar na cor dos demais pixels.",
              "fullTitle": "8 - Clicar em um pixel dentro do quadro após selecionar uma cor na paleta, faz com que o pixel seja preenchido com a cor selecionada. Verifica se somente o pixel que foi clicado foi preenchido com a cor selecionada, sem influenciar na cor dos demais pixels.",
              "timedOut": null,
              "duration": 1320,
              "state": "passed",
              "speed": "slow",
              "pass": true,
              "fail": false,
              "pending": false,
              "context": null,
              "code": "var colorToPixelIndexMap = {\n  0: 6,\n  1: 8,\n  2: 16,\n  3: 18\n};\ncy.get('.color').each(function (color, index) {\n  cy.wrap(color).click();\n  var backgroundColor = color.css('background-color');\n  var clickedPixelIndex = colorToPixelIndexMap[index];\n  cy.get('.pixel').eq(clickedPixelIndex).click();\n  cy.get('.pixel').eq(clickedPixelIndex - 1).should('not.have.css', 'background-color', backgroundColor);\n  cy.get('.pixel').eq(clickedPixelIndex + 1).should('not.have.css', 'background-color', backgroundColor);\n  cy.get('.pixel').eq(clickedPixelIndex - 5).should('not.have.css', 'background-color', backgroundColor);\n  cy.get('.pixel').eq(clickedPixelIndex + 5).should('not.have.css', 'background-color', backgroundColor);\n  cy.get('.pixel').eq(clickedPixelIndex - 6).should('not.have.css', 'background-color', backgroundColor);\n  cy.get('.pixel').eq(clickedPixelIndex - 4).should('not.have.css', 'background-color', backgroundColor);\n  cy.get('.pixel').eq(clickedPixelIndex + 4).should('not.have.css', 'background-color', backgroundColor);\n  cy.get('.pixel').eq(clickedPixelIndex + 6).should('not.have.css', 'background-color', backgroundColor);\n});",
              "err": {},
              "uuid": "beedae52-bd5b-4bdb-a670-627116d6d741",
              "parentUUID": "f8f36e3f-980d-4c73-86b5-d94ffc87e002",
              "isHook": false,
              "skipped": false
            }
          ],
          "suites": [],
          "passes": [
            "9e4b41d6-256e-4311-ab07-e88b5cf812e0",
            "7272a4ef-9f2c-41bf-b51d-6dad50baad72",
            "beedae52-bd5b-4bdb-a670-627116d6d741"
          ],
          "failures": [],
          "pending": [],
          "skipped": [],
          "duration": 12473,
          "root": false,
          "rootEmpty": false,
          "_timeout": 2000
        },
        {
          "uuid": "8c85ad4c-9f48-44dd-af98-d41deebfb206",
          "title": "9 - Crie um botão que, ao ser clicado, limpa o quadro preenchendo a cor de todos seus pixels com branco.",
          "fullFile": "",
          "file": "",
          "beforeHooks": [],
          "afterHooks": [],
          "tests": [
            {
              "title": "Verifica se o botão tem o `id` denominado `clear-board`",
              "fullTitle": "9 - Crie um botão que, ao ser clicado, limpa o quadro preenchendo a cor de todos seus pixels com branco. Verifica se o botão tem o `id` denominado `clear-board`",
              "timedOut": null,
              "duration": 237,
              "state": "passed",
              "speed": "slow",
              "pass": true,
              "fail": false,
              "pending": false,
              "context": null,
              "code": "cy.get('#clear-board').should('be.visible');",
              "err": {},
              "uuid": "84babb4e-87ec-471b-8d12-5b7583a6bbf7",
              "parentUUID": "8c85ad4c-9f48-44dd-af98-d41deebfb206",
              "isHook": false,
              "skipped": false
            },
            {
              "title": "Verifica se o botão está posicionado entre a paleta de cores e o quadro de pixels",
              "fullTitle": "9 - Crie um botão que, ao ser clicado, limpa o quadro preenchendo a cor de todos seus pixels com branco. Verifica se o botão está posicionado entre a paleta de cores e o quadro de pixels",
              "timedOut": null,
              "duration": 150,
              "state": "passed",
              "speed": "slow",
              "pass": true,
              "fail": false,
              "pending": false,
              "context": null,
              "code": "cy.get('#color-palette').then(function (palette) {\n  cy.get('#clear-board').should('be.belowOf', palette);\n});\ncy.get('#clear-board').then(function (clearBtn) {\n  cy.get('#pixel-board').should('be.belowOf', clearBtn);\n});",
              "err": {},
              "uuid": "7f757e60-009c-49fe-91be-8c516652b503",
              "parentUUID": "8c85ad4c-9f48-44dd-af98-d41deebfb206",
              "isHook": false,
              "skipped": false
            },
            {
              "title": "Verifica se o texto do botão é 'Limpar'",
              "fullTitle": "9 - Crie um botão que, ao ser clicado, limpa o quadro preenchendo a cor de todos seus pixels com branco. Verifica se o texto do botão é 'Limpar'",
              "timedOut": null,
              "duration": 4301,
              "state": "failed",
              "speed": null,
              "pass": false,
              "fail": true,
              "pending": false,
              "context": null,
              "code": "cy.get('#clear-board').should('contain.text', 'Limpar');",
              "err": {
                "message": "CypressError: Timed out retrying: expected '<input#clear-board>' to contain text 'Limpar', but the text was ''",
                "estack": "CypressError: Timed out retrying: expected '<input#clear-board>' to contain text 'Limpar', but the text was ''\n    at cypressErr (http://localhost:34385/__cypress/runner/cypress_runner.js:149934:9)\n    at throwErr (http://localhost:34385/__cypress/runner/cypress_runner.js:149867:11)\n    at Object.throwErrByPath (http://localhost:34385/__cypress/runner/cypress_runner.js:149915:3)\n    at retry (http://localhost:34385/__cypress/runner/cypress_runner.js:144197:19)\n    at onFailFn (http://localhost:34385/__cypress/runner/cypress_runner.js:132448:16)\n    at tryCatcher (http://localhost:34385/__cypress/runner/cypress_runner.js:167415:23)\n    at Promise._settlePromiseFromHandler (http://localhost:34385/__cypress/runner/cypress_runner.js:165351:31)\n    at Promise._settlePromise (http://localhost:34385/__cypress/runner/cypress_runner.js:165408:18)\n    at Promise._settlePromise0 (http://localhost:34385/__cypress/runner/cypress_runner.js:165453:10)\n    at Promise._settlePromises (http://localhost:34385/__cypress/runner/cypress_runner.js:165528:18)\n    at Async../node_modules/bluebird/js/release/async.js.Async._drainQueue (http://localhost:34385/__cypress/runner/cypress_runner.js:162140:16)\n    at Async../node_modules/bluebird/js/release/async.js.Async._drainQueues (http://localhost:34385/__cypress/runner/cypress_runner.js:162150:10)\n    at Async.drainQueues (http://localhost:34385/__cypress/runner/cypress_runner.js:162024:14)",
                "diff": null
              },
              "uuid": "13e9bbf0-6155-465f-ac75-1001d6652bb9",
              "parentUUID": "8c85ad4c-9f48-44dd-af98-d41deebfb206",
              "isHook": false,
              "skipped": false
            },
            {
              "title": "Verifica se ao clicar no botão, o quadro de pixels é totalmente preenchido de branco",
              "fullTitle": "9 - Crie um botão que, ao ser clicado, limpa o quadro preenchendo a cor de todos seus pixels com branco. Verifica se ao clicar no botão, o quadro de pixels é totalmente preenchido de branco",
              "timedOut": null,
              "duration": 2669,
              "state": "passed",
              "speed": "slow",
              "pass": true,
              "fail": false,
              "pending": false,
              "context": null,
              "code": "cy.get('.color').eq(1).then(function (color) {\n  var backgroundColor = color.css('background-color');\n  cy.wrap(color).click();\n  cy.get('.pixel').each(function (pixel) {\n    cy.wrap(pixel).click().should('have.css', 'background-color', backgroundColor);\n  });\n});\ncy.get('#clear-board').click();\ncy.get('.pixel').each(function (pixel) {\n  cy.wrap(pixel).should('have.css', 'background-color', WHITE);\n});",
              "err": {},
              "uuid": "a705958e-23c6-4acf-8ef2-bb56f33dfd9d",
              "parentUUID": "8c85ad4c-9f48-44dd-af98-d41deebfb206",
              "isHook": false,
              "skipped": false
            }
          ],
          "suites": [],
          "passes": [
            "84babb4e-87ec-471b-8d12-5b7583a6bbf7",
            "7f757e60-009c-49fe-91be-8c516652b503",
            "a705958e-23c6-4acf-8ef2-bb56f33dfd9d"
          ],
          "failures": [
            "13e9bbf0-6155-465f-ac75-1001d6652bb9"
          ],
          "pending": [],
          "skipped": [],
          "duration": 7357,
          "root": false,
          "rootEmpty": false,
          "_timeout": 2000
        },
        {
          "uuid": "0d252dcd-7b28-4437-a632-847ef8caa2ad",
          "title": "10 - Faça o quadro de pixels ter seu tamanho definido pelo usuário.",
          "fullFile": "",
          "file": "",
          "beforeHooks": [],
          "afterHooks": [],
          "tests": [
            {
              "title": "Verifica se existe um input com o id `board-size`",
              "fullTitle": "10 - Faça o quadro de pixels ter seu tamanho definido pelo usuário. Verifica se existe um input com o id `board-size`",
              "timedOut": null,
              "duration": 4409,
              "state": "failed",
              "speed": null,
              "pass": false,
              "fail": true,
              "pending": false,
              "context": null,
              "code": "cy.get('#board-size').should('be.visible');",
              "err": {
                "message": "CypressError: Timed out retrying: Expected to find element: '#board-size', but never found it.",
                "estack": "CypressError: Timed out retrying: Expected to find element: '#board-size', but never found it.\n    at cypressErr (http://localhost:34385/__cypress/runner/cypress_runner.js:149934:9)\n    at throwErr (http://localhost:34385/__cypress/runner/cypress_runner.js:149867:11)\n    at Object.throwErrByPath (http://localhost:34385/__cypress/runner/cypress_runner.js:149915:3)\n    at retry (http://localhost:34385/__cypress/runner/cypress_runner.js:144197:19)\n    at onFailFn (http://localhost:34385/__cypress/runner/cypress_runner.js:132448:16)\n    at tryCatcher (http://localhost:34385/__cypress/runner/cypress_runner.js:167415:23)\n    at Promise._settlePromiseFromHandler (http://localhost:34385/__cypress/runner/cypress_runner.js:165351:31)\n    at Promise._settlePromise (http://localhost:34385/__cypress/runner/cypress_runner.js:165408:18)\n    at Promise._settlePromise0 (http://localhost:34385/__cypress/runner/cypress_runner.js:165453:10)\n    at Promise._settlePromises (http://localhost:34385/__cypress/runner/cypress_runner.js:165528:18)\n    at Async../node_modules/bluebird/js/release/async.js.Async._drainQueue (http://localhost:34385/__cypress/runner/cypress_runner.js:162140:16)\n    at Async../node_modules/bluebird/js/release/async.js.Async._drainQueues (http://localhost:34385/__cypress/runner/cypress_runner.js:162150:10)\n    at Async.drainQueues (http://localhost:34385/__cypress/runner/cypress_runner.js:162024:14)",
                "diff": null
              },
              "uuid": "20936254-04d9-4bff-88ed-515062cde83c",
              "parentUUID": "0d252dcd-7b28-4437-a632-847ef8caa2ad",
              "isHook": false,
              "skipped": false
            },
            {
              "title": "Verifica se existe um botão com o id `generate-board`",
              "fullTitle": "10 - Faça o quadro de pixels ter seu tamanho definido pelo usuário. Verifica se existe um botão com o id `generate-board`",
              "timedOut": null,
              "duration": 4325,
              "state": "failed",
              "speed": null,
              "pass": false,
              "fail": true,
              "pending": false,
              "context": null,
              "code": "cy.get('#generate-board').should('be.visible');",
              "err": {
                "message": "CypressError: Timed out retrying: Expected to find element: '#generate-board', but never found it.",
                "estack": "CypressError: Timed out retrying: Expected to find element: '#generate-board', but never found it.\n    at cypressErr (http://localhost:34385/__cypress/runner/cypress_runner.js:149934:9)\n    at throwErr (http://localhost:34385/__cypress/runner/cypress_runner.js:149867:11)\n    at Object.throwErrByPath (http://localhost:34385/__cypress/runner/cypress_runner.js:149915:3)\n    at retry (http://localhost:34385/__cypress/runner/cypress_runner.js:144197:19)\n    at onFailFn (http://localhost:34385/__cypress/runner/cypress_runner.js:132448:16)\n    at tryCatcher (http://localhost:34385/__cypress/runner/cypress_runner.js:167415:23)\n    at Promise._settlePromiseFromHandler (http://localhost:34385/__cypress/runner/cypress_runner.js:165351:31)\n    at Promise._settlePromise (http://localhost:34385/__cypress/runner/cypress_runner.js:165408:18)\n    at Promise._settlePromise0 (http://localhost:34385/__cypress/runner/cypress_runner.js:165453:10)\n    at Promise._settlePromises (http://localhost:34385/__cypress/runner/cypress_runner.js:165528:18)\n    at Async../node_modules/bluebird/js/release/async.js.Async._drainQueue (http://localhost:34385/__cypress/runner/cypress_runner.js:162140:16)\n    at Async../node_modules/bluebird/js/release/async.js.Async._drainQueues (http://localhost:34385/__cypress/runner/cypress_runner.js:162150:10)\n    at Async.drainQueues (http://localhost:34385/__cypress/runner/cypress_runner.js:162024:14)",
                "diff": null
              },
              "uuid": "d05de6be-c42c-42d2-820a-4995df23b5fb",
              "parentUUID": "0d252dcd-7b28-4437-a632-847ef8caa2ad",
              "isHook": false,
              "skipped": false
            },
            {
              "title": "Verifica se o input só aceita número maiores que zero. Essa restrição deve ser feita usando os atributos do elemento `input`",
              "fullTitle": "10 - Faça o quadro de pixels ter seu tamanho definido pelo usuário. Verifica se o input só aceita número maiores que zero. Essa restrição deve ser feita usando os atributos do elemento `input`",
              "timedOut": null,
              "duration": 4309,
              "state": "failed",
              "speed": null,
              "pass": false,
              "fail": true,
              "pending": false,
              "context": null,
              "code": "cy.get('#board-size[type=\\'number\\'][min=\\'1\\']');",
              "err": {
                "message": "CypressError: Timed out retrying: Expected to find element: '#board-size[type='number'][min='1']', but never found it.",
                "estack": "CypressError: Timed out retrying: Expected to find element: '#board-size[type='number'][min='1']', but never found it.\n    at cypressErr (http://localhost:34385/__cypress/runner/cypress_runner.js:149934:9)\n    at throwErr (http://localhost:34385/__cypress/runner/cypress_runner.js:149867:11)\n    at Object.throwErrByPath (http://localhost:34385/__cypress/runner/cypress_runner.js:149915:3)\n    at retry (http://localhost:34385/__cypress/runner/cypress_runner.js:144197:19)\n    at onFailFn (http://localhost:34385/__cypress/runner/cypress_runner.js:132448:16)\n    at tryCatcher (http://localhost:34385/__cypress/runner/cypress_runner.js:167415:23)\n    at Promise._settlePromiseFromHandler (http://localhost:34385/__cypress/runner/cypress_runner.js:165351:31)\n    at Promise._settlePromise (http://localhost:34385/__cypress/runner/cypress_runner.js:165408:18)\n    at Promise._settlePromise0 (http://localhost:34385/__cypress/runner/cypress_runner.js:165453:10)\n    at Promise._settlePromises (http://localhost:34385/__cypress/runner/cypress_runner.js:165528:18)\n    at Async../node_modules/bluebird/js/release/async.js.Async._drainQueue (http://localhost:34385/__cypress/runner/cypress_runner.js:162140:16)\n    at Async../node_modules/bluebird/js/release/async.js.Async._drainQueues (http://localhost:34385/__cypress/runner/cypress_runner.js:162150:10)\n    at Async.drainQueues (http://localhost:34385/__cypress/runner/cypress_runner.js:162024:14)",
                "diff": null
              },
              "uuid": "4aca39d9-e85f-49ed-9fb2-e7888c4e4609",
              "parentUUID": "0d252dcd-7b28-4437-a632-847ef8caa2ad",
              "isHook": false,
              "skipped": false
            },
            {
              "title": "Verifica se o botão contém o texto 'VQV'",
              "fullTitle": "10 - Faça o quadro de pixels ter seu tamanho definido pelo usuário. Verifica se o botão contém o texto 'VQV'",
              "timedOut": null,
              "duration": 4404,
              "state": "failed",
              "speed": null,
              "pass": false,
              "fail": true,
              "pending": false,
              "context": null,
              "code": "cy.get('#generate-board').contains(/vqv/i);",
              "err": {
                "message": "CypressError: Timed out retrying: Expected to find element: '#generate-board', but never found it.",
                "estack": "CypressError: Timed out retrying: Expected to find element: '#generate-board', but never found it.\n    at cypressErr (http://localhost:34385/__cypress/runner/cypress_runner.js:149934:9)\n    at throwErr (http://localhost:34385/__cypress/runner/cypress_runner.js:149867:11)\n    at Object.throwErrByPath (http://localhost:34385/__cypress/runner/cypress_runner.js:149915:3)\n    at retry (http://localhost:34385/__cypress/runner/cypress_runner.js:144197:19)\n    at onFailFn (http://localhost:34385/__cypress/runner/cypress_runner.js:132448:16)\n    at tryCatcher (http://localhost:34385/__cypress/runner/cypress_runner.js:167415:23)\n    at Promise._settlePromiseFromHandler (http://localhost:34385/__cypress/runner/cypress_runner.js:165351:31)\n    at Promise._settlePromise (http://localhost:34385/__cypress/runner/cypress_runner.js:165408:18)\n    at Promise._settlePromise0 (http://localhost:34385/__cypress/runner/cypress_runner.js:165453:10)\n    at Promise._settlePromises (http://localhost:34385/__cypress/runner/cypress_runner.js:165528:18)\n    at Async../node_modules/bluebird/js/release/async.js.Async._drainQueue (http://localhost:34385/__cypress/runner/cypress_runner.js:162140:16)\n    at Async../node_modules/bluebird/js/release/async.js.Async._drainQueues (http://localhost:34385/__cypress/runner/cypress_runner.js:162150:10)\n    at Async.drainQueues (http://localhost:34385/__cypress/runner/cypress_runner.js:162024:14)",
                "diff": null
              },
              "uuid": "77f9b64f-237d-40b0-8cb5-f8c848a75c5e",
              "parentUUID": "0d252dcd-7b28-4437-a632-847ef8caa2ad",
              "isHook": false,
              "skipped": false
            },
            {
              "title": "Verifica se o input está posicionado entre a paleta de cores e o quadro de pixels",
              "fullTitle": "10 - Faça o quadro de pixels ter seu tamanho definido pelo usuário. Verifica se o input está posicionado entre a paleta de cores e o quadro de pixels",
              "timedOut": null,
              "duration": 4455,
              "state": "failed",
              "speed": null,
              "pass": false,
              "fail": true,
              "pending": false,
              "context": null,
              "code": "cy.get('#color-palette').then(function (palette) {\n  cy.get('#board-size').should('be.belowOf', palette);\n});\ncy.get('#board-size').then(function (palette) {\n  cy.get('#pixel-board').should('be.belowOf', palette);\n});",
              "err": {
                "message": "CypressError: Timed out retrying: Expected to find element: '#board-size', but never found it.",
                "estack": "CypressError: Timed out retrying: Expected to find element: '#board-size', but never found it.\n    at cypressErr (http://localhost:34385/__cypress/runner/cypress_runner.js:149934:9)\n    at throwErr (http://localhost:34385/__cypress/runner/cypress_runner.js:149867:11)\n    at Object.throwErrByPath (http://localhost:34385/__cypress/runner/cypress_runner.js:149915:3)\n    at retry (http://localhost:34385/__cypress/runner/cypress_runner.js:144197:19)\n    at onFailFn (http://localhost:34385/__cypress/runner/cypress_runner.js:132448:16)\n    at tryCatcher (http://localhost:34385/__cypress/runner/cypress_runner.js:167415:23)\n    at Promise._settlePromiseFromHandler (http://localhost:34385/__cypress/runner/cypress_runner.js:165351:31)\n    at Promise._settlePromise (http://localhost:34385/__cypress/runner/cypress_runner.js:165408:18)\n    at Promise._settlePromise0 (http://localhost:34385/__cypress/runner/cypress_runner.js:165453:10)\n    at Promise._settlePromises (http://localhost:34385/__cypress/runner/cypress_runner.js:165528:18)\n    at Async../node_modules/bluebird/js/release/async.js.Async._drainQueue (http://localhost:34385/__cypress/runner/cypress_runner.js:162140:16)\n    at Async../node_modules/bluebird/js/release/async.js.Async._drainQueues (http://localhost:34385/__cypress/runner/cypress_runner.js:162150:10)\n    at Async.drainQueues (http://localhost:34385/__cypress/runner/cypress_runner.js:162024:14)",
                "diff": null
              },
              "uuid": "221f5e2a-b457-40c9-9bed-f87e8213dad2",
              "parentUUID": "0d252dcd-7b28-4437-a632-847ef8caa2ad",
              "isHook": false,
              "skipped": false
            },
            {
              "title": "Verifica se o botão está posicionado ao lado do input",
              "fullTitle": "10 - Faça o quadro de pixels ter seu tamanho definido pelo usuário. Verifica se o botão está posicionado ao lado do input",
              "timedOut": null,
              "duration": 4379,
              "state": "failed",
              "speed": null,
              "pass": false,
              "fail": true,
              "pending": false,
              "context": null,
              "code": "cy.get('#board-size').then(function (board) {\n  cy.get('#generate-board').should('be.onTheRightOf', board);\n});",
              "err": {
                "message": "CypressError: Timed out retrying: Expected to find element: '#board-size', but never found it.",
                "estack": "CypressError: Timed out retrying: Expected to find element: '#board-size', but never found it.\n    at cypressErr (http://localhost:34385/__cypress/runner/cypress_runner.js:149934:9)\n    at throwErr (http://localhost:34385/__cypress/runner/cypress_runner.js:149867:11)\n    at Object.throwErrByPath (http://localhost:34385/__cypress/runner/cypress_runner.js:149915:3)\n    at retry (http://localhost:34385/__cypress/runner/cypress_runner.js:144197:19)\n    at onFailFn (http://localhost:34385/__cypress/runner/cypress_runner.js:132448:16)\n    at tryCatcher (http://localhost:34385/__cypress/runner/cypress_runner.js:167415:23)\n    at Promise._settlePromiseFromHandler (http://localhost:34385/__cypress/runner/cypress_runner.js:165351:31)\n    at Promise._settlePromise (http://localhost:34385/__cypress/runner/cypress_runner.js:165408:18)\n    at Promise._settlePromise0 (http://localhost:34385/__cypress/runner/cypress_runner.js:165453:10)\n    at Promise._settlePromises (http://localhost:34385/__cypress/runner/cypress_runner.js:165528:18)\n    at Async../node_modules/bluebird/js/release/async.js.Async._drainQueue (http://localhost:34385/__cypress/runner/cypress_runner.js:162140:16)\n    at Async../node_modules/bluebird/js/release/async.js.Async._drainQueues (http://localhost:34385/__cypress/runner/cypress_runner.js:162150:10)\n    at Async.drainQueues (http://localhost:34385/__cypress/runner/cypress_runner.js:162024:14)",
                "diff": null
              },
              "uuid": "34499105-a8d4-428f-b9b4-5bf0292f1415",
              "parentUUID": "0d252dcd-7b28-4437-a632-847ef8caa2ad",
              "isHook": false,
              "skipped": false
            },
            {
              "title": "Verifica se nenhum valor for colocado no input ao clicar no botão, um `alert` é exibido com o texto: 'Board inválido!'",
              "fullTitle": "10 - Faça o quadro de pixels ter seu tamanho definido pelo usuário. Verifica se nenhum valor for colocado no input ao clicar no botão, um `alert` é exibido com o texto: 'Board inválido!'",
              "timedOut": null,
              "duration": 4463,
              "state": "failed",
              "speed": null,
              "pass": false,
              "fail": true,
              "pending": false,
              "context": null,
              "code": "var alerted = false;\ncy.on('window:alert', function (msg) {\n  return alerted = msg;\n});\ncy.get('#generate-board').click().then(function () {\n  return expect(alerted).to.match(/Board inválido!/i);\n});",
              "err": {
                "message": "CypressError: Timed out retrying: Expected to find element: '#generate-board', but never found it.",
                "estack": "CypressError: Timed out retrying: Expected to find element: '#generate-board', but never found it.\n    at cypressErr (http://localhost:34385/__cypress/runner/cypress_runner.js:149934:9)\n    at throwErr (http://localhost:34385/__cypress/runner/cypress_runner.js:149867:11)\n    at Object.throwErrByPath (http://localhost:34385/__cypress/runner/cypress_runner.js:149915:3)\n    at retry (http://localhost:34385/__cypress/runner/cypress_runner.js:144197:19)\n    at onFailFn (http://localhost:34385/__cypress/runner/cypress_runner.js:132448:16)\n    at tryCatcher (http://localhost:34385/__cypress/runner/cypress_runner.js:167415:23)\n    at Promise._settlePromiseFromHandler (http://localhost:34385/__cypress/runner/cypress_runner.js:165351:31)\n    at Promise._settlePromise (http://localhost:34385/__cypress/runner/cypress_runner.js:165408:18)\n    at Promise._settlePromise0 (http://localhost:34385/__cypress/runner/cypress_runner.js:165453:10)\n    at Promise._settlePromises (http://localhost:34385/__cypress/runner/cypress_runner.js:165528:18)\n    at Async../node_modules/bluebird/js/release/async.js.Async._drainQueue (http://localhost:34385/__cypress/runner/cypress_runner.js:162140:16)\n    at Async../node_modules/bluebird/js/release/async.js.Async._drainQueues (http://localhost:34385/__cypress/runner/cypress_runner.js:162150:10)\n    at Async.drainQueues (http://localhost:34385/__cypress/runner/cypress_runner.js:162024:14)",
                "diff": null
              },
              "uuid": "f55bc84d-3d53-4d66-b135-9c774d9c229f",
              "parentUUID": "0d252dcd-7b28-4437-a632-847ef8caa2ad",
              "isHook": false,
              "skipped": false
            },
            {
              "title": "Verifica se ao clicar no botão com um valor preenchido, o tamanho do board muda.",
              "fullTitle": "10 - Faça o quadro de pixels ter seu tamanho definido pelo usuário. Verifica se ao clicar no botão com um valor preenchido, o tamanho do board muda.",
              "timedOut": null,
              "duration": 4390,
              "state": "failed",
              "speed": null,
              "pass": false,
              "fail": true,
              "pending": false,
              "context": null,
              "code": "cy.get('#board-size').clear().type(10);\ncy.get('#generate-board').click();\ncy.get('.pixel').should('have.length', 100);",
              "err": {
                "message": "CypressError: Timed out retrying: Expected to find element: '#board-size', but never found it.",
                "estack": "CypressError: Timed out retrying: Expected to find element: '#board-size', but never found it.\n    at cypressErr (http://localhost:34385/__cypress/runner/cypress_runner.js:149934:9)\n    at throwErr (http://localhost:34385/__cypress/runner/cypress_runner.js:149867:11)\n    at Object.throwErrByPath (http://localhost:34385/__cypress/runner/cypress_runner.js:149915:3)\n    at retry (http://localhost:34385/__cypress/runner/cypress_runner.js:144197:19)\n    at onFailFn (http://localhost:34385/__cypress/runner/cypress_runner.js:132448:16)\n    at tryCatcher (http://localhost:34385/__cypress/runner/cypress_runner.js:167415:23)\n    at Promise._settlePromiseFromHandler (http://localhost:34385/__cypress/runner/cypress_runner.js:165351:31)\n    at Promise._settlePromise (http://localhost:34385/__cypress/runner/cypress_runner.js:165408:18)\n    at Promise._settlePromise0 (http://localhost:34385/__cypress/runner/cypress_runner.js:165453:10)\n    at Promise._settlePromises (http://localhost:34385/__cypress/runner/cypress_runner.js:165528:18)\n    at Async../node_modules/bluebird/js/release/async.js.Async._drainQueue (http://localhost:34385/__cypress/runner/cypress_runner.js:162140:16)\n    at Async../node_modules/bluebird/js/release/async.js.Async._drainQueues (http://localhost:34385/__cypress/runner/cypress_runner.js:162150:10)\n    at Async.drainQueues (http://localhost:34385/__cypress/runner/cypress_runner.js:162024:14)",
                "diff": null
              },
              "uuid": "d08f6203-733d-4cc5-8995-d48d2dd32278",
              "parentUUID": "0d252dcd-7b28-4437-a632-847ef8caa2ad",
              "isHook": false,
              "skipped": false
            },
            {
              "title": "Verifica se o novo quadro tem todos os pixels preenchidos com a cor branca",
              "fullTitle": "10 - Faça o quadro de pixels ter seu tamanho definido pelo usuário. Verifica se o novo quadro tem todos os pixels preenchidos com a cor branca",
              "timedOut": null,
              "duration": 4365,
              "state": "failed",
              "speed": null,
              "pass": false,
              "fail": true,
              "pending": false,
              "context": null,
              "code": "cy.get('#board-size').clear().type(6);\ncy.get('#generate-board').click();\ncy.get('.pixel').should('have.length', 36).each(function (pixel) {\n  expect(pixel).to.have.css('background-color', WHITE);\n});",
              "err": {
                "message": "CypressError: Timed out retrying: Expected to find element: '#board-size', but never found it.",
                "estack": "CypressError: Timed out retrying: Expected to find element: '#board-size', but never found it.\n    at cypressErr (http://localhost:34385/__cypress/runner/cypress_runner.js:149934:9)\n    at throwErr (http://localhost:34385/__cypress/runner/cypress_runner.js:149867:11)\n    at Object.throwErrByPath (http://localhost:34385/__cypress/runner/cypress_runner.js:149915:3)\n    at retry (http://localhost:34385/__cypress/runner/cypress_runner.js:144197:19)\n    at onFailFn (http://localhost:34385/__cypress/runner/cypress_runner.js:132448:16)\n    at tryCatcher (http://localhost:34385/__cypress/runner/cypress_runner.js:167415:23)\n    at Promise._settlePromiseFromHandler (http://localhost:34385/__cypress/runner/cypress_runner.js:165351:31)\n    at Promise._settlePromise (http://localhost:34385/__cypress/runner/cypress_runner.js:165408:18)\n    at Promise._settlePromise0 (http://localhost:34385/__cypress/runner/cypress_runner.js:165453:10)\n    at Promise._settlePromises (http://localhost:34385/__cypress/runner/cypress_runner.js:165528:18)\n    at Async../node_modules/bluebird/js/release/async.js.Async._drainQueue (http://localhost:34385/__cypress/runner/cypress_runner.js:162140:16)\n    at Async../node_modules/bluebird/js/release/async.js.Async._drainQueues (http://localhost:34385/__cypress/runner/cypress_runner.js:162150:10)\n    at Async.drainQueues (http://localhost:34385/__cypress/runner/cypress_runner.js:162024:14)",
                "diff": null
              },
              "uuid": "0c0f659b-29a8-4333-8788-9f75bd6dfe17",
              "parentUUID": "0d252dcd-7b28-4437-a632-847ef8caa2ad",
              "isHook": false,
              "skipped": false
            }
          ],
          "suites": [],
          "passes": [],
          "failures": [
            "20936254-04d9-4bff-88ed-515062cde83c",
            "d05de6be-c42c-42d2-820a-4995df23b5fb",
            "4aca39d9-e85f-49ed-9fb2-e7888c4e4609",
            "77f9b64f-237d-40b0-8cb5-f8c848a75c5e",
            "221f5e2a-b457-40c9-9bed-f87e8213dad2",
            "34499105-a8d4-428f-b9b4-5bf0292f1415",
            "f55bc84d-3d53-4d66-b135-9c774d9c229f",
            "d08f6203-733d-4cc5-8995-d48d2dd32278",
            "0c0f659b-29a8-4333-8788-9f75bd6dfe17"
          ],
          "pending": [],
          "skipped": [],
          "duration": 39499,
          "root": false,
          "rootEmpty": false,
          "_timeout": 2000
        },
        {
          "uuid": "cac12f4e-6459-4a30-86e2-c72fe8fe2378",
          "title": "11 - Limite o tamanho mínimo e máximo do board.",
          "fullFile": "",
          "file": "",
          "beforeHooks": [],
          "afterHooks": [],
          "tests": [
            {
              "title": "Verifica se a altura máxima do board é 50",
              "fullTitle": "11 - Limite o tamanho mínimo e máximo do board. Verifica se a altura máxima do board é 50",
              "timedOut": null,
              "duration": 4379,
              "state": "failed",
              "speed": null,
              "pass": false,
              "fail": true,
              "pending": false,
              "context": null,
              "code": "cy.get('#board-size').clear().type(50);\ncy.get('#generate-board').click();\ncy.get('.pixel').should('have.length', 2500);",
              "err": {
                "message": "CypressError: Timed out retrying: Expected to find element: '#board-size', but never found it.",
                "estack": "CypressError: Timed out retrying: Expected to find element: '#board-size', but never found it.\n    at cypressErr (http://localhost:34385/__cypress/runner/cypress_runner.js:149934:9)\n    at throwErr (http://localhost:34385/__cypress/runner/cypress_runner.js:149867:11)\n    at Object.throwErrByPath (http://localhost:34385/__cypress/runner/cypress_runner.js:149915:3)\n    at retry (http://localhost:34385/__cypress/runner/cypress_runner.js:144197:19)\n    at onFailFn (http://localhost:34385/__cypress/runner/cypress_runner.js:132448:16)\n    at tryCatcher (http://localhost:34385/__cypress/runner/cypress_runner.js:167415:23)\n    at Promise._settlePromiseFromHandler (http://localhost:34385/__cypress/runner/cypress_runner.js:165351:31)\n    at Promise._settlePromise (http://localhost:34385/__cypress/runner/cypress_runner.js:165408:18)\n    at Promise._settlePromise0 (http://localhost:34385/__cypress/runner/cypress_runner.js:165453:10)\n    at Promise._settlePromises (http://localhost:34385/__cypress/runner/cypress_runner.js:165528:18)\n    at Async../node_modules/bluebird/js/release/async.js.Async._drainQueue (http://localhost:34385/__cypress/runner/cypress_runner.js:162140:16)\n    at Async../node_modules/bluebird/js/release/async.js.Async._drainQueues (http://localhost:34385/__cypress/runner/cypress_runner.js:162150:10)\n    at Async.drainQueues (http://localhost:34385/__cypress/runner/cypress_runner.js:162024:14)",
                "diff": null
              },
              "uuid": "1f726e9e-960b-4879-b10f-a48b1e7650dc",
              "parentUUID": "cac12f4e-6459-4a30-86e2-c72fe8fe2378",
              "isHook": false,
              "skipped": false
            },
            {
              "title": "Verifica se a altura do board é 5 quando um valor menor é colocado no input",
              "fullTitle": "11 - Limite o tamanho mínimo e máximo do board. Verifica se a altura do board é 5 quando um valor menor é colocado no input",
              "timedOut": null,
              "duration": 4421,
              "state": "failed",
              "speed": null,
              "pass": false,
              "fail": true,
              "pending": false,
              "context": null,
              "code": "cy.get('#board-size').clear().type(4);\ncy.get('#generate-board').click();\ncy.get('.pixel').should('have.length', 25);",
              "err": {
                "message": "CypressError: Timed out retrying: Expected to find element: '#board-size', but never found it.",
                "estack": "CypressError: Timed out retrying: Expected to find element: '#board-size', but never found it.\n    at cypressErr (http://localhost:34385/__cypress/runner/cypress_runner.js:149934:9)\n    at throwErr (http://localhost:34385/__cypress/runner/cypress_runner.js:149867:11)\n    at Object.throwErrByPath (http://localhost:34385/__cypress/runner/cypress_runner.js:149915:3)\n    at retry (http://localhost:34385/__cypress/runner/cypress_runner.js:144197:19)\n    at onFailFn (http://localhost:34385/__cypress/runner/cypress_runner.js:132448:16)\n    at tryCatcher (http://localhost:34385/__cypress/runner/cypress_runner.js:167415:23)\n    at Promise._settlePromiseFromHandler (http://localhost:34385/__cypress/runner/cypress_runner.js:165351:31)\n    at Promise._settlePromise (http://localhost:34385/__cypress/runner/cypress_runner.js:165408:18)\n    at Promise._settlePromise0 (http://localhost:34385/__cypress/runner/cypress_runner.js:165453:10)\n    at Promise._settlePromises (http://localhost:34385/__cypress/runner/cypress_runner.js:165528:18)\n    at Async../node_modules/bluebird/js/release/async.js.Async._drainQueue (http://localhost:34385/__cypress/runner/cypress_runner.js:162140:16)\n    at Async../node_modules/bluebird/js/release/async.js.Async._drainQueues (http://localhost:34385/__cypress/runner/cypress_runner.js:162150:10)\n    at Async.drainQueues (http://localhost:34385/__cypress/runner/cypress_runner.js:162024:14)",
                "diff": null
              },
              "uuid": "a682e4db-383a-4c3b-975c-345e27a02229",
              "parentUUID": "cac12f4e-6459-4a30-86e2-c72fe8fe2378",
              "isHook": false,
              "skipped": false
            },
            {
              "title": "Verifica se a altura do board é 50 quando um valor maior é colocado no input",
              "fullTitle": "11 - Limite o tamanho mínimo e máximo do board. Verifica se a altura do board é 50 quando um valor maior é colocado no input",
              "timedOut": null,
              "duration": 4313,
              "state": "failed",
              "speed": null,
              "pass": false,
              "fail": true,
              "pending": false,
              "context": null,
              "code": "cy.get('#board-size').clear().type(51);\ncy.get('#generate-board').click();\ncy.get('.pixel').should('have.length', 2500);",
              "err": {
                "message": "CypressError: Timed out retrying: Expected to find element: '#board-size', but never found it.",
                "estack": "CypressError: Timed out retrying: Expected to find element: '#board-size', but never found it.\n    at cypressErr (http://localhost:34385/__cypress/runner/cypress_runner.js:149934:9)\n    at throwErr (http://localhost:34385/__cypress/runner/cypress_runner.js:149867:11)\n    at Object.throwErrByPath (http://localhost:34385/__cypress/runner/cypress_runner.js:149915:3)\n    at retry (http://localhost:34385/__cypress/runner/cypress_runner.js:144197:19)\n    at onFailFn (http://localhost:34385/__cypress/runner/cypress_runner.js:132448:16)\n    at tryCatcher (http://localhost:34385/__cypress/runner/cypress_runner.js:167415:23)\n    at Promise._settlePromiseFromHandler (http://localhost:34385/__cypress/runner/cypress_runner.js:165351:31)\n    at Promise._settlePromise (http://localhost:34385/__cypress/runner/cypress_runner.js:165408:18)\n    at Promise._settlePromise0 (http://localhost:34385/__cypress/runner/cypress_runner.js:165453:10)\n    at Promise._settlePromises (http://localhost:34385/__cypress/runner/cypress_runner.js:165528:18)\n    at Async../node_modules/bluebird/js/release/async.js.Async._drainQueue (http://localhost:34385/__cypress/runner/cypress_runner.js:162140:16)\n    at Async../node_modules/bluebird/js/release/async.js.Async._drainQueues (http://localhost:34385/__cypress/runner/cypress_runner.js:162150:10)\n    at Async.drainQueues (http://localhost:34385/__cypress/runner/cypress_runner.js:162024:14)",
                "diff": null
              },
              "uuid": "f4d268d5-664d-4d2b-bed8-7a122d44eaf3",
              "parentUUID": "cac12f4e-6459-4a30-86e2-c72fe8fe2378",
              "isHook": false,
              "skipped": false
            }
          ],
          "suites": [],
          "passes": [],
          "failures": [
            "1f726e9e-960b-4879-b10f-a48b1e7650dc",
            "a682e4db-383a-4c3b-975c-345e27a02229",
            "f4d268d5-664d-4d2b-bed8-7a122d44eaf3"
          ],
          "pending": [],
          "skipped": [],
          "duration": 13113,
          "root": false,
          "rootEmpty": false,
          "_timeout": 2000
        },
        {
          "uuid": "9f8dabee-ab38-4a8c-8a9d-5219d5b2223d",
          "title": "12 - Faça com que as cores da paleta sejam geradas aleatoriamente ao carregar a página.",
          "fullFile": "",
          "file": "",
          "beforeHooks": [],
          "afterHooks": [],
          "tests": [
            {
              "title": "Verifica se as cores geradas na paleta são diferentes a cada carregamento da página",
              "fullTitle": "12 - Faça com que as cores da paleta sejam geradas aleatoriamente ao carregar a página. Verifica se as cores geradas na paleta são diferentes a cada carregamento da página",
              "timedOut": null,
              "duration": 475,
              "state": "failed",
              "speed": null,
              "pass": false,
              "fail": true,
              "pending": false,
              "context": null,
              "code": "cy.get('.color').then(function (colors) {\n  var currentColors;\n  var previousColors;\n  previousColors = Array.from(colors).map(function (color) {\n    return Cypress.$(color).css('background-color');\n  });\n  for (var i = 0; i < 5; i += 1) {\n    cy.reload();\n    cy.get('.color').then(function (colors) {\n      currentColors = Array.from(colors).map(function (color) {\n        return Cypress.$(color).css('background-color');\n      });\n      expect(currentColors).not.to.deep.equal(previousColors);\n      previousColors = currentColors;\n    });\n  }\n});",
              "err": {
                "message": "AssertionError: expected [ Array(4) ] to not deeply equal [ Array(4) ]",
                "estack": "AssertionError: expected [ Array(4) ] to not deeply equal [ Array(4) ]\n    at getRet (http://localhost:34385/__cypress/runner/cypress_runner.js:136585:16)\n    at tryCatcher (http://localhost:34385/__cypress/runner/cypress_runner.js:167415:23)\n    at Function.Promise.attempt.Promise.try (http://localhost:34385/__cypress/runner/cypress_runner.js:164690:29)\n    at Context.thenFn (http://localhost:34385/__cypress/runner/cypress_runner.js:136599:23)\n    at Context.then (http://localhost:34385/__cypress/runner/cypress_runner.js:136971:21)\n    at Context.<anonymous> (http://localhost:34385/__cypress/runner/cypress_runner.js:148875:21)\n    at http://localhost:34385/__cypress/runner/cypress_runner.js:148351:33\n    at tryCatcher (http://localhost:34385/__cypress/runner/cypress_runner.js:167415:23)\n    at Promise._settlePromiseFromHandler (http://localhost:34385/__cypress/runner/cypress_runner.js:165351:31)\n    at Promise._settlePromise (http://localhost:34385/__cypress/runner/cypress_runner.js:165408:18)\n    at Promise._settlePromiseCtx (http://localhost:34385/__cypress/runner/cypress_runner.js:165445:10)\n    at Async../node_modules/bluebird/js/release/async.js.Async._drainQueue (http://localhost:34385/__cypress/runner/cypress_runner.js:162145:12)\n    at Async../node_modules/bluebird/js/release/async.js.Async._drainQueues (http://localhost:34385/__cypress/runner/cypress_runner.js:162150:10)\n    at Async.drainQueues (http://localhost:34385/__cypress/runner/cypress_runner.js:162024:14)",
                "diff": ""
              },
              "uuid": "a075fb4e-1482-4eb6-ad3a-2af2fc4b675f",
              "parentUUID": "9f8dabee-ab38-4a8c-8a9d-5219d5b2223d",
              "isHook": false,
              "skipped": false
            },
            {
              "title": "Verifica se a cor preta ainda está presente e é a primeira na sua paleta de cores",
              "fullTitle": "12 - Faça com que as cores da paleta sejam geradas aleatoriamente ao carregar a página. Verifica se a cor preta ainda está presente e é a primeira na sua paleta de cores",
              "timedOut": null,
              "duration": 383,
              "state": "failed",
              "speed": null,
              "pass": false,
              "fail": true,
              "pending": false,
              "context": null,
              "code": "cy.get('.color').then(function (colors) {\n  var currentColors;\n  var previousColors;\n  previousColors = Array.from(colors).map(function (color) {\n    return Cypress.$(color).css('background-color');\n  });\n  expect(previousColors[0]).to.eq(BLACK);\n  for (var i = 0; i < 5; i += 1) {\n    cy.reload();\n    cy.get('.color').then(function (colors) {\n      currentColors = Array.from(colors).map(function (color) {\n        return Cypress.$(color).css('background-color');\n      });\n      expect(currentColors[0]).to.eq(BLACK);\n      expect(currentColors).not.to.deep.equal(previousColors);\n      previousColors = currentColors;\n    });\n  }\n});",
              "err": {
                "message": "AssertionError: expected [ Array(4) ] to not deeply equal [ Array(4) ]",
                "estack": "AssertionError: expected [ Array(4) ] to not deeply equal [ Array(4) ]\n    at getRet (http://localhost:34385/__cypress/runner/cypress_runner.js:136585:16)\n    at tryCatcher (http://localhost:34385/__cypress/runner/cypress_runner.js:167415:23)\n    at Function.Promise.attempt.Promise.try (http://localhost:34385/__cypress/runner/cypress_runner.js:164690:29)\n    at Context.thenFn (http://localhost:34385/__cypress/runner/cypress_runner.js:136599:23)\n    at Context.then (http://localhost:34385/__cypress/runner/cypress_runner.js:136971:21)\n    at Context.<anonymous> (http://localhost:34385/__cypress/runner/cypress_runner.js:148875:21)\n    at http://localhost:34385/__cypress/runner/cypress_runner.js:148351:33\n    at tryCatcher (http://localhost:34385/__cypress/runner/cypress_runner.js:167415:23)\n    at Promise._settlePromiseFromHandler (http://localhost:34385/__cypress/runner/cypress_runner.js:165351:31)\n    at Promise._settlePromise (http://localhost:34385/__cypress/runner/cypress_runner.js:165408:18)\n    at Promise._settlePromiseCtx (http://localhost:34385/__cypress/runner/cypress_runner.js:165445:10)\n    at Async../node_modules/bluebird/js/release/async.js.Async._drainQueue (http://localhost:34385/__cypress/runner/cypress_runner.js:162145:12)\n    at Async../node_modules/bluebird/js/release/async.js.Async._drainQueues (http://localhost:34385/__cypress/runner/cypress_runner.js:162150:10)\n    at Async.drainQueues (http://localhost:34385/__cypress/runner/cypress_runner.js:162024:14)",
                "diff": ""
              },
              "uuid": "86a8cafe-8c54-40aa-b41e-d40a33b79f59",
              "parentUUID": "9f8dabee-ab38-4a8c-8a9d-5219d5b2223d",
              "isHook": false,
              "skipped": false
            }
          ],
          "suites": [],
          "passes": [],
          "failures": [
            "a075fb4e-1482-4eb6-ad3a-2af2fc4b675f",
            "86a8cafe-8c54-40aa-b41e-d40a33b79f59"
          ],
          "pending": [],
          "skipped": [],
          "duration": 858,
          "root": false,
          "rootEmpty": false,
          "_timeout": 2000
        }
      ],
      "passes": [],
      "failures": [],
      "pending": [],
      "skipped": [],
      "duration": 0,
      "root": true,
      "rootEmpty": true,
      "_timeout": 2000
    }
  ],
  "meta": {
    "mocha": {
      "version": "7.0.1"
    },
    "mochawesome": {
      "options": {
        "quiet": false,
        "reportFilename": "mochawesome",
        "saveHtml": false,
        "saveJson": true,
        "consoleReporter": "spec",
        "useInlineDiffs": false
      },
      "version": "4.1.0"
    },
    "marge": {
      "options": {
        "id": "default",
        "reportDir": "cypress/reports",
        "overwrite": true,
        "html": false,
        "json": true
      },
      "version": "4.1.0"
    }
  }
}